WARNING: --no-job-check: pipeline job enforcement disabled (CI/testing only).
Warning: atoms_model missing in spec; derived from config (legacy_personas) -> legacy
Template routing: overthinking×gen_z_professionals×standard_book → spine_only (no template overlay)
Book planning layer: no pre-authored plan for overthinking x gen_z_professionals x standard_book (No deterministic BookStructurePlan for topic='overthinking', persona='gen_z_professionals', runtime='standard_book'. Expected one of: /Users/ahjan/phoenix_worktrees/zhtw-first-book-20260723/config/plans/overthinking_gen_z_professionals_standard_book.yaml, /Users/ahjan/phoenix_worktrees/zhtw-first-book-20260723/config/plans/overthinking_gen_z_professionals_deep_book_6h.yaml, /Users/ahjan/phoenix_worktrees/zhtw-first-book-20260723/config/plans/overthinking_gen_z_professionals_6h.yaml); generating auto-plan.
Skipping malformed content bank /Users/ahjan/phoenix_worktrees/zhtw-first-book-20260723/config/content_banks/anxiety_corporate_managers_scene_recognition_bank.yaml: /Users/ahjan/phoenix_worktrees/zhtw-first-book-20260723/config/content_banks/anxiety_corporate_managers_scene_recognition_bank.yaml: variant 'acmr_001' missing keys ['band', 'ei_v2_targets', 'forbidden_terms', 'frame_allowlist', 'frame_blocklist', 'intensity', 'mechanism_depth', 'ontgp_move', 'persona_allowlist', 'runtime_allowlist', 'signature_phrases', 'slot_type', 'topic_allowlist', 'topic_blocklist']
Skipping malformed content bank /Users/ahjan/phoenix_worktrees/zhtw-first-book-20260723/config/content_banks/anxiety_healthcare_rns_scene_recognition_bank.yaml: /Users/ahjan/phoenix_worktrees/zhtw-first-book-20260723/config/content_banks/anxiety_healthcare_rns_scene_recognition_bank.yaml: variant 'ahrn_001' missing keys ['band', 'ei_v2_targets', 'forbidden_terms', 'frame_allowlist', 'frame_blocklist', 'intensity', 'mechanism_depth', 'ontgp_move', 'persona_allowlist', 'runtime_allowlist', 'signature_phrases', 'slot_type', 'topic_allowlist', 'topic_blocklist']
Skipping malformed content bank /Users/ahjan/phoenix_worktrees/zhtw-first-book-20260723/config/content_banks/burnout_genz_scene_recognition_bank.yaml: /Users/ahjan/phoenix_worktrees/zhtw-first-book-20260723/config/content_banks/burnout_genz_scene_recognition_bank.yaml: variant 'bsgr_001' missing keys ['band', 'ei_v2_targets', 'forbidden_terms', 'frame_allowlist', 'frame_blocklist', 'intensity', 'mechanism_depth', 'ontgp_move', 'persona_allowlist', 'runtime_allowlist', 'signature_phrases', 'slot_type', 'topic_allowlist', 'topic_blocklist']
Skipping malformed content bank /Users/ahjan/phoenix_worktrees/zhtw-first-book-20260723/config/content_banks/overthinking_genz_scene_recognition_bank.yaml: /Users/ahjan/phoenix_worktrees/zhtw-first-book-20260723/config/content_banks/overthinking_genz_scene_recognition_bank.yaml: variant 'otgr_001' missing keys ['band', 'ei_v2_targets', 'forbidden_terms', 'frame_allowlist', 'frame_blocklist', 'intensity', 'mechanism_depth', 'ontgp_move', 'persona_allowlist', 'runtime_allowlist', 'signature_phrases', 'slot_type', 'topic_allowlist', 'topic_blocklist']
Skipping malformed content bank /Users/ahjan/phoenix_worktrees/zhtw-first-book-20260723/config/content_banks/shame_genz_scene_recognition_bank.yaml: /Users/ahjan/phoenix_worktrees/zhtw-first-book-20260723/config/content_banks/shame_genz_scene_recognition_bank.yaml: variant 'ssgr_001' missing keys ['band', 'ei_v2_targets', 'forbidden_terms', 'frame_allowlist', 'frame_blocklist', 'intensity', 'mechanism_depth', 'ontgp_move', 'persona_allowlist', 'runtime_allowlist', 'signature_phrases', 'slot_type', 'topic_allowlist', 'topic_blocklist']
[enrichment_per_section] no ARC blocks parsed from /Users/ahjan/phoenix_worktrees/zhtw-first-book-20260723/atoms/gen_z_professionals/overthinking/HOOK/CANONICAL.txt; falling back to legacy prose-chunk path (degraded). Consider authoring story_atoms/ or restructuring this file with ## ARC_POSITION vNN headers.
[enrichment_per_section] no ARC blocks parsed from /Users/ahjan/phoenix_worktrees/zhtw-first-book-20260723/atoms/gen_z_professionals/overthinking/STORY/CANONICAL.txt; falling back to legacy prose-chunk path (degraded). Consider authoring story_atoms/ or restructuring this file with ## ARC_POSITION vNN headers.
[enrichment_per_section] no ARC blocks parsed from /Users/ahjan/phoenix_worktrees/zhtw-first-book-20260723/atoms/gen_z_professionals/overthinking/SCENE/CANONICAL.txt; falling back to legacy prose-chunk path (degraded). Consider authoring story_atoms/ or restructuring this file with ## ARC_POSITION vNN headers.
[enrichment_per_section] no ARC blocks parsed from /Users/ahjan/phoenix_worktrees/zhtw-first-book-20260723/atoms/gen_z_professionals/overthinking/HOOK/CANONICAL.txt; falling back to legacy prose-chunk path (degraded). Consider authoring story_atoms/ or restructuring this file with ## ARC_POSITION vNN headers.
[enrichment_per_section] no ARC blocks parsed from /Users/ahjan/phoenix_worktrees/zhtw-first-book-20260723/atoms/gen_z_professionals/overthinking/HOOK/CANONICAL.txt; falling back to legacy prose-chunk path (degraded). Consider authoring story_atoms/ or restructuring this file with ## ARC_POSITION vNN headers.
EXERCISE: chapter 7 (topic overthinking, persona gen_z_professionals) drew from the shared practice_library (repeat-avoided across the book) — no per-cell registry/teacher EXERCISE atom for this slot. Fine for draft; production gate EXERCISE-BANK-RESOLUTION-01 wants per-cell coverage. (This is the 311-exercise practice_library, NOT a thin 'library_34' fallback.)
EXERCISE: chapter 6 (topic overthinking, persona gen_z_professionals) drew from the shared practice_library (repeat-avoided across the book) — no per-cell registry/teacher EXERCISE atom for this slot. Fine for draft; production gate EXERCISE-BANK-RESOLUTION-01 wants per-cell coverage. (This is the 311-exercise practice_library, NOT a thin 'library_34' fallback.)
[enrichment_per_section] no ARC blocks parsed from /Users/ahjan/phoenix_worktrees/zhtw-first-book-20260723/atoms/gen_z_professionals/overthinking/HOOK/CANONICAL.txt; falling back to legacy prose-chunk path (degraded). Consider authoring story_atoms/ or restructuring this file with ## ARC_POSITION vNN headers.
[enrichment_per_section] no ARC blocks parsed from /Users/ahjan/phoenix_worktrees/zhtw-first-book-20260723/atoms/gen_z_professionals/overthinking/SCENE/CANONICAL.txt; falling back to legacy prose-chunk path (degraded). Consider authoring story_atoms/ or restructuring this file with ## ARC_POSITION vNN headers.
[enrichment_per_section] no ARC blocks parsed from /Users/ahjan/phoenix_worktrees/zhtw-first-book-20260723/atoms/gen_z_professionals/overthinking/STORY/CANONICAL.txt; falling back to legacy prose-chunk path (degraded). Consider authoring story_atoms/ or restructuring this file with ## ARC_POSITION vNN headers.
[enrichment_per_section] no ARC blocks parsed from /Users/ahjan/phoenix_worktrees/zhtw-first-book-20260723/atoms/gen_z_professionals/overthinking/HOOK/CANONICAL.txt; falling back to legacy prose-chunk path (degraded). Consider authoring story_atoms/ or restructuring this file with ## ARC_POSITION vNN headers.
[enrichment_per_section] no ARC blocks parsed from /Users/ahjan/phoenix_worktrees/zhtw-first-book-20260723/atoms/gen_z_professionals/overthinking/SCENE/CANONICAL.txt; falling back to legacy prose-chunk path (degraded). Consider authoring story_atoms/ or restructuring this file with ## ARC_POSITION vNN headers.
EXERCISE: chapter 0 (topic overthinking, persona gen_z_professionals) drew from the shared practice_library (repeat-avoided across the book) — no per-cell registry/teacher EXERCISE atom for this slot. Fine for draft; production gate EXERCISE-BANK-RESOLUTION-01 wants per-cell coverage. (This is the 311-exercise practice_library, NOT a thin 'library_34' fallback.)
Exercise contract violation: chapter 9 has 6 EXERCISE slots but planner allows 2 — renderer will not silently drop.
Exercise contract violation: chapter 10 has 5 EXERCISE slots but planner allows 1 — renderer will not silently drop.
Exercise contract violation: chapter 11 has 5 EXERCISE slots but planner allows 1 — renderer will not silently drop.
Chapter contract: chapter 12: emotional_job 'resolution' matches previous chapter — escalation contract may be weak
EXERCISE: chapter 11 (topic overthinking, persona gen_z_professionals) drew from the shared practice_library (repeat-avoided across the book) — no per-cell registry/teacher EXERCISE atom for this slot. Fine for draft; production gate EXERCISE-BANK-RESOLUTION-01 wants per-cell coverage. (This is the 311-exercise practice_library, NOT a thin 'library_34' fallback.)
Chapter flow gate: PASS (0/12 failed). Report: /tmp/zhtw_en_test/chapter_flow_report.json
Register gate: FAIL (F2=0, F6=0, F12=0). Report: /tmp/zhtw_en_test/register_gate_report.json
Bestseller craft gate (advisory): PASS — overall ONTGP score 0.65
EI V2: PASS — composite 0.69. Report: /tmp/zhtw_en_test/ei_v2_report.json
Editorial report: WARN — thesis drift 0 chapters, ONTGP 0.65, flow 1.00. Report: /tmp/zhtw_en_test/editorial_report.json
Memorable lines: 4 chapters with >=2 quotable lines / 12. Report: /tmp/zhtw_en_test/memorable_line_report.json
Transformation arc: PASS. Report: /tmp/zhtw_en_test/transformation_heatmap.json
Book pass gate: PASS. Report: /tmp/zhtw_en_test/book_pass_report.json
Pearl Prime book quality gate: Hold (fail=0 hold=1) — /tmp/zhtw_en_test/book_quality_report.json
BLOCKED: 1 quality gate(s) failed in production mode: register_gate. Use --skip-quality-gates or --quality-profile=draft to bypass.
Rendered book (spine mode): /tmp/zhtw_en_test/book.txt
Book outline: /tmp/zhtw_en_test/book_outline.md
Human atom trace: /tmp/zhtw_en_test/human_atom_trace.txt
Book acceptance stamp: /tmp/zhtw_en_test/book_acceptance_stamp.json -> path_works
Quality summary: /tmp/zhtw_en_test/quality_summary.json
