[1/468] image_bank/stillness_press/anxiety/environment_atmosphere_minimalist_line_art_s01.png
[2/468] image_bank/stillness_press/anxiety/environment_atmosphere_minimalist_line_art_s01_landscape.png
[3/468] image_bank/stillness_press/anxiety/environment_atmosphere_watercolor_wash_s02.png
[4/468] image_bank/stillness_press/anxiety/environment_atmosphere_watercolor_wash_s02_landscape.png
[5/468] image_bank/stillness_press/anxiety/environment_atmosphere_lofi_chill_s03.png
[6/468] image_bank/stillness_press/anxiety/environment_atmosphere_lofi_chill_s03_landscape.png
[7/468] image_bank/stillness_press/anxiety/environment_atmosphere_collage_s04.png
[8/468] image_bank/stillness_press/anxiety/environment_atmosphere_collage_s04_landscape.png
[9/468] image_bank/stillness_press/anxiety/environment_atmosphere_sketchy_rough_s05.png
[10/468] image_bank/stillness_press/anxiety/environment_atmosphere_sketchy_rough_s05_landscape.png
[11/468] image_bank/stillness_press/anxiety/environment_atmosphere_geometric_abstract_s06.png
[12/468] image_bank/stillness_press/anxiety/environment_atmosphere_geometric_abstract_s06_landscape.png
[13/468] image_bank/stillness_press/anxiety/symbolic_metaphor_soft_ghibli_s00.png
[14/468] image_bank/stillness_press/anxiety/symbolic_metaphor_soft_ghibli_s00_landscape.png
[15/468] image_bank/stillness_press/anxiety/symbolic_metaphor_minimalist_line_art_s01.png
[16/468] image_bank/stillness_press/anxiety/symbolic_metaphor_minimalist_line_art_s01_landscape.png
[17/468] image_bank/stillness_press/anxiety/symbolic_metaphor_watercolor_wash_s02.png
[18/468] image_bank/stillness_press/anxiety/symbolic_metaphor_watercolor_wash_s02_landscape.png
[19/468] image_bank/stillness_press/anxiety/symbolic_metaphor_lofi_chill_s03.png
[20/468] image_bank/stillness_press/anxiety/symbolic_metaphor_lofi_chill_s03_landscape.png
[21/468] image_bank/stillness_press/anxiety/symbolic_metaphor_collage_s04.png
[22/468] image_bank/stillness_press/anxiety/symbolic_metaphor_collage_s04_landscape.png
[23/468] image_bank/stillness_press/anxiety/symbolic_metaphor_sketchy_rough_s05.png
[24/468] image_bank/stillness_press/anxiety/symbolic_metaphor_sketchy_rough_s05_landscape.png
[25/468] image_bank/stillness_press/anxiety/symbolic_metaphor_geometric_abstract_s06.png
[26/468] image_bank/stillness_press/anxiety/symbolic_metaphor_geometric_abstract_s06_landscape.png
[27/468] image_bank/stillness_press/anxiety/hook_visual_soft_ghibli_s00.png
[28/468] image_bank/stillness_press/anxiety/hook_visual_soft_ghibli_s00_landscape.png
[29/468] image_bank/stillness_press/anxiety/hook_visual_minimalist_line_art_s01.png
[30/468] image_bank/stillness_press/anxiety/hook_visual_minimalist_line_art_s01_landscape.png
[31/468] image_bank/stillness_press/anxiety/hook_visual_watercolor_wash_s02.png
[32/468] image_bank/stillness_press/anxiety/hook_visual_watercolor_wash_s02_landscape.png
[33/468] image_bank/stillness_press/anxiety/hook_visual_lofi_chill_s03.png
[34/468] image_bank/stillness_press/anxiety/hook_visual_lofi_chill_s03_landscape.png
[35/468] image_bank/stillness_press/anxiety/hook_visual_collage_s04.png
[36/468] image_bank/stillness_press/anxiety/hook_visual_collage_s04_landscape.png
[37/468] image_bank/stillness_press/anxiety/hook_visual_sketchy_rough_s05.png
[38/468] image_bank/stillness_press/anxiety/hook_visual_sketchy_rough_s05_landscape.png
[39/468] image_bank/stillness_press/anxiety/hook_visual_geometric_abstract_s06.png
[40/468] image_bank/stillness_press/anxiety/hook_visual_geometric_abstract_s06_landscape.png
[41/468] image_bank/stillness_press/anxiety/character_emotion_soft_ghibli_s00.png
[42/468] image_bank/stillness_press/anxiety/character_emotion_soft_ghibli_s00_landscape.png
[43/468] image_bank/stillness_press/anxiety/character_emotion_minimalist_line_art_s01.png
[44/468] image_bank/stillness_press/anxiety/character_emotion_minimalist_line_art_s01_landscape.png
[45/468] image_bank/stillness_press/anxiety/character_emotion_watercolor_wash_s02.png
[46/468] image_bank/stillness_press/anxiety/character_emotion_watercolor_wash_s02_landscape.png
[47/468] image_bank/stillness_press/anxiety/character_emotion_lofi_chill_s03.png
[48/468] image_bank/stillness_press/anxiety/character_emotion_lofi_chill_s03_landscape.png
[49/468] image_bank/stillness_press/anxiety/character_emotion_collage_s04.png
[50/468] image_bank/stillness_press/anxiety/character_emotion_collage_s04_landscape.png
[51/468] image_bank/stillness_press/anxiety/character_emotion_sketchy_rough_s05.png
[52/468] image_bank/stillness_press/anxiety/character_emotion_sketchy_rough_s05_landscape.png
[53/468] image_bank/stillness_press/anxiety/character_emotion_geometric_abstract_s06.png
[54/468] image_bank/stillness_press/anxiety/character_emotion_geometric_abstract_s06_landscape.png
[55/468] image_bank/stillness_press/boundaries/environment_atmosphere_soft_ghibli_s00.png
[56/468] image_bank/stillness_press/boundaries/environment_atmosphere_soft_ghibli_s00_landscape.png
[57/468] image_bank/stillness_press/boundaries/environment_atmosphere_minimalist_line_art_s01.png
[58/468] image_bank/stillness_press/boundaries/environment_atmosphere_minimalist_line_art_s01_landscape.png
[59/468] image_bank/stillness_press/boundaries/environment_atmosphere_watercolor_wash_s02.png
[60/468] image_bank/stillness_press/boundaries/environment_atmosphere_watercolor_wash_s02_landscape.png
[61/468] image_bank/stillness_press/boundaries/environment_atmosphere_lofi_chill_s03.png
[62/468] image_bank/stillness_press/boundaries/environment_atmosphere_lofi_chill_s03_landscape.png
[63/468] image_bank/stillness_press/boundaries/environment_atmosphere_collage_s04.png
[64/468] image_bank/stillness_press/boundaries/environment_atmosphere_collage_s04_landscape.png
[65/468] image_bank/stillness_press/boundaries/environment_atmosphere_sketchy_rough_s05.png
[66/468] image_bank/stillness_press/boundaries/environment_atmosphere_sketchy_rough_s05_landscape.png
[67/468] image_bank/stillness_press/boundaries/environment_atmosphere_geometric_abstract_s06.png
[68/468] image_bank/stillness_press/boundaries/environment_atmosphere_geometric_abstract_s06_landscape.png
[69/468] image_bank/stillness_press/boundaries/symbolic_metaphor_soft_ghibli_s00.png
[70/468] image_bank/stillness_press/boundaries/symbolic_metaphor_soft_ghibli_s00_landscape.png
[71/468] image_bank/stillness_press/boundaries/symbolic_metaphor_minimalist_line_art_s01.png
[72/468] image_bank/stillness_press/boundaries/symbolic_metaphor_minimalist_line_art_s01_landscape.png
[73/468] image_bank/stillness_press/boundaries/symbolic_metaphor_watercolor_wash_s02.png
[74/468] image_bank/stillness_press/boundaries/symbolic_metaphor_watercolor_wash_s02_landscape.png
[75/468] image_bank/stillness_press/boundaries/symbolic_metaphor_lofi_chill_s03.png
[76/468] image_bank/stillness_press/boundaries/symbolic_metaphor_lofi_chill_s03_landscape.png
[77/468] image_bank/stillness_press/boundaries/symbolic_metaphor_collage_s04.png
[78/468] image_bank/stillness_press/boundaries/symbolic_metaphor_collage_s04_landscape.png
[79/468] image_bank/stillness_press/boundaries/symbolic_metaphor_sketchy_rough_s05.png
[80/468] image_bank/stillness_press/boundaries/symbolic_metaphor_sketchy_rough_s05_landscape.png
[81/468] image_bank/stillness_press/boundaries/symbolic_metaphor_geometric_abstract_s06.png
[82/468] image_bank/stillness_press/boundaries/symbolic_metaphor_geometric_abstract_s06_landscape.png
[83/468] image_bank/stillness_press/boundaries/hook_visual_soft_ghibli_s00.png
[84/468] image_bank/stillness_press/boundaries/hook_visual_soft_ghibli_s00_landscape.png
[85/468] image_bank/stillness_press/boundaries/hook_visual_minimalist_line_art_s01.png
[86/468] image_bank/stillness_press/boundaries/hook_visual_minimalist_line_art_s01_landscape.png
[87/468] image_bank/stillness_press/boundaries/hook_visual_watercolor_wash_s02.png
[88/468] image_bank/stillness_press/boundaries/hook_visual_watercolor_wash_s02_landscape.png
[89/468] image_bank/stillness_press/boundaries/hook_visual_lofi_chill_s03.png
[90/468] image_bank/stillness_press/boundaries/hook_visual_lofi_chill_s03_landscape.png
[91/468] image_bank/stillness_press/boundaries/hook_visual_collage_s04.png
[92/468] image_bank/stillness_press/boundaries/hook_visual_collage_s04_landscape.png
[93/468] image_bank/stillness_press/boundaries/hook_visual_sketchy_rough_s05.png
[94/468] image_bank/stillness_press/boundaries/hook_visual_sketchy_rough_s05_landscape.png
[95/468] image_bank/stillness_press/boundaries/hook_visual_geometric_abstract_s06.png
[96/468] image_bank/stillness_press/boundaries/hook_visual_geometric_abstract_s06_landscape.png
[97/468] image_bank/stillness_press/boundaries/character_emotion_soft_ghibli_s00.png
[98/468] image_bank/stillness_press/boundaries/character_emotion_soft_ghibli_s00_landscape.png
[99/468] image_bank/stillness_press/boundaries/character_emotion_minimalist_line_art_s01.png
[100/468] image_bank/stillness_press/boundaries/character_emotion_minimalist_line_art_s01_landscape.png
[101/468] image_bank/stillness_press/boundaries/character_emotion_watercolor_wash_s02.png
[102/468] image_bank/stillness_press/boundaries/character_emotion_watercolor_wash_s02_landscape.png
[103/468] image_bank/stillness_press/boundaries/character_emotion_lofi_chill_s03.png
[104/468] image_bank/stillness_press/boundaries/character_emotion_lofi_chill_s03_landscape.png
[105/468] image_bank/stillness_press/boundaries/character_emotion_collage_s04.png
[106/468] image_bank/stillness_press/boundaries/character_emotion_collage_s04_landscape.png
[107/468] image_bank/stillness_press/boundaries/character_emotion_sketchy_rough_s05.png
[108/468] image_bank/stillness_press/boundaries/character_emotion_sketchy_rough_s05_landscape.png
[109/468] image_bank/stillness_press/boundaries/character_emotion_geometric_abstract_s06.png
[110/468] image_bank/stillness_press/boundaries/character_emotion_geometric_abstract_s06_landscape.png
[111/468] image_bank/stillness_press/burnout/hook_visual_soft_ghibli_s00.png
[112/468] image_bank/stillness_press/burnout/hook_visual_soft_ghibli_s00_landscape.png
[113/468] image_bank/stillness_press/burnout/hook_visual_minimalist_line_art_s01.png
[114/468] image_bank/stillness_press/burnout/hook_visual_minimalist_line_art_s01_landscape.png
[115/468] image_bank/stillness_press/burnout/hook_visual_watercolor_wash_s02.png
[116/468] image_bank/stillness_press/burnout/hook_visual_watercolor_wash_s02_landscape.png
[117/468] image_bank/stillness_press/burnout/hook_visual_lofi_chill_s03.png
[118/468] image_bank/stillness_press/burnout/hook_visual_lofi_chill_s03_landscape.png
[119/468] image_bank/stillness_press/burnout/hook_visual_collage_s04.png
[120/468] image_bank/stillness_press/burnout/hook_visual_collage_s04_landscape.png
[121/468] image_bank/stillness_press/burnout/hook_visual_sketchy_rough_s05.png
[122/468] image_bank/stillness_press/burnout/hook_visual_sketchy_rough_s05_landscape.png
[123/468] image_bank/stillness_press/burnout/hook_visual_geometric_abstract_s06.png
[124/468] image_bank/stillness_press/burnout/hook_visual_geometric_abstract_s06_landscape.png
[125/468] image_bank/stillness_press/burnout/character_emotion_soft_ghibli_s00.png
[126/468] image_bank/stillness_press/burnout/character_emotion_soft_ghibli_s00_landscape.png
[127/468] image_bank/stillness_press/burnout/character_emotion_minimalist_line_art_s01.png
[128/468] image_bank/stillness_press/burnout/character_emotion_minimalist_line_art_s01_landscape.png
[129/468] image_bank/stillness_press/burnout/character_emotion_watercolor_wash_s02.png
[130/468] image_bank/stillness_press/burnout/character_emotion_watercolor_wash_s02_landscape.png
[131/468] image_bank/stillness_press/burnout/character_emotion_lofi_chill_s03.png
[132/468] image_bank/stillness_press/burnout/character_emotion_lofi_chill_s03_landscape.png
[133/468] image_bank/stillness_press/burnout/character_emotion_collage_s04.png
[134/468] image_bank/stillness_press/burnout/character_emotion_collage_s04_landscape.png
[135/468] image_bank/stillness_press/burnout/character_emotion_sketchy_rough_s05.png
[136/468] image_bank/stillness_press/burnout/character_emotion_sketchy_rough_s05_landscape.png
[137/468] image_bank/stillness_press/burnout/character_emotion_geometric_abstract_s06.png
[138/468] image_bank/stillness_press/burnout/character_emotion_geometric_abstract_s06_landscape.png
[139/468] image_bank/stillness_press/compassion_fatigue/environment_atmosphere_soft_ghibli_s00.png
[140/468] image_bank/stillness_press/compassion_fatigue/environment_atmosphere_soft_ghibli_s00_landscape.png
[141/468] image_bank/stillness_press/compassion_fatigue/environment_atmosphere_minimalist_line_art_s01.png
[142/468] image_bank/stillness_press/compassion_fatigue/environment_atmosphere_minimalist_line_art_s01_landscape.png
[143/468] image_bank/stillness_press/compassion_fatigue/environment_atmosphere_watercolor_wash_s02.png
[144/468] image_bank/stillness_press/compassion_fatigue/environment_atmosphere_watercolor_wash_s02_landscape.png
[145/468] image_bank/stillness_press/compassion_fatigue/environment_atmosphere_lofi_chill_s03.png
[146/468] image_bank/stillness_press/compassion_fatigue/environment_atmosphere_lofi_chill_s03_landscape.png
[147/468] image_bank/stillness_press/compassion_fatigue/environment_atmosphere_collage_s04.png
[148/468] image_bank/stillness_press/compassion_fatigue/environment_atmosphere_collage_s04_landscape.png
[149/468] image_bank/stillness_press/compassion_fatigue/environment_atmosphere_sketchy_rough_s05.png
[150/468] image_bank/stillness_press/compassion_fatigue/environment_atmosphere_sketchy_rough_s05_landscape.png
[151/468] image_bank/stillness_press/compassion_fatigue/environment_atmosphere_geometric_abstract_s06.png
[152/468] image_bank/stillness_press/compassion_fatigue/environment_atmosphere_geometric_abstract_s06_landscape.png
[153/468] image_bank/stillness_press/compassion_fatigue/symbolic_metaphor_soft_ghibli_s00.png
[154/468] image_bank/stillness_press/compassion_fatigue/symbolic_metaphor_soft_ghibli_s00_landscape.png
[155/468] image_bank/stillness_press/compassion_fatigue/symbolic_metaphor_minimalist_line_art_s01.png
[156/468] image_bank/stillness_press/compassion_fatigue/symbolic_metaphor_minimalist_line_art_s01_landscape.png
[157/468] image_bank/stillness_press/compassion_fatigue/symbolic_metaphor_watercolor_wash_s02.png
[158/468] image_bank/stillness_press/compassion_fatigue/symbolic_metaphor_watercolor_wash_s02_landscape.png
[159/468] image_bank/stillness_press/compassion_fatigue/symbolic_metaphor_lofi_chill_s03.png
[160/468] image_bank/stillness_press/compassion_fatigue/symbolic_metaphor_lofi_chill_s03_landscape.png
[161/468] image_bank/stillness_press/compassion_fatigue/symbolic_metaphor_collage_s04.png
[162/468] image_bank/stillness_press/compassion_fatigue/symbolic_metaphor_collage_s04_landscape.png
[163/468] image_bank/stillness_press/compassion_fatigue/symbolic_metaphor_sketchy_rough_s05.png
[164/468] image_bank/stillness_press/compassion_fatigue/symbolic_metaphor_sketchy_rough_s05_landscape.png
[165/468] image_bank/stillness_press/compassion_fatigue/symbolic_metaphor_geometric_abstract_s06.png
[166/468] image_bank/stillness_press/compassion_fatigue/symbolic_metaphor_geometric_abstract_s06_landscape.png
[167/468] image_bank/stillness_press/compassion_fatigue/hook_visual_collage_s04.png
[168/468] image_bank/stillness_press/compassion_fatigue/hook_visual_collage_s04_landscape.png
[169/468] image_bank/stillness_press/compassion_fatigue/hook_visual_sketchy_rough_s05.png
[170/468] image_bank/stillness_press/compassion_fatigue/hook_visual_sketchy_rough_s05_landscape.png
[171/468] image_bank/stillness_press/compassion_fatigue/hook_visual_geometric_abstract_s06.png
[172/468] image_bank/stillness_press/compassion_fatigue/hook_visual_geometric_abstract_s06_landscape.png
[173/468] image_bank/stillness_press/compassion_fatigue/character_emotion_soft_ghibli_s00.png
[174/468] image_bank/stillness_press/compassion_fatigue/character_emotion_soft_ghibli_s00_landscape.png
[175/468] image_bank/stillness_press/compassion_fatigue/character_emotion_minimalist_line_art_s01.png
[176/468] image_bank/stillness_press/compassion_fatigue/character_emotion_minimalist_line_art_s01_landscape.png
[177/468] image_bank/stillness_press/compassion_fatigue/character_emotion_watercolor_wash_s02.png
[178/468] image_bank/stillness_press/compassion_fatigue/character_emotion_watercolor_wash_s02_landscape.png
[179/468] image_bank/stillness_press/compassion_fatigue/character_emotion_lofi_chill_s03.png
[180/468] image_bank/stillness_press/compassion_fatigue/character_emotion_lofi_chill_s03_landscape.png
[181/468] image_bank/stillness_press/compassion_fatigue/character_emotion_collage_s04.png
[182/468] image_bank/stillness_press/compassion_fatigue/character_emotion_collage_s04_landscape.png
[183/468] image_bank/stillness_press/compassion_fatigue/character_emotion_sketchy_rough_s05.png
[184/468] image_bank/stillness_press/compassion_fatigue/character_emotion_sketchy_rough_s05_landscape.png
[185/468] image_bank/stillness_press/compassion_fatigue/character_emotion_geometric_abstract_s06.png
[186/468] image_bank/stillness_press/compassion_fatigue/character_emotion_geometric_abstract_s06_landscape.png
[187/468] image_bank/stillness_press/courage/environment_atmosphere_soft_ghibli_s00.png
[188/468] image_bank/stillness_press/courage/environment_atmosphere_soft_ghibli_s00_landscape.png
[189/468] image_bank/stillness_press/courage/environment_atmosphere_minimalist_line_art_s01.png
[190/468] image_bank/stillness_press/courage/environment_atmosphere_minimalist_line_art_s01_landscape.png
[191/468] image_bank/stillness_press/courage/environment_atmosphere_watercolor_wash_s02.png
[192/468] image_bank/stillness_press/courage/environment_atmosphere_watercolor_wash_s02_landscape.png
[193/468] image_bank/stillness_press/courage/environment_atmosphere_lofi_chill_s03.png
[194/468] image_bank/stillness_press/courage/environment_atmosphere_lofi_chill_s03_landscape.png
[195/468] image_bank/stillness_press/courage/environment_atmosphere_collage_s04.png
[196/468] image_bank/stillness_press/courage/environment_atmosphere_collage_s04_landscape.png
[197/468] image_bank/stillness_press/courage/environment_atmosphere_sketchy_rough_s05.png
[198/468] image_bank/stillness_press/courage/environment_atmosphere_sketchy_rough_s05_landscape.png
[199/468] image_bank/stillness_press/courage/environment_atmosphere_geometric_abstract_s06.png
[200/468] image_bank/stillness_press/courage/environment_atmosphere_geometric_abstract_s06_landscape.png
[201/468] image_bank/stillness_press/courage/symbolic_metaphor_soft_ghibli_s00.png
[202/468] image_bank/stillness_press/courage/symbolic_metaphor_soft_ghibli_s00_landscape.png
[203/468] image_bank/stillness_press/courage/symbolic_metaphor_minimalist_line_art_s01.png
[204/468] image_bank/stillness_press/courage/symbolic_metaphor_minimalist_line_art_s01_landscape.png
[205/468] image_bank/stillness_press/courage/symbolic_metaphor_watercolor_wash_s02.png
[206/468] image_bank/stillness_press/courage/symbolic_metaphor_watercolor_wash_s02_landscape.png
[207/468] image_bank/stillness_press/courage/symbolic_metaphor_lofi_chill_s03.png
[208/468] image_bank/stillness_press/courage/symbolic_metaphor_lofi_chill_s03_landscape.png
[209/468] image_bank/stillness_press/courage/symbolic_metaphor_collage_s04.png
[210/468] image_bank/stillness_press/courage/symbolic_metaphor_collage_s04_landscape.png
[211/468] image_bank/stillness_press/courage/symbolic_metaphor_sketchy_rough_s05.png
[212/468] image_bank/stillness_press/courage/symbolic_metaphor_sketchy_rough_s05_landscape.png
[213/468] image_bank/stillness_press/courage/symbolic_metaphor_geometric_abstract_s06.png
[214/468] image_bank/stillness_press/courage/symbolic_metaphor_geometric_abstract_s06_landscape.png
[215/468] image_bank/stillness_press/courage/hook_visual_soft_ghibli_s00.png
[216/468] image_bank/stillness_press/courage/hook_visual_soft_ghibli_s00_landscape.png
[217/468] image_bank/stillness_press/courage/hook_visual_minimalist_line_art_s01.png
[218/468] image_bank/stillness_press/courage/hook_visual_minimalist_line_art_s01_landscape.png
[219/468] image_bank/stillness_press/courage/hook_visual_watercolor_wash_s02.png
[220/468] image_bank/stillness_press/courage/hook_visual_watercolor_wash_s02_landscape.png
[221/468] image_bank/stillness_press/courage/hook_visual_lofi_chill_s03.png
[222/468] image_bank/stillness_press/courage/hook_visual_lofi_chill_s03_landscape.png
[223/468] image_bank/stillness_press/courage/hook_visual_collage_s04.png
[224/468] image_bank/stillness_press/courage/hook_visual_collage_s04_landscape.png
[225/468] image_bank/stillness_press/courage/hook_visual_sketchy_rough_s05.png
[226/468] image_bank/stillness_press/courage/hook_visual_sketchy_rough_s05_landscape.png
[227/468] image_bank/stillness_press/courage/hook_visual_geometric_abstract_s06.png
[228/468] image_bank/stillness_press/courage/hook_visual_geometric_abstract_s06_landscape.png
[229/468] image_bank/stillness_press/courage/character_emotion_soft_ghibli_s00.png
[230/468] image_bank/stillness_press/courage/character_emotion_soft_ghibli_s00_landscape.png
[231/468] image_bank/stillness_press/courage/character_emotion_minimalist_line_art_s01.png
[232/468] image_bank/stillness_press/courage/character_emotion_minimalist_line_art_s01_landscape.png
[233/468] image_bank/stillness_press/courage/character_emotion_watercolor_wash_s02.png
[234/468] image_bank/stillness_press/courage/character_emotion_watercolor_wash_s02_landscape.png
[235/468] image_bank/stillness_press/courage/character_emotion_lofi_chill_s03.png
[236/468] image_bank/stillness_press/courage/character_emotion_lofi_chill_s03_landscape.png
[237/468] image_bank/stillness_press/courage/character_emotion_collage_s04.png
[238/468] image_bank/stillness_press/courage/character_emotion_collage_s04_landscape.png
[239/468] image_bank/stillness_press/courage/character_emotion_sketchy_rough_s05.png
[240/468] image_bank/stillness_press/courage/character_emotion_sketchy_rough_s05_landscape.png
[241/468] image_bank/stillness_press/courage/character_emotion_geometric_abstract_s06.png
[242/468] image_bank/stillness_press/courage/character_emotion_geometric_abstract_s06_landscape.png
[243/468] image_bank/stillness_press/depression/environment_atmosphere_soft_ghibli_s00.png
[244/468] image_bank/stillness_press/depression/environment_atmosphere_soft_ghibli_s00_landscape.png
[245/468] image_bank/stillness_press/depression/environment_atmosphere_minimalist_line_art_s01.png
[246/468] image_bank/stillness_press/depression/environment_atmosphere_minimalist_line_art_s01_landscape.png
[247/468] image_bank/stillness_press/depression/environment_atmosphere_watercolor_wash_s02.png
[248/468] image_bank/stillness_press/depression/environment_atmosphere_watercolor_wash_s02_landscape.png
[249/468] image_bank/stillness_press/depression/environment_atmosphere_lofi_chill_s03.png
[250/468] image_bank/stillness_press/depression/environment_atmosphere_lofi_chill_s03_landscape.png
[251/468] image_bank/stillness_press/depression/environment_atmosphere_collage_s04.png
[252/468] image_bank/stillness_press/depression/environment_atmosphere_collage_s04_landscape.png
[253/468] image_bank/stillness_press/depression/environment_atmosphere_sketchy_rough_s05.png
[254/468] image_bank/stillness_press/depression/environment_atmosphere_sketchy_rough_s05_landscape.png
[255/468] image_bank/stillness_press/depression/environment_atmosphere_geometric_abstract_s06.png
[256/468] image_bank/stillness_press/depression/environment_atmosphere_geometric_abstract_s06_landscape.png
[257/468] image_bank/stillness_press/depression/symbolic_metaphor_soft_ghibli_s00.png
[258/468] image_bank/stillness_press/depression/symbolic_metaphor_soft_ghibli_s00_landscape.png
[259/468] image_bank/stillness_press/depression/symbolic_metaphor_minimalist_line_art_s01.png
[260/468] image_bank/stillness_press/depression/symbolic_metaphor_minimalist_line_art_s01_landscape.png
[261/468] image_bank/stillness_press/depression/symbolic_metaphor_watercolor_wash_s02.png
[262/468] image_bank/stillness_press/depression/symbolic_metaphor_watercolor_wash_s02_landscape.png
[263/468] image_bank/stillness_press/depression/symbolic_metaphor_lofi_chill_s03.png
[264/468] image_bank/stillness_press/depression/symbolic_metaphor_lofi_chill_s03_landscape.png
[265/468] image_bank/stillness_press/depression/symbolic_metaphor_collage_s04.png
[266/468] image_bank/stillness_press/depression/symbolic_metaphor_collage_s04_landscape.png
[267/468] image_bank/stillness_press/depression/symbolic_metaphor_sketchy_rough_s05.png
[268/468] image_bank/stillness_press/depression/symbolic_metaphor_sketchy_rough_s05_landscape.png
[269/468] image_bank/stillness_press/depression/symbolic_metaphor_geometric_abstract_s06.png
[270/468] image_bank/stillness_press/depression/symbolic_metaphor_geometric_abstract_s06_landscape.png
[271/468] image_bank/stillness_press/depression/hook_visual_soft_ghibli_s00.png
[272/468] image_bank/stillness_press/depression/hook_visual_soft_ghibli_s00_landscape.png
[273/468] image_bank/stillness_press/depression/hook_visual_minimalist_line_art_s01.png
[274/468] image_bank/stillness_press/depression/hook_visual_minimalist_line_art_s01_landscape.png
[275/468] image_bank/stillness_press/depression/hook_visual_watercolor_wash_s02.png
[276/468] image_bank/stillness_press/depression/hook_visual_watercolor_wash_s02_landscape.png
[277/468] image_bank/stillness_press/depression/hook_visual_lofi_chill_s03.png
[278/468] image_bank/stillness_press/depression/hook_visual_lofi_chill_s03_landscape.png
[279/468] image_bank/stillness_press/depression/hook_visual_collage_s04.png
[280/468] image_bank/stillness_press/depression/hook_visual_collage_s04_landscape.png
[281/468] image_bank/stillness_press/depression/hook_visual_sketchy_rough_s05.png
[282/468] image_bank/stillness_press/depression/hook_visual_sketchy_rough_s05_landscape.png
[283/468] image_bank/stillness_press/depression/hook_visual_geometric_abstract_s06.png
[284/468] image_bank/stillness_press/depression/hook_visual_geometric_abstract_s06_landscape.png
[285/468] image_bank/stillness_press/depression/character_emotion_soft_ghibli_s00.png
[286/468] image_bank/stillness_press/depression/character_emotion_soft_ghibli_s00_landscape.png
[287/468] image_bank/stillness_press/depression/character_emotion_minimalist_line_art_s01.png
[288/468] image_bank/stillness_press/depression/character_emotion_minimalist_line_art_s01_landscape.png
[289/468] image_bank/stillness_press/depression/character_emotion_watercolor_wash_s02.png
[290/468] image_bank/stillness_press/depression/character_emotion_watercolor_wash_s02_landscape.png
[291/468] image_bank/stillness_press/depression/character_emotion_lofi_chill_s03.png
[292/468] image_bank/stillness_press/depression/character_emotion_lofi_chill_s03_landscape.png
[293/468] image_bank/stillness_press/depression/character_emotion_collage_s04.png
[294/468] image_bank/stillness_press/depression/character_emotion_collage_s04_landscape.png
[295/468] image_bank/stillness_press/depression/character_emotion_sketchy_rough_s05.png
[296/468] image_bank/stillness_press/depression/character_emotion_sketchy_rough_s05_landscape.png
[297/468] image_bank/stillness_press/depression/character_emotion_geometric_abstract_s06.png
[298/468] image_bank/stillness_press/depression/character_emotion_geometric_abstract_s06_landscape.png
[299/468] image_bank/stillness_press/financial_anxiety/environment_atmosphere_soft_ghibli_s00.png
[300/468] image_bank/stillness_press/financial_anxiety/environment_atmosphere_soft_ghibli_s00_landscape.png
[301/468] image_bank/stillness_press/financial_anxiety/environment_atmosphere_minimalist_line_art_s01.png
[302/468] image_bank/stillness_press/financial_anxiety/environment_atmosphere_minimalist_line_art_s01_landscape.png
[303/468] image_bank/stillness_press/financial_anxiety/environment_atmosphere_watercolor_wash_s02.png
[304/468] image_bank/stillness_press/financial_anxiety/environment_atmosphere_watercolor_wash_s02_landscape.png
[305/468] image_bank/stillness_press/financial_anxiety/environment_atmosphere_lofi_chill_s03.png
[306/468] image_bank/stillness_press/financial_anxiety/environment_atmosphere_lofi_chill_s03_landscape.png
[307/468] image_bank/stillness_press/financial_anxiety/environment_atmosphere_collage_s04.png
[308/468] image_bank/stillness_press/financial_anxiety/environment_atmosphere_collage_s04_landscape.png
[309/468] image_bank/stillness_press/financial_anxiety/environment_atmosphere_sketchy_rough_s05.png
[310/468] image_bank/stillness_press/financial_anxiety/environment_atmosphere_sketchy_rough_s05_landscape.png
[311/468] image_bank/stillness_press/financial_anxiety/environment_atmosphere_geometric_abstract_s06.png
[312/468] image_bank/stillness_press/financial_anxiety/environment_atmosphere_geometric_abstract_s06_landscape.png
[313/468] image_bank/stillness_press/financial_anxiety/symbolic_metaphor_soft_ghibli_s00.png
[314/468] image_bank/stillness_press/financial_anxiety/symbolic_metaphor_soft_ghibli_s00_landscape.png
[315/468] image_bank/stillness_press/financial_anxiety/symbolic_metaphor_minimalist_line_art_s01.png
[316/468] image_bank/stillness_press/financial_anxiety/symbolic_metaphor_minimalist_line_art_s01_landscape.png
[317/468] image_bank/stillness_press/financial_anxiety/symbolic_metaphor_watercolor_wash_s02.png
[318/468] image_bank/stillness_press/financial_anxiety/symbolic_metaphor_watercolor_wash_s02_landscape.png
[319/468] image_bank/stillness_press/financial_anxiety/symbolic_metaphor_lofi_chill_s03.png
[320/468] image_bank/stillness_press/financial_anxiety/symbolic_metaphor_lofi_chill_s03_landscape.png
[321/468] image_bank/stillness_press/financial_anxiety/symbolic_metaphor_collage_s04.png
[322/468] image_bank/stillness_press/financial_anxiety/symbolic_metaphor_collage_s04_landscape.png
[323/468] image_bank/stillness_press/financial_anxiety/symbolic_metaphor_sketchy_rough_s05.png
[324/468] image_bank/stillness_press/financial_anxiety/symbolic_metaphor_sketchy_rough_s05_landscape.png
[325/468] image_bank/stillness_press/financial_anxiety/symbolic_metaphor_geometric_abstract_s06.png
[326/468] image_bank/stillness_press/financial_anxiety/symbolic_metaphor_geometric_abstract_s06_landscape.png
[327/468] image_bank/stillness_press/financial_anxiety/hook_visual_soft_ghibli_s00.png
[328/468] image_bank/stillness_press/financial_anxiety/hook_visual_soft_ghibli_s00_landscape.png
[329/468] image_bank/stillness_press/financial_anxiety/hook_visual_minimalist_line_art_s01.png
[330/468] image_bank/stillness_press/financial_anxiety/hook_visual_minimalist_line_art_s01_landscape.png
[331/468] image_bank/stillness_press/financial_anxiety/hook_visual_watercolor_wash_s02.png
[332/468] image_bank/stillness_press/financial_anxiety/hook_visual_watercolor_wash_s02_landscape.png
[333/468] image_bank/stillness_press/financial_anxiety/hook_visual_lofi_chill_s03.png
[334/468] image_bank/stillness_press/financial_anxiety/hook_visual_lofi_chill_s03_landscape.png
[335/468] image_bank/stillness_press/financial_anxiety/hook_visual_collage_s04.png
[336/468] image_bank/stillness_press/financial_anxiety/hook_visual_collage_s04_landscape.png
[337/468] image_bank/stillness_press/financial_anxiety/hook_visual_sketchy_rough_s05.png
[338/468] image_bank/stillness_press/financial_anxiety/hook_visual_sketchy_rough_s05_landscape.png
[339/468] image_bank/stillness_press/financial_anxiety/hook_visual_geometric_abstract_s06.png
[340/468] image_bank/stillness_press/financial_anxiety/hook_visual_geometric_abstract_s06_landscape.png
[341/468] image_bank/stillness_press/financial_anxiety/character_emotion_soft_ghibli_s00.png
[342/468] image_bank/stillness_press/financial_anxiety/character_emotion_soft_ghibli_s00_landscape.png
[343/468] image_bank/stillness_press/financial_anxiety/character_emotion_minimalist_line_art_s01.png
[344/468] image_bank/stillness_press/financial_anxiety/character_emotion_minimalist_line_art_s01_landscape.png
[345/468] image_bank/stillness_press/financial_anxiety/character_emotion_watercolor_wash_s02.png
[346/468] image_bank/stillness_press/financial_anxiety/character_emotion_watercolor_wash_s02_landscape.png
[347/468] image_bank/stillness_press/financial_anxiety/character_emotion_lofi_chill_s03.png
[348/468] image_bank/stillness_press/financial_anxiety/character_emotion_lofi_chill_s03_landscape.png
[349/468] image_bank/stillness_press/financial_anxiety/character_emotion_collage_s04.png
