Generating 1008 titles...
Generated 153 titles

✓ Validation Results
======================================================================
Total books: 153
Unique titles: 153
Uniqueness: 100.0%
Validation errors: 0

Books per brand: 1-28
Topics covered per brand: 14

🎯 Sample Titles (showing 30)
======================================================================

1. Clutter: Why moody Is Keeping You Stuck
   for women who thought success would feel better than this • overthinking
   Brand: hormone_reset | Topic: overthinking | Persona: millennial_women_professionals

2. What rushed Is Costing You
   for people in the middle of everything • courage building
   Brand: morning_momentum | Topic: courage | Persona: gen_x_sandwich

3. The Presence You're Carrying from the Job
   for people who serve and are barely surviving • somatic healing
   Brand: night_reset | Topic: somatic_healing | Persona: first_responders

4. Alarm: Why disconnected Is Keeping You Stuck
   for women who've built everything but don't know how to rest • anxiety management
   Brand: spiritual_ground | Topic: anxiety | Persona: millennial_women_professionals
   Series: social_anxiety_arc > public_speaking

5. When the myth Meets Emptiness
   for nurses who save lives but can't save themselves • burnout recovery
   Brand: stabilizer | Topic: burnout | Persona: healthcare_rns

6. Own Without it all
   for pragmatic people learning boundaries matter • imposter syndrome
   Brand: optimizer | Topic: imposter_syndrome | Persona: gen_x_sandwich
   Series: social_shame_arc > after_public_mistake

7. What fragile Is Costing You
   for pragmatic people learning boundaries matter • somatic healing
   Brand: confidence_core | Topic: somatic_healing | Persona: gen_x_sandwich

8. Ground Without it all
   for people who are taking care of everyone but themselves • somatic healing
   Brand: adhd_forge | Topic: somatic_healing | Persona: gen_x_sandwich

9. Anchor Without burnout
   for leaders learning to lead themselves first • overthinking
   Brand: night_reset | Topic: overthinking | Persona: corporate_managers

10. The Spiral You're Carrying for Your Patients
   for nurses who save lives but can't save themselves • sleep anxiety
   Brand: stabilizer | Topic: sleep_anxiety | Persona: healthcare_rns

11. Alarm: Why impulsive Is Keeping You Stuck
   a clear-eyed guide for women who know better • anxiety management
   Brand: adhd_forge | Topic: anxiety | Persona: millennial_women_professionals
   Series: social_anxiety_arc > online

12. The clutter Keeping You stuck
   for women managing impossible expectations • overthinking
   Brand: optimizer | Topic: overthinking | Persona: millennial_women_professionals

13. Build Without perfection
   for heroes learning their sacrifice has limits • courage building
   Brand: optimizer | Topic: courage | Persona: first_responders

14. When the grind Becomes Spiral
   for founders learning to build sustainable lives, not just sustainable businesses •...
   Brand: stabilizer | Topic: sleep_anxiety | Persona: entrepreneurs

15. When Wired Is Actually system protection
   for women who thought success would feel better than this • depression management
   Brand: night_reset | Topic: depression | Persona: millennial_women_professionals

16. Replenish Without perfection
   for people managing impossible expectations from all sides • caregiver burnout
   Brand: resilient_parent | Topic: compassion_fatigue | Persona: working_parents

17. Step into Without perfection
   for heroes learning their sacrifice has limits • imposter syndrome
   Brand: night_reset | Topic: imposter_syndrome | Persona: first_responders
   Series: social_shame_arc > first_generation_shame

18. When the myth Meets reality
   for people managing impossible expectations from all sides • social anxiety
   Brand: stabilizer | Topic: social_anxiety | Persona: working_parents

19. The Embodiment You're Actually Carrying
   for pragmatic people learning boundaries matter • somatic healing
   Brand: night_reset | Topic: somatic_healing | Persona: gen_x_sandwich

20. Pace Without the unsustainability
   for ambitious people learning what actually sustains • burnout recovery
   Brand: trauma_path | Topic: burnout | Persona: entrepreneurs

21. Clarify Without the role
   for nurses who save lives but can't save themselves • financial pressure
   Brand: career_lift | Topic: financial_stress | Persona: healthcare_rns

22. When Foundation Meets Foundation
   for people learning to opt out of unsustainable paths • self-worth
   Brand: night_reset | Topic: self_worth | Persona: gen_z_professionals
   Series: body_shame_arc > on_social_media

23. The Weight Building You (While You Build)
   for people who built the thing but lost themselves • financial pressure
   Brand: career_lift | Topic: financial_stress | Persona: entrepreneurs

24. What Clutter Is Really About
   for women who've built everything but don't know how to rest • overthinking
   Brand: longevity_lab | Topic: overthinking | Persona: millennial_women_professionals

25. Integrate Without it all
   for people in the middle of everything • somatic healing
   Brand: stabilizer | Topic: somatic_healing | Persona: gen_x_sandwich

26. When Limit Meets Limit
   for people learning to opt out of unsustainable paths • boundary setting
   Brand: stabilizer | Topic: boundaries | Persona: gen_z_professionals

27. Reclaim Without unsustainability
   for women who are done performing • depression management
   Brand: career_lift | Topic: depression | Persona: millennial_women_professionals

28. The Emptiness Building You (While You Build)
   for ambitious people learning what actually sustains • burnout recovery
   Brand: stabilizer | Topic: burnout | Persona: entrepreneurs

29. How the myth Is Limiting Your Weight
   for leaders learning to lead themselves first • overthinking
   Brand: stabilizer | Topic: overthinking | Persona: corporate_managers

30. The Limit You're Expected to Carry
   for people learning to opt out of unsustainable paths • boundary setting
   Brand: night_reset | Topic: boundaries | Persona: gen_z_professionals

✓ Wrote 153 titles to phoenix_catalog_1008.json
