Discovered 456 arc files across 12 personas.
Built manifest of 1000 book configurations.
Running 1000 books (start_at=0, parallel=4)...
  [   1/1000] book_0003 FAIL  1.4s  0w  millennial_women_professionals/burnout/watcher/F006
  [   2/1000] book_0000 FAIL  2.2s  0w  gen_z_professionals/self_worth/comparison/F006
  [   3/1000] book_0002 FAIL  2.2s  0w  gen_z_professionals/financial_stress/spiral/F006
  [   4/1000] book_0001 FAIL  2.3s  0w  gen_alpha_students/boundaries/false_alarm/F006
  [   5/1000] book_0004 FAIL  2.4s  0w  healthcare_rns/self_worth/shame/F006
  [   6/1000] book_0007 FAIL  1.6s  0w  gen_x_sandwich/burnout/watcher/F006
  [   7/1000] book_0005 FAIL  2.4s  0w  millennial_women_professionals/self_worth/comparison/F006
  [   8/1000] book_0006 FAIL  2.4s  0w  entrepreneurs/depression/watcher/F006
  [   9/1000] book_0009 FAIL  1.5s  0w  entrepreneurs/social_anxiety/comparison/F006
  [  10/1000] book_0008 FAIL  2.8s  0w  corporate_managers/financial_stress/overwhelm/F006
  [  11/1000] book_0010 FAIL  3.1s  0w  working_parents/depression/overwhelm/F006
  [  12/1000] book_0011 FAIL  4.0s  0w  entrepreneurs/anxiety/spiral/F006
  [  13/1000] book_0012 FAIL  3.6s  0w  gen_alpha_students/sleep_anxiety/false_alarm/F006
  [  14/1000] book_0013 FAIL  4.0s  0w  tech_finance_burnout/compassion_fatigue/grief/F006
  [  15/1000] book_0014 FAIL  5.8s  0w  gen_x_sandwich/anxiety/comparison/F006
  [  16/1000] book_0016 FAIL  5.5s  0w  gen_z_professionals/imposter_syndrome/shame/F006
  [  17/1000] book_0015 FAIL  6.0s  0w  corporate_managers/anxiety/shame/F006
  [  18/1000] book_0017 FAIL  6.0s  0w  gen_z_professionals/financial_stress/overwhelm/F006
  [  19/1000] book_0018 FAIL  4.9s  0w  corporate_managers/anxiety/comparison/F006
  [  20/1000] book_0019 FAIL  3.8s  0w  corporate_managers/self_worth/shame/F006
  [  21/1000] book_0020 FAIL  3.8s  0w  first_responders/financial_stress/shame/F006
  [  22/1000] book_0021 FAIL  4.4s  0w  tech_finance_burnout/boundaries/comparison/F006
  [  23/1000] book_0022 FAIL  3.2s  0w  gen_x_sandwich/social_anxiety/comparison/F006
  [  24/1000] book_0023 FAIL  3.3s  0w  working_parents/overthinking/false_alarm/F006
  [  25/1000] book_0024 FAIL  5.9s  0w  first_responders/courage/spiral/F006
  [  26/1000] book_0027 FAIL  3.5s  0w  tech_finance_burnout/overthinking/spiral/F006
  [  27/1000] book_0026 FAIL  6.1s  0w  healthcare_rns/depression/overwhelm/F006
  [  28/1000] book_0025 FAIL  6.9s  0w  corporate_managers/anxiety/comparison/F006
  [  29/1000] book_0028 FAIL  3.6s  0w  entrepreneurs/overthinking/watcher/F006
  [  30/1000] book_0029 FAIL  6.1s  0w  gen_z_professionals/courage/shame/F006
  [  31/1000] book_0032 FAIL  5.1s  0w  working_parents/boundaries/shame/F006
  [  32/1000] book_0031 FAIL  6.4s  0w  tech_finance_burnout/grief/watcher/F006
  [  33/1000] book_0030 FAIL  7.8s  0w  gen_alpha_students/courage/false_alarm/F006
  [  34/1000] book_0034 FAIL  7.4s  0w  gen_alpha_students/burnout/overwhelm/F006
  [  35/1000] book_0033 FAIL  10.4s  0w  entrepreneurs/grief/watcher/F006
  [  36/1000] book_0036 FAIL  6.6s  0w  first_responders/compassion_fatigue/grief/F006
  [  37/1000] book_0035 FAIL  10.4s  0w  millennial_women_professionals/boundaries/comparison/F006
  [  38/1000] book_0037 FAIL  6.5s  0w  corporate_managers/sleep_anxiety/spiral/F006
  [  39/1000] book_0040 FAIL  2.7s  0w  working_parents/social_anxiety/shame/F006
  [  40/1000] book_0039 FAIL  6.0s  0w  corporate_managers/anxiety/overwhelm/F006
  [  41/1000] book_0038 FAIL  6.4s  0w  gen_z_professionals/anxiety/false_alarm/F006
  [  42/1000] book_0041 FAIL  1.9s  0w  tech_finance_burnout/burnout/overwhelm/F006
  [  43/1000] book_0042 FAIL  1.6s  0w  working_parents/overthinking/watcher/F006
  [  44/1000] book_0043 FAIL  2.0s  0w  tech_finance_burnout/courage/spiral/F006
  [  45/1000] book_0044 FAIL  2.0s  0w  corporate_managers/boundaries/false_alarm/F006
  [  46/1000] book_0045 FAIL  1.7s  0w  millennial_women_professionals/somatic_healing/watcher/F006
  [  47/1000] book_0046 FAIL  1.9s  0w  tech_finance_burnout/financial_anxiety/spiral/F006
  [  48/1000] book_0047 FAIL  1.1s  0w  working_parents/social_anxiety/shame/F006
  [  49/1000] book_0048 FAIL  2.8s  0w  first_responders/anxiety/shame/F006
  [  50/1000] book_0049 FAIL  3.0s  0w  tech_finance_burnout/financial_anxiety/spiral/F006
  [  51/1000] book_0050 FAIL  3.3s  0w  entrepreneurs/depression/overwhelm/F006
  [  52/1000] book_0051 FAIL  3.2s  0w  corporate_managers/imposter_syndrome/comparison/F006
  [  53/1000] book_0053 FAIL  2.0s  0w  tech_finance_burnout/social_anxiety/false_alarm/F006
  [  54/1000] book_0054 FAIL  1.9s  0w  tech_finance_burnout/social_anxiety/comparison/F006
  [  55/1000] book_0055 FAIL  3.6s  0w  tech_finance_burnout/sleep_anxiety/false_alarm/F006
  [  56/1000] book_0052 FAIL  6.2s  10709w  gen_alpha_students/anxiety/spiral/F006
  [  57/1000] book_0056 FAIL  4.0s  0w  healthcare_rns/boundaries/shame/F006
  [  58/1000] book_0057 FAIL  4.0s  0w  first_responders/anxiety/comparison/F006
  [  59/1000] book_0058 FAIL  2.8s  0w  entrepreneurs/financial_anxiety/spiral/F006
  [  60/1000] book_0059 FAIL  2.3s  0w  corporate_managers/boundaries/false_alarm/F006
  [  61/1000] book_0060 FAIL  2.2s  0w  entrepreneurs/anxiety/spiral/F006
  [  62/1000] book_0061 FAIL  2.2s  0w  entrepreneurs/anxiety/watcher/F006
  [  63/1000] book_0062 FAIL  2.2s  0w  gen_alpha_students/depression/overwhelm/F006
  [  64/1000] book_0063 FAIL  2.5s  0w  corporate_managers/depression/grief/F006
  [  65/1000] book_0064 FAIL  2.6s  0w  corporate_managers/courage/shame/F006
  [  66/1000] book_0065 FAIL  3.1s  0w  gen_x_sandwich/anxiety/false_alarm/F006
  [  67/1000] book_0067 FAIL  1.5s  0w  millennial_women_professionals/social_anxiety/false_alarm/F006
  [  68/1000] book_0066 FAIL  2.6s  0w  corporate_managers/imposter_syndrome/comparison/F006
  [  69/1000] book_0070 FAIL  1.6s  0w  first_responders/self_worth/shame/F006
  [  70/1000] book_0068 FAIL  2.7s  0w  gen_x_sandwich/courage/false_alarm/F006
  [  71/1000] book_0071 FAIL  1.8s  0w  first_responders/sleep_anxiety/false_alarm/F006
  [  72/1000] book_0069 FAIL  2.9s  0w  gen_x_sandwich/somatic_healing/overwhelm/F006
  [  73/1000] book_0072 FAIL  1.9s  0w  entrepreneurs/social_anxiety/comparison/F006
  [  74/1000] book_0073 FAIL  3.2s  0w  gen_alpha_students/boundaries/comparison/F006
  [  75/1000] book_0074 FAIL  3.1s  0w  gen_z_professionals/somatic_healing/overwhelm/F006
  [  76/1000] book_0075 FAIL  3.0s  0w  corporate_managers/grief/grief/F006
  [  77/1000] book_0076 FAIL  3.1s  0w  gen_alpha_students/grief/grief/F006
  [  78/1000] book_0078 FAIL  1.8s  0w  working_parents/overthinking/watcher/F006
  [  79/1000] book_0077 FAIL  3.3s  0w  gen_alpha_students/sleep_anxiety/false_alarm/F006
  [  80/1000] book_0080 FAIL  2.1s  0w  gen_alpha_students/social_anxiety/comparison/F006
  [  81/1000] book_0079 FAIL  3.3s  0w  tech_finance_burnout/sleep_anxiety/false_alarm/F006
  [  82/1000] book_0081 FAIL  3.2s  0w  working_parents/financial_stress/spiral/F006
  [  83/1000] book_0082 FAIL  2.6s  0w  corporate_managers/financial_stress/overwhelm/F006
  [  84/1000] book_0083 FAIL  2.5s  0w  entrepreneurs/financial_stress/spiral/F006
  [  85/1000] book_0084 FAIL  2.4s  0w  tech_finance_burnout/courage/shame/F006
  [  86/1000] book_0085 FAIL  2.1s  0w  tech_finance_burnout/grief/grief/F006
  [  87/1000] book_0086 FAIL  2.4s  0w  millennial_women_professionals/self_worth/shame/F006
  [  88/1000] book_0087 FAIL  2.5s  0w  corporate_managers/sleep_anxiety/false_alarm/F006
  [  89/1000] book_0089 FAIL  1.7s  0w  first_responders/grief/grief/F006
  [  90/1000] book_0088 FAIL  2.8s  0w  millennial_women_professionals/anxiety/false_alarm/F006
  [  91/1000] book_0091 FAIL  1.7s  0w  entrepreneurs/overthinking/spiral/F006
  [  92/1000] book_0090 FAIL  3.6s  0w  gen_x_sandwich/anxiety/grief/F006
  [  93/1000] book_0092 FAIL  3.9s  0w  gen_z_professionals/boundaries/comparison/F006
  [  94/1000] book_0093 FAIL  4.2s  0w  millennial_women_professionals/financial_anxiety/spiral/F006
  [  95/1000] book_0094 FAIL  4.7s  0w  healthcare_rns/compassion_fatigue/watcher/F006
  [  96/1000] book_0096 FAIL  4.2s  0w  gen_alpha_students/depression/grief/F006
  [  97/1000] book_0097 FAIL  3.8s  0w  entrepreneurs/financial_anxiety/overwhelm/F006
  [  98/1000] book_0095 FAIL  7.2s  10499w  gen_alpha_students/anxiety/watcher/F006
  [  99/1000] book_0099 FAIL  2.6s  0w  first_responders/depression/overwhelm/F006
  [ 100/1000] book_0098 FAIL  4.8s  0w  healthcare_rns/anxiety/comparison/F006
  [ 101/1000] book_0100 FAIL  3.5s  0w  gen_z_professionals/anxiety/watcher/F006
  [ 102/1000] book_0101 FAIL  2.9s  0w  gen_alpha_students/financial_anxiety/overwhelm/F006
  [ 103/1000] book_0103 FAIL  2.5s  0w  entrepreneurs/imposter_syndrome/shame/F006
  [ 104/1000] book_0102 FAIL  3.0s  0w  corporate_managers/anxiety/watcher/F006
  [ 105/1000] book_0104 FAIL  2.6s  0w  working_parents/financial_stress/shame/F006
  [ 106/1000] book_0105 FAIL  2.9s  0w  gen_x_sandwich/sleep_anxiety/overwhelm/F006
  [ 107/1000] book_0106 FAIL  3.2s  0w  first_responders/anxiety/watcher/F006
  [ 108/1000] book_0107 FAIL  3.1s  0w  gen_alpha_students/financial_anxiety/overwhelm/F006
  [ 109/1000] book_0108 FAIL  3.9s  0w  working_parents/financial_stress/spiral/F006
  [ 110/1000] book_0110 FAIL  2.6s  0w  gen_x_sandwich/overthinking/watcher/F006
  [ 111/1000] book_0109 FAIL  4.0s  0w  millennial_women_professionals/financial_anxiety/overwhelm/F006
  [ 112/1000] book_0112 FAIL  2.0s  0w  corporate_managers/social_anxiety/false_alarm/F006
  [ 113/1000] book_0111 FAIL  3.6s  0w  tech_finance_burnout/self_worth/shame/F006
  [ 114/1000] book_0113 FAIL  3.3s  0w  working_parents/sleep_anxiety/overwhelm/F006
  [ 115/1000] book_0116 FAIL  2.2s  0w  gen_alpha_students/burnout/watcher/F006
  [ 116/1000] book_0114 FAIL  3.5s  0w  gen_alpha_students/compassion_fatigue/watcher/F006
  [ 117/1000] book_0115 FAIL  4.0s  0w  corporate_managers/somatic_healing/overwhelm/F006
  [ 118/1000] book_0117 FAIL  2.8s  0w  entrepreneurs/burnout/overwhelm/F006
  [ 119/1000] book_0119 FAIL  2.4s  0w  gen_alpha_students/burnout/watcher/F006
  [ 120/1000] book_0120 FAIL  2.0s  0w  working_parents/social_anxiety/false_alarm/F006
  [ 121/1000] book_0118 FAIL  3.8s  0w  tech_finance_burnout/financial_anxiety/overwhelm/F006
  [ 122/1000] book_0121 FAIL  2.7s  0w  gen_z_professionals/financial_stress/shame/F006
  [ 123/1000] book_0122 FAIL  2.8s  0w  gen_alpha_students/grief/grief/F006
  [ 124/1000] book_0124 FAIL  3.0s  0w  entrepreneurs/compassion_fatigue/grief/F006
  [ 125/1000] book_0123 FAIL  3.2s  0w  gen_x_sandwich/anxiety/watcher/F006
  [ 126/1000] book_0125 FAIL  3.4s  0w  entrepreneurs/anxiety/grief/F006
  [ 127/1000] book_0126 FAIL  3.1s  0w  corporate_managers/compassion_fatigue/watcher/F006
  [ 128/1000] book_0127 FAIL  4.2s  0w  gen_z_professionals/boundaries/comparison/F006
  [ 129/1000] book_0128 FAIL  4.3s  0w  corporate_managers/boundaries/shame/F006
  [ 130/1000] book_0130 FAIL  3.7s  0w  first_responders/burnout/overwhelm/F006
  [ 131/1000] book_0129 OK  6.9s  2731w  nyc_executives/anxiety/spiral/F015
  [ 132/1000] book_0131 FAIL  5.0s  0w  millennial_women_professionals/sleep_anxiety/spiral/F006
  [ 133/1000] book_0132 FAIL  5.4s  0w  corporate_managers/anxiety/spiral/F009
  [ 134/1000] book_0133 FAIL  4.1s  0w  working_parents/depression/overwhelm/F006
  [ 135/1000] book_0135 FAIL  1.9s  0w  millennial_women_professionals/overthinking/spiral/F006
  [ 136/1000] book_0136 FAIL  1.6s  0w  corporate_managers/social_anxiety/comparison/F006
  [ 137/1000] book_0134 FAIL  2.7s  0w  working_parents/financial_stress/spiral/F006
  [ 138/1000] book_0137 FAIL  1.5s  0w  tech_finance_burnout/burnout/overwhelm/F006
  [ 139/1000] book_0138 FAIL  1.1s  0w  first_responders/somatic_healing/watcher/F006
  [ 140/1000] book_0139 FAIL  1.2s  0w  millennial_women_professionals/overthinking/spiral/F006
  [ 141/1000] book_0140 FAIL  1.9s  0w  working_parents/compassion_fatigue/overwhelm/F006
  [ 142/1000] book_0141 FAIL  2.0s  0w  gen_z_professionals/self_worth/shame/F006
  [ 143/1000] book_0142 FAIL  2.5s  0w  entrepreneurs/anxiety/grief/F006
  [ 144/1000] book_0143 FAIL  2.3s  0w  healthcare_rns/courage/shame/F006
  [ 145/1000] book_0145 FAIL  1.5s  0w  healthcare_rns/financial_anxiety/overwhelm/F006
  [ 146/1000] book_0144 FAIL  2.6s  0w  gen_x_sandwich/courage/spiral/F006
  [ 147/1000] book_0147 FAIL  3.2s  0w  healthcare_rns/grief/watcher/F006
  [ 148/1000] book_0146 FAIL  3.3s  0w  entrepreneurs/courage/shame/F006
  [ 149/1000] book_0148 FAIL  3.4s  0w  healthcare_rns/depression/watcher/F006
  [ 150/1000] book_0149 FAIL  3.6s  0w  entrepreneurs/boundaries/shame/F006
  [ 151/1000] book_0151 FAIL  3.1s  0w  gen_x_sandwich/depression/watcher/F006
  [ 152/1000] book_0150 FAIL  3.5s  0w  working_parents/anxiety/grief/F006
  [ 153/1000] book_0152 FAIL  3.0s  0w  first_responders/financial_anxiety/shame/F006
  [ 154/1000] book_0153 FAIL  4.0s  0w  millennial_women_professionals/anxiety/false_alarm/F006
  [ 155/1000] book_0156 FAIL  2.2s  0w  gen_alpha_students/overthinking/spiral/F006
  [ 156/1000] book_0154 FAIL  3.3s  0w  entrepreneurs/somatic_healing/watcher/F006
  [ 157/1000] book_0155 FAIL  3.6s  0w  entrepreneurs/boundaries/shame/F006
  [ 158/1000] book_0157 FAIL  2.2s  0w  healthcare_rns/social_anxiety/false_alarm/F006
  [ 159/1000] book_0160 FAIL  2.0s  0w  entrepreneurs/burnout/watcher/F006
  [ 160/1000] book_0158 FAIL  3.7s  0w  working_parents/anxiety/grief/F006
  [ 161/1000] book_0159 FAIL  3.4s  0w  corporate_managers/anxiety/overwhelm/F006
  [ 162/1000] book_0162 FAIL  1.2s  0w  working_parents/burnout/watcher/F006
  [ 163/1000] book_0161 FAIL  2.4s  0w  gen_z_professionals/financial_anxiety/shame/F006
  [ 164/1000] book_0163 FAIL  1.2s  0w  healthcare_rns/sleep_anxiety/overwhelm/F006
  [ 165/1000] book_0166 FAIL  1.1s  0w  working_parents/overthinking/watcher/F006
  [ 166/1000] book_0164 FAIL  2.2s  0w  corporate_managers/anxiety/watcher/F006
  [ 167/1000] book_0165 FAIL  2.0s  0w  working_parents/sleep_anxiety/spiral/F006
  [ 168/1000] book_0167 FAIL  2.2s  0w  gen_x_sandwich/boundaries/comparison/F006
  [ 169/1000] book_0168 FAIL  2.9s  0w  gen_x_sandwich/anxiety/watcher/F006
  [ 170/1000] book_0169 FAIL  3.3s  0w  corporate_managers/courage/spiral/F006
  [ 171/1000] book_0170 FAIL  3.4s  0w  first_responders/imposter_syndrome/shame/F006
  [ 172/1000] book_0171 FAIL  3.4s  0w  entrepreneurs/financial_anxiety/spiral/F006
  [ 173/1000] book_0172 FAIL  2.1s  0w  gen_x_sandwich/social_anxiety/false_alarm/F006
  [ 174/1000] book_0174 FAIL  1.5s  0w  first_responders/social_anxiety/false_alarm/F006
  [ 175/1000] book_0173 FAIL  5.3s  0w  entrepreneurs/courage/spiral/F006
  [ 176/1000] book_0176 FAIL  5.7s  0w  corporate_managers/grief/watcher/F006
  [ 177/1000] book_0177 FAIL  12.8s  0w  first_responders/financial_anxiety/shame/F006
  [ 178/1000] book_0175 FAIL  19.8s  10596w  gen_alpha_students/anxiety/overwhelm/F006
  [ 179/1000] book_0178 FAIL  16.8s  0w  gen_alpha_students/financial_stress/spiral/F006
  [ 180/1000] book_0179 FAIL  18.2s  0w  gen_z_professionals/self_worth/comparison/F006
  [ 181/1000] book_0180 FAIL  15.4s  0w  millennial_women_professionals/anxiety/grief/F006
  [ 182/1000] book_0181 FAIL  10.1s  0w  gen_x_sandwich/imposter_syndrome/shame/F006
  [ 183/1000] book_0182 FAIL  11.3s  0w  first_responders/anxiety/overwhelm/F006
  [ 184/1000] book_0183 FAIL  10.2s  0w  working_parents/boundaries/comparison/F006
  [ 185/1000] book_0184 FAIL  7.6s  0w  tech_finance_burnout/courage/spiral/F006
  [ 186/1000] book_0185 FAIL  7.4s  0w  gen_z_professionals/financial_anxiety/shame/F006
  [ 187/1000] book_0186 FAIL  9.6s  0w  entrepreneurs/anxiety/grief/F006
  [ 188/1000] book_0187 FAIL  8.9s  0w  gen_z_professionals/depression/overwhelm/F006
  [ 189/1000] book_0189 FAIL  6.6s  0w  gen_x_sandwich/burnout/overwhelm/F006
  [ 190/1000] book_0188 FAIL  8.3s  0w  working_parents/sleep_anxiety/spiral/F006
  [ 191/1000] book_0191 FAIL  3.0s  0w  tech_finance_burnout/social_anxiety/shame/F006
  [ 192/1000] book_0190 FAIL  4.9s  0w  corporate_managers/imposter_syndrome/shame/F006
  [ 193/1000] book_0192 FAIL  3.9s  0w  gen_z_professionals/compassion_fatigue/grief/F006
  [ 194/1000] book_0193 FAIL  3.1s  0w  working_parents/compassion_fatigue/grief/F006
  [ 195/1000] book_0194 FAIL  3.1s  0w  gen_z_professionals/imposter_syndrome/comparison/F006
  [ 196/1000] book_0195 FAIL  2.9s  0w  gen_z_professionals/sleep_anxiety/spiral/F006
  [ 197/1000] book_0197 FAIL  4.9s  0w  gen_x_sandwich/anxiety/spiral/F006
  [ 198/1000] book_0198 FAIL  5.0s  0w  gen_z_professionals/grief/grief/F006
  [ 199/1000] book_0199 FAIL  5.0s  0w  millennial_women_professionals/grief/watcher/F006
  [ 200/1000] book_0196 OK  7.6s  10799w  gen_alpha_students/anxiety/grief/F006
  [ 201/1000] book_0200 FAIL  6.6s  0w  working_parents/self_worth/comparison/F006
  [ 202/1000] book_0203 FAIL  7.5s  0w  healthcare_rns/financial_stress/spiral/F006
  [ 203/1000] book_0202 FAIL  8.2s  0w  working_parents/compassion_fatigue/grief/F006
  [ 204/1000] book_0201 FAIL  8.5s  0w  millennial_women_professionals/compassion_fatigue/watcher/F006
  [ 205/1000] book_0205 FAIL  5.4s  0w  tech_finance_burnout/depression/overwhelm/F006
  [ 206/1000] book_0204 FAIL  9.3s  0w  gen_alpha_students/financial_anxiety/spiral/F006
  [ 207/1000] book_0206 FAIL  7.7s  0w  working_parents/courage/shame/F006
  [ 208/1000] book_0207 FAIL  8.0s  0w  gen_x_sandwich/financial_stress/shame/F006
  [ 209/1000] book_0209 FAIL  7.2s  0w  millennial_women_professionals/anxiety/shame/F006
  [ 210/1000] book_0208 FAIL  8.4s  0w  gen_x_sandwich/anxiety/comparison/F006
  [ 211/1000] book_0210 FAIL  6.5s  0w  millennial_women_professionals/anxiety/comparison/F006
  [ 212/1000] book_0211 FAIL  6.1s  0w  gen_alpha_students/boundaries/false_alarm/F006
  [ 213/1000] book_0212 FAIL  3.2s  0w  first_responders/burnout/watcher/F006
  [ 214/1000] book_0213 FAIL  6.2s  0w  entrepreneurs/sleep_anxiety/false_alarm/F006
  [ 215/1000] book_0214 FAIL  6.2s  0w  gen_alpha_students/grief/watcher/F006
  [ 216/1000] book_0215 FAIL  6.6s  0w  working_parents/courage/shame/F006
  [ 217/1000] book_0216 FAIL  4.5s  0w  entrepreneurs/overthinking/false_alarm/F006
  [ 218/1000] book_0217 FAIL  2.7s  0w  millennial_women_professionals/social_anxiety/shame/F006
  [ 219/1000] book_0218 FAIL  4.0s  0w  tech_finance_burnout/financial_anxiety/spiral/F006
  [ 220/1000] book_0219 FAIL  4.0s  0w  gen_x_sandwich/sleep_anxiety/spiral/F006
  [ 221/1000] book_0220 FAIL  4.2s  0w  gen_alpha_students/compassion_fatigue/overwhelm/F006
  [ 222/1000] book_0221 FAIL  5.2s  0w  gen_alpha_students/imposter_syndrome/comparison/F006
  [ 223/1000] book_0222 FAIL  4.3s  0w  working_parents/social_anxiety/false_alarm/F006
  [ 224/1000] book_0223 FAIL  4.2s  0w  healthcare_rns/overthinking/false_alarm/F006
  [ 225/1000] book_0225 FAIL  3.1s  0w  healthcare_rns/somatic_healing/overwhelm/F006
  [ 226/1000] book_0224 FAIL  6.4s  0w  working_parents/anxiety/overwhelm/F006
  [ 227/1000] book_0226 FAIL  3.4s  0w  healthcare_rns/social_anxiety/shame/F006
  [ 228/1000] book_0227 FAIL  3.0s  0w  first_responders/self_worth/comparison/F006
  [ 229/1000] book_0228 FAIL  7.2s  0w  corporate_managers/courage/false_alarm/F006
  [ 230/1000] book_0229 FAIL  11.1s  0w  first_responders/financial_stress/overwhelm/F006
  [ 231/1000] book_0231 FAIL  11.5s  0w  millennial_women_professionals/financial_stress/shame/F006
  [ 232/1000] book_0230 FAIL  12.7s  0w  tech_finance_burnout/anxiety/spiral/F006
  [ 233/1000] book_0232 FAIL  17.3s  0w  gen_alpha_students/burnout/watcher/F006
  [ 234/1000] book_0235 FAIL  21.0s  0w  entrepreneurs/self_worth/shame/F006
  [ 235/1000] book_0233 FAIL  23.8s  0w  entrepreneurs/anxiety/grief/F006
  [ 236/1000] book_0234 FAIL  23.9s  0w  gen_x_sandwich/anxiety/shame/F006
  [ 237/1000] book_0236 FAIL  17.9s  0w  gen_alpha_students/depression/overwhelm/F006
  [ 238/1000] book_0237 FAIL  9.6s  0w  healthcare_rns/financial_anxiety/overwhelm/F006
  [ 239/1000] book_0239 FAIL  10.1s  0w  tech_finance_burnout/depression/overwhelm/F006
  [ 240/1000] book_0238 FAIL  11.0s  0w  millennial_women_professionals/financial_anxiety/spiral/F006
  [ 241/1000] book_0243 FAIL  4.4s  0w  millennial_women_professionals/overthinking/spiral/F006
  [ 242/1000] book_0240 FAIL  11.3s  0w  millennial_women_professionals/anxiety/watcher/F006
  [ 243/1000] book_0241 FAIL  10.5s  0w  millennial_women_professionals/compassion_fatigue/overwhelm/F006
  [ 244/1000] book_0242 FAIL  8.8s  0w  tech_finance_burnout/depression/overwhelm/F006
  [ 245/1000] book_0244 FAIL  5.3s  0w  first_responders/depression/watcher/F006
  [ 246/1000] book_0245 FAIL  8.0s  0w  millennial_women_professionals/compassion_fatigue/grief/F006
  [ 247/1000] book_0246 FAIL  7.5s  0w  entrepreneurs/depression/overwhelm/F006
  [ 248/1000] book_0247 FAIL  7.0s  0w  working_parents/boundaries/false_alarm/F006
  [ 249/1000] book_0248 FAIL  7.4s  0w  entrepreneurs/self_worth/shame/F006
  [ 250/1000] book_0250 FAIL  3.5s  0w  entrepreneurs/overthinking/false_alarm/F006
  [ 251/1000] book_0251 FAIL  4.8s  0w  working_parents/sleep_anxiety/false_alarm/F006
  [ 252/1000] book_0249 FAIL  6.8s  0w  healthcare_rns/anxiety/overwhelm/F006
  [ 253/1000] book_0253 FAIL  3.1s  0w  entrepreneurs/burnout/overwhelm/F006
  [ 254/1000] book_0252 FAIL  5.4s  0w  tech_finance_burnout/anxiety/false_alarm/F006
  [ 255/1000] book_0254 FAIL  3.4s  0w  corporate_managers/overthinking/watcher/F006
  [ 256/1000] book_0256 FAIL  3.4s  0w  healthcare_rns/financial_anxiety/spiral/F006
  [ 257/1000] book_0255 FAIL  5.3s  0w  gen_z_professionals/boundaries/false_alarm/F006
  [ 258/1000] book_0257 FAIL  4.8s  0w  working_parents/depression/watcher/F006
  [ 259/1000] book_0259 FAIL  2.6s  0w  gen_z_professionals/burnout/watcher/F006
  [ 260/1000] book_0258 FAIL  4.5s  0w  tech_finance_burnout/self_worth/shame/F006
  [ 261/1000] book_0261 FAIL  3.2s  0w  healthcare_rns/boundaries/shame/F006
  [ 262/1000] book_0260 FAIL  3.4s  0w  healthcare_rns/anxiety/shame/F006
  [ 263/1000] book_0262 FAIL  3.0s  0w  millennial_women_professionals/depression/overwhelm/F006
  [ 264/1000] book_0263 FAIL  3.0s  0w  tech_finance_burnout/financial_anxiety/overwhelm/F006
  [ 265/1000] book_0264 FAIL  3.8s  0w  gen_alpha_students/boundaries/shame/F006
  [ 266/1000] book_0265 FAIL  4.0s  0w  tech_finance_burnout/anxiety/shame/F006
  [ 267/1000] book_0266 FAIL  3.8s  0w  working_parents/financial_anxiety/spiral/F006
  [ 268/1000] book_0267 FAIL  3.8s  0w  entrepreneurs/boundaries/shame/F006
  [ 269/1000] book_0270 FAIL  1.9s  0w  corporate_managers/overthinking/watcher/F006
  [ 270/1000] book_0268 FAIL  3.3s  0w  gen_z_professionals/overthinking/spiral/F006
  [ 271/1000] book_0269 FAIL  3.2s  0w  entrepreneurs/financial_anxiety/spiral/F006
  [ 272/1000] book_0271 FAIL  3.6s  0w  gen_z_professionals/anxiety/shame/F006
  [ 273/1000] book_0272 FAIL  4.0s  0w  gen_x_sandwich/compassion_fatigue/grief/F006
  [ 274/1000] book_0273 FAIL  4.2s  0w  first_responders/anxiety/grief/F006
  [ 275/1000] book_0274 FAIL  4.5s  0w  healthcare_rns/anxiety/grief/F006
  [ 276/1000] book_0275 FAIL  4.2s  0w  millennial_women_professionals/courage/shame/F006
  [ 277/1000] book_0276 FAIL  2.1s  0w  healthcare_rns/social_anxiety/false_alarm/F006
  [ 278/1000] book_0277 FAIL  3.0s  0w  corporate_managers/sleep_anxiety/false_alarm/F006
  [ 279/1000] book_0278 FAIL  3.3s  0w  corporate_managers/anxiety/grief/F006
  [ 280/1000] book_0279 FAIL  2.9s  0w  tech_finance_burnout/sleep_anxiety/spiral/F006
  [ 281/1000] book_0280 FAIL  3.0s  0w  gen_x_sandwich/financial_anxiety/shame/F006
  [ 282/1000] book_0282 FAIL  1.4s  0w  millennial_women_professionals/social_anxiety/comparison/F006
  [ 283/1000] book_0284 FAIL  1.4s  0w  first_responders/somatic_healing/overwhelm/F006
  [ 284/1000] book_0281 FAIL  2.6s  0w  working_parents/grief/watcher/F006
  [ 285/1000] book_0283 FAIL  2.6s  0w  gen_x_sandwich/depression/watcher/F006
  [ 286/1000] book_0287 FAIL  1.6s  0w  gen_x_sandwich/overthinking/false_alarm/F006
  [ 287/1000] book_0285 FAIL  3.1s  0w  gen_z_professionals/courage/shame/F006
  [ 288/1000] book_0286 FAIL  2.9s  0w  entrepreneurs/somatic_healing/overwhelm/F006
  [ 289/1000] book_0288 FAIL  1.9s  0w  corporate_managers/social_anxiety/comparison/F006
  [ 290/1000] book_0289 FAIL  2.1s  0w  tech_finance_burnout/social_anxiety/shame/F006
  [ 291/1000] book_0290 FAIL  2.8s  0w  gen_z_professionals/compassion_fatigue/grief/F006
  [ 292/1000] book_0291 FAIL  2.8s  0w  tech_finance_burnout/financial_stress/shame/F006
  [ 293/1000] book_0292 FAIL  2.8s  0w  working_parents/boundaries/false_alarm/F006
  [ 294/1000] book_0293 FAIL  2.8s  0w  tech_finance_burnout/anxiety/grief/F006
  [ 295/1000] book_0294 FAIL  3.1s  0w  gen_x_sandwich/financial_stress/overwhelm/F006
  [ 296/1000] book_0295 FAIL  3.2s  0w  gen_z_professionals/overthinking/false_alarm/F006
  [ 297/1000] book_0296 FAIL  3.2s  0w  millennial_women_professionals/boundaries/false_alarm/F006
  [ 298/1000] book_0297 FAIL  3.7s  0w  gen_x_sandwich/courage/false_alarm/F006
  [ 299/1000] book_0300 FAIL  2.4s  0w  millennial_women_professionals/overthinking/false_alarm/F006
  [ 300/1000] book_0298 FAIL  3.9s  0w  working_parents/anxiety/comparison/F006
  [ 301/1000] book_0299 FAIL  4.2s  0w  entrepreneurs/anxiety/watcher/F006
  [ 302/1000] book_0301 FAIL  6.3s  0w  entrepreneurs/compassion_fatigue/overwhelm/F006
  [ 303/1000] book_0302 FAIL  5.8s  0w  corporate_managers/anxiety/spiral/F009
  [ 304/1000] book_0305 FAIL  1.3s  0w  healthcare_rns/somatic_healing/watcher/F006
  [ 305/1000] book_0303 FAIL  6.1s  0w  healthcare_rns/financial_stress/shame/F006
  [ 306/1000] book_0304 FAIL  6.8s  0w  millennial_women_professionals/sleep_anxiety/spiral/F006
  [ 307/1000] book_0308 FAIL  3.9s  0w  first_responders/burnout/grief/F006
  [ 308/1000] book_0309 FAIL  3.4s  0w  first_responders/burnout/watcher/F006
  [ 309/1000] book_0306 FAIL  6.3s  0w  corporate_managers/anxiety/shame/F006
  [ 310/1000] book_0307 FAIL  6.0s  0w  gen_alpha_students/depression/watcher/F006
  [ 311/1000] book_0312 FAIL  1.7s  0w  healthcare_rns/financial_anxiety/shame/F006
  [ 312/1000] book_0313 FAIL  1.7s  0w  healthcare_rns/somatic_healing/watcher/F006
  [ 313/1000] book_0310 FAIL  3.3s  0w  corporate_managers/financial_stress/spiral/F006
  [ 314/1000] book_0311 FAIL  3.2s  0w  working_parents/depression/grief/F006
  [ 315/1000] book_0316 FAIL  2.3s  0w  first_responders/compassion_fatigue/overwhelm/F006
  [ 316/1000] book_0315 FAIL  3.5s  0w  gen_x_sandwich/financial_anxiety/overwhelm/F006
  [ 317/1000] book_0314 FAIL  3.8s  0w  gen_x_sandwich/anxiety/grief/F006
  [ 318/1000] book_0317 FAIL  4.5s  0w  healthcare_rns/anxiety/shame/F006
  [ 319/1000] book_0318 FAIL  5.1s  0w  millennial_women_professionals/anxiety/grief/F006
  [ 320/1000] book_0319 FAIL  5.0s  0w  first_responders/anxiety/grief/F006
  [ 321/1000] book_0320 FAIL  5.0s  0w  tech_finance_burnout/boundaries/comparison/F006
  [ 322/1000] book_0321 FAIL  6.2s  0w  gen_alpha_students/imposter_syndrome/shame/F006
  [ 323/1000] book_0322 FAIL  9.5s  0w  tech_finance_burnout/boundaries/shame/F006
  [ 324/1000] book_0323 FAIL  9.1s  0w  entrepreneurs/grief/watcher/F006
  [ 325/1000] book_0324 FAIL  9.4s  0w  working_parents/anxiety/grief/F006
  [ 326/1000] book_0325 FAIL  7.4s  0w  gen_z_professionals/grief/watcher/F006
  [ 327/1000] book_0326 FAIL  3.8s  0w  gen_alpha_students/courage/shame/F006
  [ 328/1000] book_0329 FAIL  2.4s  0w  millennial_women_professionals/overthinking/watcher/F006
  [ 329/1000] book_0328 FAIL  3.7s  0w  entrepreneurs/self_worth/comparison/F006
  [ 330/1000] book_0327 FAIL  4.1s  0w  healthcare_rns/anxiety/shame/F006
  [ 331/1000] book_0330 FAIL  8.2s  0w  corporate_managers/burnout/watcher/F006
  [ 332/1000] book_0331 FAIL  13.6s  0w  gen_x_sandwich/grief/watcher/F006
  [ 333/1000] book_0333 FAIL  13.3s  0w  corporate_managers/imposter_syndrome/comparison/F006
  [ 334/1000] book_0332 FAIL  13.4s  0w  gen_z_professionals/compassion_fatigue/overwhelm/F006
  [ 335/1000] book_0335 FAIL  1.8s  0w  gen_x_sandwich/overthinking/spiral/F006
  [ 336/1000] book_0334 FAIL  6.8s  0w  gen_z_professionals/anxiety/shame/F006
  [ 337/1000] book_0336 FAIL  2.9s  0w  tech_finance_burnout/somatic_healing/watcher/F006
  [ 338/1000] book_0337 FAIL  3.0s  0w  gen_alpha_students/boundaries/comparison/F006
  [ 339/1000] book_0338 FAIL  3.8s  0w  millennial_women_professionals/depression/watcher/F006
  [ 340/1000] book_0339 FAIL  3.9s  0w  corporate_managers/financial_anxiety/overwhelm/F006
  [ 341/1000] book_0341 FAIL  3.5s  0w  tech_finance_burnout/somatic_healing/watcher/F006
  [ 342/1000] book_0340 FAIL  3.7s  0w  tech_finance_burnout/financial_stress/spiral/F006
  [ 343/1000] book_0344 FAIL  1.8s  0w  gen_alpha_students/overthinking/spiral/F006
  [ 344/1000] book_0342 FAIL  2.9s  0w  gen_alpha_students/sleep_anxiety/spiral/F006
  [ 345/1000] book_0343 FAIL  3.2s  0w  corporate_managers/anxiety/spiral/F006
  [ 346/1000] book_0345 FAIL  3.5s  0w  working_parents/depression/watcher/F006
  [ 347/1000] book_0347 FAIL  2.3s  0w  healthcare_rns/financial_stress/overwhelm/F006
  [ 348/1000] book_0346 FAIL  2.9s  0w  working_parents/anxiety/overwhelm/F006
  [ 349/1000] book_0350 FAIL  1.1s  0w  corporate_managers/social_anxiety/shame/F006
  [ 350/1000] book_0349 FAIL  2.1s  0w  millennial_women_professionals/anxiety/spiral/F006
  [ 351/1000] book_0351 FAIL  1.1s  0w  first_responders/compassion_fatigue/overwhelm/F006
  [ 352/1000] book_0352 FAIL  1.1s  0w  healthcare_rns/somatic_healing/watcher/F006
  [ 353/1000] book_0348 FAIL  3.9s  10980w  gen_alpha_students/anxiety/comparison/F006
  [ 354/1000] book_0353 FAIL  1.6s  0w  corporate_managers/somatic_healing/watcher/F006
  [ 355/1000] book_0356 FAIL  0.9s  0w  first_responders/self_worth/comparison/F006
  [ 356/1000] book_0354 FAIL  1.6s  0w  tech_finance_burnout/sleep_anxiety/false_alarm/F006
  [ 357/1000] book_0355 FAIL  1.6s  0w  tech_finance_burnout/compassion_fatigue/grief/F006
  [ 358/1000] book_0358 FAIL  2.6s  0w  working_parents/depression/overwhelm/F006
  [ 359/1000] book_0357 FAIL  2.8s  0w  gen_x_sandwich/compassion_fatigue/grief/F006
  [ 360/1000] book_0359 FAIL  3.1s  0w  entrepreneurs/anxiety/shame/F006
  [ 361/1000] book_0360 FAIL  3.0s  0w  millennial_women_professionals/depression/overwhelm/F006
  [ 362/1000] book_0362 FAIL  1.6s  0w  gen_x_sandwich/overthinking/false_alarm/F006
  [ 363/1000] book_0361 FAIL  2.7s  0w  working_parents/boundaries/false_alarm/F006
  [ 364/1000] book_0363 FAIL  3.5s  0w  entrepreneurs/anxiety/false_alarm/F006
  [ 365/1000] book_0364 FAIL  3.3s  0w  entrepreneurs/courage/shame/F006
  [ 366/1000] book_0365 FAIL  3.1s  0w  gen_z_professionals/imposter_syndrome/comparison/F006
  [ 367/1000] book_0366 FAIL  2.2s  0w  healthcare_rns/social_anxiety/false_alarm/F006
  [ 368/1000] book_0367 FAIL  4.3s  0w  entrepreneurs/sleep_anxiety/false_alarm/F006
  [ 369/1000] book_0368 FAIL  4.2s  0w  working_parents/self_worth/comparison/F006
  [ 370/1000] book_0369 FAIL  4.2s  0w  healthcare_rns/self_worth/comparison/F006
  [ 371/1000] book_0370 FAIL  4.3s  0w  working_parents/courage/spiral/F006
  [ 372/1000] book_0372 FAIL  1.6s  0w  gen_z_professionals/social_anxiety/false_alarm/F006
  [ 373/1000] book_0371 FAIL  2.7s  0w  gen_z_professionals/financial_anxiety/spiral/F006
  [ 374/1000] book_0374 FAIL  2.5s  0w  corporate_managers/sleep_anxiety/false_alarm/F006
  [ 375/1000] book_0373 FAIL  2.7s  0w  entrepreneurs/anxiety/overwhelm/F006
  [ 376/1000] book_0375 FAIL  2.4s  0w  millennial_women_professionals/imposter_syndrome/shame/F006
  [ 377/1000] book_0377 FAIL  1.3s  0w  gen_alpha_students/overthinking/watcher/F006
  [ 378/1000] book_0378 FAIL  1.3s  0w  working_parents/overthinking/false_alarm/F006
  [ 379/1000] book_0376 FAIL  2.3s  0w  working_parents/depression/watcher/F006
  [ 380/1000] book_0379 FAIL  3.1s  0w  gen_x_sandwich/anxiety/watcher/F006
  [ 381/1000] book_0380 FAIL  2.8s  0w  corporate_managers/self_worth/comparison/F006
  [ 382/1000] book_0381 FAIL  3.0s  0w  healthcare_rns/compassion_fatigue/overwhelm/F006
  [ 383/1000] book_0382 FAIL  3.0s  0w  gen_z_professionals/grief/watcher/F006
  [ 384/1000] book_0384 FAIL  1.4s  0w  healthcare_rns/financial_anxiety/overwhelm/F006
  [ 385/1000] book_0383 FAIL  2.2s  0w  tech_finance_burnout/imposter_syndrome/comparison/F006
  [ 386/1000] book_0386 FAIL  2.4s  0w  gen_x_sandwich/anxiety/overwhelm/F006
  [ 387/1000] book_0388 FAIL  1.3s  0w  gen_x_sandwich/burnout/watcher/F006
  [ 388/1000] book_0385 FAIL  3.7s  10547w  gen_alpha_students/anxiety/watcher/F006
  [ 389/1000] book_0387 FAIL  3.6s  10424w  gen_alpha_students/anxiety/overwhelm/F006
  [ 390/1000] book_0389 FAIL  2.2s  0w  gen_alpha_students/somatic_healing/overwhelm/F006
  [ 391/1000] book_0390 FAIL  2.3s  0w  millennial_women_professionals/financial_anxiety/overwhelm/F006
  [ 392/1000] book_0391 FAIL  2.3s  0w  first_responders/boundaries/comparison/F006
  [ 393/1000] book_0392 FAIL  2.4s  0w  corporate_managers/somatic_healing/overwhelm/F006
  [ 394/1000] book_0393 FAIL  2.6s  0w  corporate_managers/financial_anxiety/overwhelm/F006
  [ 395/1000] book_0394 FAIL  3.0s  0w  gen_x_sandwich/imposter_syndrome/shame/F006
  [ 396/1000] book_0395 FAIL  3.6s  0w  gen_x_sandwich/compassion_fatigue/overwhelm/F006
  [ 397/1000] book_0396 FAIL  4.2s  0w  tech_finance_burnout/compassion_fatigue/overwhelm/F006
  [ 398/1000] book_0399 FAIL  2.1s  0w  working_parents/overthinking/spiral/F006
  [ 399/1000] book_0397 FAIL  4.1s  0w  healthcare_rns/depression/grief/F006
  [ 400/1000] book_0398 FAIL  3.9s  0w  corporate_managers/anxiety/shame/F006
  [ 401/1000] book_0401 FAIL  1.7s  0w  healthcare_rns/financial_stress/shame/F006
  [ 402/1000] book_0400 FAIL  2.3s  0w  entrepreneurs/financial_stress/overwhelm/F006
  [ 403/1000] book_0402 FAIL  2.2s  0w  gen_z_professionals/depression/watcher/F006
  [ 404/1000] book_0403 FAIL  1.9s  0w  working_parents/somatic_healing/overwhelm/F006
  [ 405/1000] book_0404 FAIL  2.1s  0w  entrepreneurs/financial_anxiety/overwhelm/F006
  [ 406/1000] book_0407 FAIL  1.5s  0w  healthcare_rns/burnout/overwhelm/F006
  [ 407/1000] book_0405 FAIL  2.3s  0w  gen_x_sandwich/sleep_anxiety/overwhelm/F006
  [ 408/1000] book_0406 FAIL  2.5s  0w  tech_finance_burnout/grief/watcher/F006
  [ 409/1000] book_0410 FAIL  1.6s  0w  millennial_women_professionals/social_anxiety/shame/F006
  [ 410/1000] book_0408 FAIL  2.9s  0w  millennial_women_professionals/sleep_anxiety/overwhelm/F006
  [ 411/1000] book_0409 FAIL  3.0s  0w  gen_z_professionals/financial_stress/overwhelm/F006
  [ 412/1000] book_0411 FAIL  2.9s  0w  healthcare_rns/self_worth/shame/F006
  [ 413/1000] book_0414 FAIL  1.6s  0w  healthcare_rns/sleep_anxiety/overwhelm/F006
  [ 414/1000] book_0412 FAIL  3.0s  0w  millennial_women_professionals/financial_stress/shame/F006
  [ 415/1000] book_0413 FAIL  2.9s  0w  tech_finance_burnout/anxiety/comparison/F006
  [ 416/1000] book_0415 FAIL  2.5s  0w  gen_alpha_students/somatic_healing/watcher/F006
  [ 417/1000] book_0418 FAIL  1.9s  0w  working_parents/burnout/grief/F006
  [ 418/1000] book_0417 FAIL  3.0s  0w  tech_finance_burnout/somatic_healing/overwhelm/F006
  [ 419/1000] book_0416 FAIL  3.6s  0w  tech_finance_burnout/anxiety/overwhelm/F006
  [ 420/1000] book_0419 FAIL  3.6s  0w  millennial_women_professionals/depression/overwhelm/F006
  [ 421/1000] book_0422 FAIL  1.7s  0w  millennial_women_professionals/overthinking/watcher/F006
  [ 422/1000] book_0420 FAIL  2.9s  0w  gen_z_professionals/somatic_healing/overwhelm/F006
  [ 423/1000] book_0421 FAIL  3.0s  0w  working_parents/anxiety/watcher/F006
  [ 424/1000] book_0424 FAIL  0.9s  0w  healthcare_rns/overthinking/false_alarm/F006
  [ 425/1000] book_0425 FAIL  1.0s  0w  healthcare_rns/burnout/watcher/F006
  [ 426/1000] book_0423 FAIL  1.7s  0w  gen_x_sandwich/financial_anxiety/spiral/F006
  [ 427/1000] book_0426 FAIL  1.1s  0w  gen_alpha_students/overthinking/spiral/F006
  [ 428/1000] book_0427 FAIL  1.9s  0w  corporate_managers/depression/watcher/F006
  [ 429/1000] book_0428 FAIL  1.9s  0w  tech_finance_burnout/boundaries/false_alarm/F006
  [ 430/1000] book_0429 FAIL  2.1s  0w  gen_z_professionals/boundaries/false_alarm/F006
  [ 431/1000] book_0430 FAIL  2.2s  0w  healthcare_rns/anxiety/false_alarm/F006
  [ 432/1000] book_0433 FAIL  1.4s  0w  first_responders/burnout/watcher/F006
  [ 433/1000] book_0431 FAIL  2.7s  0w  healthcare_rns/boundaries/comparison/F006
  [ 434/1000] book_0432 FAIL  2.9s  0w  working_parents/courage/spiral/F006
  [ 435/1000] book_0434 FAIL  2.6s  0w  nyc_executives/anxiety/spiral/F015
  [ 436/1000] book_0435 FAIL  3.2s  0w  tech_finance_burnout/boundaries/false_alarm/F006
  [ 437/1000] book_0437 FAIL  3.1s  0w  millennial_women_professionals/boundaries/shame/F006
  [ 438/1000] book_0436 FAIL  3.6s  0w  corporate_managers/anxiety/false_alarm/F006
  [ 439/1000] book_0438 FAIL  2.6s  0w  millennial_women_professionals/imposter_syndrome/comparison/F006
  [ 440/1000] book_0439 FAIL  1.9s  0w  gen_alpha_students/overthinking/spiral/F006
  [ 441/1000] book_0441 FAIL  2.8s  0w  gen_x_sandwich/burnout/grief/F006
  [ 442/1000] book_0440 FAIL  5.8s  0w  gen_x_sandwich/financial_anxiety/shame/F006
  [ 443/1000] book_0442 FAIL  5.9s  0w  working_parents/financial_anxiety/overwhelm/F006
  [ 444/1000] book_0443 FAIL  5.9s  0w  entrepreneurs/anxiety/spiral/F006
  [ 445/1000] book_0444 FAIL  5.0s  0w  working_parents/courage/false_alarm/F006
  [ 446/1000] book_0447 FAIL  1.6s  0w  first_responders/depression/grief/F006
  [ 447/1000] book_0445 FAIL  2.6s  0w  working_parents/courage/spiral/F006
  [ 448/1000] book_0446 FAIL  2.6s  0w  tech_finance_burnout/somatic_healing/overwhelm/F006
  [ 449/1000] book_0448 FAIL  1.4s  0w  healthcare_rns/financial_stress/spiral/F006
  [ 450/1000] book_0450 FAIL  1.0s  0w  gen_z_professionals/burnout/grief/F006
  [ 451/1000] book_0451 FAIL  1.0s  0w  tech_finance_burnout/overthinking/false_alarm/F006
  [ 452/1000] book_0449 FAIL  1.5s  0w  millennial_women_professionals/somatic_healing/watcher/F006
  [ 453/1000] book_0454 FAIL  1.0s  0w  healthcare_rns/sleep_anxiety/spiral/F006
  [ 454/1000] book_0452 FAIL  1.9s  0w  first_responders/financial_anxiety/overwhelm/F006
  [ 455/1000] book_0453 FAIL  2.8s  0w  millennial_women_professionals/sleep_anxiety/false_alarm/F006
  [ 456/1000] book_0455 FAIL  3.6s  0w  working_parents/financial_stress/shame/F006
  [ 457/1000] book_0456 FAIL  2.8s  0w  gen_alpha_students/social_anxiety/comparison/F006
  [ 458/1000] book_0458 FAIL  2.6s  0w  millennial_women_professionals/overthinking/false_alarm/F006
  [ 459/1000] book_0457 FAIL  4.4s  0w  first_responders/financial_stress/spiral/F006
  [ 460/1000] book_0460 FAIL  4.2s  0w  millennial_women_professionals/anxiety/watcher/F006
  [ 461/1000] book_0459 FAIL  4.3s  0w  gen_z_professionals/anxiety/comparison/F006
  [ 462/1000] book_0461 FAIL  3.4s  0w  corporate_managers/sleep_anxiety/overwhelm/F006
  [ 463/1000] book_0462 FAIL  2.7s  0w  healthcare_rns/financial_stress/shame/F006
  [ 464/1000] book_0463 FAIL  2.1s  0w  gen_alpha_students/financial_stress/shame/F006
  [ 465/1000] book_0464 FAIL  2.0s  0w  gen_x_sandwich/financial_stress/shame/F006
  [ 466/1000] book_0466 FAIL  2.1s  0w  healthcare_rns/anxiety/overwhelm/F006
  [ 467/1000] book_0467 FAIL  1.0s  0w  corporate_managers/burnout/watcher/F006
  [ 468/1000] book_0465 OK  3.0s  10533w  gen_alpha_students/anxiety/overwhelm/F006
  [ 469/1000] book_0468 FAIL  1.6s  0w  gen_z_professionals/financial_anxiety/spiral/F006
  [ 470/1000] book_0469 FAIL  1.7s  0w  working_parents/financial_stress/shame/F006
  [ 471/1000] book_0471 FAIL  1.3s  0w  corporate_managers/overthinking/false_alarm/F006
  [ 472/1000] book_0470 FAIL  2.0s  0w  healthcare_rns/grief/watcher/F006
  [ 473/1000] book_0472 FAIL  2.0s  0w  corporate_managers/compassion_fatigue/grief/F006
  [ 474/1000] book_0473 FAIL  1.9s  0w  tech_finance_burnout/financial_stress/shame/F006
  [ 475/1000] book_0475 FAIL  1.7s  0w  gen_x_sandwich/somatic_healing/overwhelm/F006
  [ 476/1000] book_0474 FAIL  1.8s  0w  gen_z_professionals/financial_anxiety/shame/F006
  [ 477/1000] book_0477 FAIL  1.3s  0w  healthcare_rns/somatic_healing/watcher/F006
  [ 478/1000] book_0476 FAIL  2.5s  0w  healthcare_rns/anxiety/false_alarm/F006
  [ 479/1000] book_0479 FAIL  3.7s  0w  gen_z_professionals/boundaries/shame/F006
  [ 480/1000] book_0478 FAIL  4.3s  0w  millennial_women_professionals/anxiety/spiral/F006
  [ 481/1000] book_0480 FAIL  4.8s  0w  gen_x_sandwich/financial_stress/spiral/F006
  [ 482/1000] book_0481 FAIL  6.1s  0w  corporate_managers/sleep_anxiety/false_alarm/F006
  [ 483/1000] book_0482 FAIL  8.7s  0w  gen_z_professionals/financial_anxiety/overwhelm/F006
  [ 484/1000] book_0485 FAIL  4.8s  0w  healthcare_rns/burnout/overwhelm/F006
  [ 485/1000] book_0484 FAIL  8.2s  0w  working_parents/anxiety/overwhelm/F006
  [ 486/1000] book_0483 FAIL  11.5s  10916w  gen_alpha_students/anxiety/false_alarm/F006
  [ 487/1000] book_0488 FAIL  3.5s  0w  gen_z_professionals/burnout/watcher/F006
  [ 488/1000] book_0486 FAIL  5.7s  0w  gen_x_sandwich/courage/spiral/F006
  [ 489/1000] book_0487 FAIL  6.2s  0w  tech_finance_burnout/anxiety/grief/F006
  [ 490/1000] book_0490 FAIL  1.9s  0w  healthcare_rns/overthinking/false_alarm/F006
  [ 491/1000] book_0489 FAIL  3.9s  0w  first_responders/courage/false_alarm/F006
  [ 492/1000] book_0491 FAIL  1.8s  0w  first_responders/somatic_healing/watcher/F006
  [ 493/1000] book_0492 FAIL  2.7s  0w  entrepreneurs/compassion_fatigue/grief/F006
  [ 494/1000] book_0494 FAIL  3.9s  0w  millennial_women_professionals/financial_anxiety/shame/F006
  [ 495/1000] book_0495 FAIL  3.8s  0w  working_parents/sleep_anxiety/overwhelm/F006
  [ 496/1000] book_0493 FAIL  5.9s  10546w  gen_alpha_students/anxiety/false_alarm/F006
  [ 497/1000] book_0496 FAIL  4.2s  0w  tech_finance_burnout/self_worth/shame/F006
  [ 498/1000] book_0497 FAIL  3.7s  0w  gen_z_professionals/self_worth/shame/F006
  [ 499/1000] book_0498 FAIL  3.8s  0w  gen_x_sandwich/compassion_fatigue/grief/F006
  [ 500/1000] book_0499 FAIL  3.8s  0w  millennial_women_professionals/compassion_fatigue/watcher/F006
  [ 501/1000] book_0501 FAIL  2.5s  0w  gen_z_professionals/overthinking/false_alarm/F006
  [ 502/1000] book_0500 FAIL  4.7s  0w  gen_z_professionals/anxiety/watcher/F006
  [ 503/1000] book_0502 FAIL  4.0s  0w  gen_z_professionals/depression/watcher/F006
  [ 504/1000] book_0503 FAIL  4.8s  0w  healthcare_rns/grief/watcher/F006
  [ 505/1000] book_0504 FAIL  4.5s  0w  tech_finance_burnout/compassion_fatigue/watcher/F006
  [ 506/1000] book_0505 FAIL  4.3s  0w  gen_x_sandwich/boundaries/false_alarm/F006
  [ 507/1000] book_0506 FAIL  3.8s  0w  tech_finance_burnout/imposter_syndrome/shame/F006
  [ 508/1000] book_0508 FAIL  1.9s  0w  corporate_managers/social_anxiety/shame/F006
  [ 509/1000] book_0507 FAIL  3.0s  0w  first_responders/boundaries/false_alarm/F006
  [ 510/1000] book_0509 FAIL  3.0s  0w  gen_z_professionals/somatic_healing/watcher/F006
  [ 511/1000] book_0511 FAIL  1.6s  0w  healthcare_rns/somatic_healing/watcher/F006
  [ 512/1000] book_0510 FAIL  3.0s  0w  gen_x_sandwich/boundaries/shame/F006
  [ 513/1000] book_0512 FAIL  1.4s  0w  corporate_managers/overthinking/spiral/F006
  [ 514/1000] book_0513 FAIL  2.0s  0w  first_responders/sleep_anxiety/overwhelm/F006
  [ 515/1000] book_0515 FAIL  2.6s  0w  first_responders/depression/grief/F006
  [ 516/1000] book_0514 FAIL  4.2s  0w  entrepreneurs/financial_anxiety/overwhelm/F006
  [ 517/1000] book_0517 FAIL  2.7s  0w  healthcare_rns/imposter_syndrome/comparison/F006
  [ 518/1000] book_0516 FAIL  4.1s  0w  entrepreneurs/somatic_healing/watcher/F006
  [ 519/1000] book_0519 FAIL  1.9s  0w  millennial_women_professionals/burnout/overwhelm/F006
  [ 520/1000] book_0518 FAIL  3.4s  0w  tech_finance_burnout/compassion_fatigue/grief/F006
  [ 521/1000] book_0521 FAIL  2.0s  0w  tech_finance_burnout/depression/grief/F006
  [ 522/1000] book_0520 FAIL  3.3s  0w  gen_alpha_students/financial_stress/overwhelm/F006
  [ 523/1000] book_0522 FAIL  3.5s  0w  working_parents/financial_stress/overwhelm/F006
  [ 524/1000] book_0524 FAIL  4.2s  0w  gen_z_professionals/depression/grief/F006
  [ 525/1000] book_0523 FAIL  4.6s  0w  gen_z_professionals/anxiety/watcher/F006
  [ 526/1000] book_0525 FAIL  4.5s  0w  millennial_women_professionals/anxiety/overwhelm/F006
  [ 527/1000] book_0526 FAIL  3.4s  0w  entrepreneurs/imposter_syndrome/comparison/F006
  [ 528/1000] book_0528 FAIL  1.6s  0w  gen_x_sandwich/burnout/overwhelm/F006
  [ 529/1000] book_0529 FAIL  1.5s  0w  healthcare_rns/somatic_healing/overwhelm/F006
  [ 530/1000] book_0527 FAIL  2.7s  0w  gen_alpha_students/financial_stress/overwhelm/F006
  [ 531/1000] book_0532 FAIL  1.6s  0w  healthcare_rns/financial_anxiety/overwhelm/F006
  [ 532/1000] book_0530 FAIL  2.6s  0w  gen_x_sandwich/imposter_syndrome/comparison/F006
  [ 533/1000] book_0531 FAIL  2.7s  0w  gen_z_professionals/courage/false_alarm/F006
  [ 534/1000] book_0533 FAIL  3.8s  0w  gen_x_sandwich/anxiety/grief/F006
  [ 535/1000] book_0534 FAIL  4.3s  0w  healthcare_rns/anxiety/spiral/F006
  [ 536/1000] book_0536 FAIL  4.1s  0w  gen_alpha_students/boundaries/comparison/F006
  [ 537/1000] book_0535 FAIL  4.4s  0w  healthcare_rns/anxiety/grief/F006
  [ 538/1000] book_0537 FAIL  4.2s  0w  millennial_women_professionals/courage/false_alarm/F006
  [ 539/1000] book_0540 FAIL  2.6s  0w  corporate_managers/burnout/grief/F006
  [ 540/1000] book_0539 FAIL  4.0s  0w  working_parents/imposter_syndrome/shame/F006
  [ 541/1000] book_0541 FAIL  2.6s  0w  gen_z_professionals/overthinking/watcher/F006
  [ 542/1000] book_0538 FAIL  6.1s  10549w  gen_alpha_students/anxiety/shame/F006
  [ 543/1000] book_0542 FAIL  3.2s  0w  healthcare_rns/depression/grief/F006
  [ 544/1000] book_0543 FAIL  2.8s  0w  gen_z_professionals/financial_stress/spiral/F006
  [ 545/1000] book_0544 FAIL  2.4s  0w  gen_x_sandwich/self_worth/comparison/F006
  [ 546/1000] book_0545 FAIL  1.4s  0w  corporate_managers/burnout/overwhelm/F006
  [ 547/1000] book_0546 FAIL  1.4s  0w  entrepreneurs/social_anxiety/shame/F006
  [ 548/1000] book_0550 FAIL  2.1s  0w  millennial_women_professionals/burnout/watcher/F006
  [ 549/1000] book_0547 FAIL  3.2s  0w  working_parents/imposter_syndrome/shame/F006
  [ 550/1000] book_0548 FAIL  3.6s  0w  gen_x_sandwich/grief/grief/F006
  [ 551/1000] book_0549 FAIL  3.8s  0w  working_parents/self_worth/shame/F006
  [ 552/1000] book_0553 FAIL  4.7s  0w  corporate_managers/overthinking/watcher/F006
  [ 553/1000] book_0551 FAIL  7.3s  0w  tech_finance_burnout/imposter_syndrome/shame/F006
  [ 554/1000] book_0552 FAIL  7.4s  0w  first_responders/boundaries/false_alarm/F006
  [ 555/1000] book_0554 FAIL  7.2s  0w  gen_x_sandwich/compassion_fatigue/grief/F006
  [ 556/1000] book_0555 FAIL  3.3s  0w  gen_z_professionals/burnout/grief/F006
  [ 557/1000] book_0558 FAIL  2.0s  0w  working_parents/burnout/watcher/F006
  [ 558/1000] book_0556 FAIL  3.6s  0w  healthcare_rns/compassion_fatigue/overwhelm/F006
  [ 559/1000] book_0557 FAIL  3.5s  0w  corporate_managers/sleep_anxiety/overwhelm/F006
  [ 560/1000] book_0559 FAIL  3.0s  0w  millennial_women_professionals/courage/spiral/F006
  [ 561/1000] book_0561 FAIL  2.3s  0w  gen_z_professionals/anxiety/shame/F006
  [ 562/1000] book_0560 FAIL  2.7s  0w  working_parents/financial_anxiety/overwhelm/F006
  [ 563/1000] book_0563 FAIL  1.8s  0w  tech_finance_burnout/burnout/watcher/F006
  [ 564/1000] book_0562 FAIL  2.9s  0w  gen_alpha_students/courage/spiral/F006
  [ 565/1000] book_0564 FAIL  4.5s  0w  entrepreneurs/financial_anxiety/shame/F006
  [ 566/1000] book_0565 FAIL  4.9s  0w  gen_x_sandwich/financial_anxiety/overwhelm/F006
  [ 567/1000] book_0566 FAIL  4.9s  0w  gen_alpha_students/depression/overwhelm/F006
  [ 568/1000] book_0567 FAIL  4.8s  0w  tech_finance_burnout/courage/spiral/F006
  [ 569/1000] book_0569 FAIL  1.7s  0w  tech_finance_burnout/overthinking/watcher/F006
  [ 570/1000] book_0571 FAIL  1.5s  0w  corporate_managers/overthinking/false_alarm/F006
  [ 571/1000] book_0568 FAIL  2.8s  0w  gen_x_sandwich/self_worth/shame/F006
  [ 572/1000] book_0570 FAIL  3.2s  0w  tech_finance_burnout/anxiety/watcher/F006
  [ 573/1000] book_0573 FAIL  2.2s  0w  healthcare_rns/sleep_anxiety/false_alarm/F006
  [ 574/1000] book_0572 FAIL  3.4s  0w  gen_alpha_students/self_worth/comparison/F006
  [ 575/1000] book_0574 FAIL  4.8s  0w  tech_finance_burnout/anxiety/shame/F006
  [ 576/1000] book_0575 FAIL  8.0s  0w  entrepreneurs/compassion_fatigue/watcher/F006
  [ 577/1000] book_0576 FAIL  8.0s  0w  working_parents/imposter_syndrome/shame/F006
  [ 578/1000] book_0577 FAIL  8.7s  0w  gen_x_sandwich/financial_anxiety/overwhelm/F006
  [ 579/1000] book_0578 FAIL  8.8s  0w  tech_finance_burnout/compassion_fatigue/overwhelm/F006
  [ 580/1000] book_0579 FAIL  4.8s  0w  gen_alpha_students/financial_anxiety/overwhelm/F006
  [ 581/1000] book_0580 FAIL  5.1s  0w  healthcare_rns/anxiety/watcher/F006
  [ 582/1000] book_0582 FAIL  2.4s  0w  working_parents/social_anxiety/false_alarm/F006
  [ 583/1000] book_0581 FAIL  4.4s  0w  working_parents/grief/grief/F006
  [ 584/1000] book_0583 FAIL  3.9s  0w  working_parents/anxiety/spiral/F006
  [ 585/1000] book_0584 FAIL  3.7s  0w  millennial_women_professionals/sleep_anxiety/false_alarm/F006
  [ 586/1000] book_0586 FAIL  3.8s  0w  gen_x_sandwich/financial_anxiety/shame/F006
  [ 587/1000] book_0585 FAIL  3.9s  0w  working_parents/courage/shame/F006
  [ 588/1000] book_0587 FAIL  4.0s  0w  healthcare_rns/boundaries/shame/F006
  [ 589/1000] book_0588 FAIL  3.5s  0w  millennial_women_professionals/somatic_healing/watcher/F006
  [ 590/1000] book_0590 FAIL  3.2s  0w  first_responders/financial_stress/overwhelm/F006
  [ 591/1000] book_0589 FAIL  3.2s  0w  healthcare_rns/depression/overwhelm/F006
  [ 592/1000] book_0591 FAIL  1.7s  0w  working_parents/overthinking/false_alarm/F006
  [ 593/1000] book_0594 FAIL  2.0s  0w  entrepreneurs/overthinking/watcher/F006
  [ 594/1000] book_0592 FAIL  3.6s  0w  gen_x_sandwich/boundaries/shame/F006
  [ 595/1000] book_0593 FAIL  3.8s  0w  entrepreneurs/sleep_anxiety/false_alarm/F006
  [ 596/1000] book_0595 FAIL  3.9s  0w  healthcare_rns/depression/grief/F006
  [ 597/1000] book_0596 FAIL  4.3s  0w  gen_z_professionals/anxiety/grief/F006
  [ 598/1000] book_0597 FAIL  3.4s  0w  healthcare_rns/boundaries/shame/F006
  [ 599/1000] book_0598 FAIL  3.3s  0w  gen_alpha_students/financial_anxiety/overwhelm/F006
  [ 600/1000] book_0599 OK  4.3s  5333w  nyc_executives/self_worth/shame/F006
  [ 601/1000] book_0602 FAIL  2.2s  0w  working_parents/social_anxiety/comparison/F006
  [ 602/1000] book_0600 FAIL  4.2s  0w  first_responders/anxiety/false_alarm/F006
  [ 603/1000] book_0601 FAIL  4.1s  0w  millennial_women_professionals/compassion_fatigue/grief/F006
  [ 604/1000] book_0606 FAIL  1.4s  0w  working_parents/burnout/watcher/F006
  [ 605/1000] book_0603 FAIL  3.2s  0w  corporate_managers/boundaries/comparison/F006
  [ 606/1000] book_0604 FAIL  3.2s  0w  healthcare_rns/boundaries/false_alarm/F006
  [ 607/1000] book_0605 FAIL  3.0s  0w  working_parents/grief/watcher/F006
  [ 608/1000] book_0607 FAIL  2.7s  0w  healthcare_rns/burnout/grief/F006
  [ 609/1000] book_0608 FAIL  3.7s  0w  gen_x_sandwich/financial_stress/spiral/F006
  [ 610/1000] book_0609 FAIL  3.5s  0w  healthcare_rns/grief/watcher/F006
  [ 611/1000] book_0611 FAIL  1.7s  0w  tech_finance_burnout/social_anxiety/comparison/F006
  [ 612/1000] book_0610 FAIL  2.9s  0w  first_responders/courage/false_alarm/F006
  [ 613/1000] book_0614 FAIL  1.3s  0w  working_parents/overthinking/spiral/F006
  [ 614/1000] book_0612 FAIL  2.3s  0w  corporate_managers/financial_anxiety/spiral/F006
  [ 615/1000] book_0613 FAIL  2.4s  0w  millennial_women_professionals/courage/spiral/F006
  [ 616/1000] book_0615 FAIL  2.4s  0w  first_responders/boundaries/false_alarm/F006
  [ 617/1000] book_0616 FAIL  1.6s  0w  gen_z_professionals/social_anxiety/false_alarm/F006
  [ 618/1000] book_0620 FAIL  1.5s  0w  gen_alpha_students/burnout/grief/F006
  [ 619/1000] book_0617 FAIL  2.6s  0w  gen_z_professionals/financial_stress/overwhelm/F006
  [ 620/1000] book_0618 FAIL  2.5s  0w  millennial_women_professionals/self_worth/shame/F006
  [ 621/1000] book_0619 FAIL  3.1s  0w  gen_z_professionals/anxiety/overwhelm/F006
  [ 622/1000] book_0621 FAIL  3.2s  0w  gen_x_sandwich/self_worth/shame/F006
  [ 623/1000] book_0622 FAIL  3.2s  0w  healthcare_rns/courage/spiral/F006
  [ 624/1000] book_0623 FAIL  3.5s  0w  gen_alpha_students/depression/watcher/F006
  [ 625/1000] book_0624 FAIL  3.8s  0w  corporate_managers/sleep_anxiety/spiral/F006
  [ 626/1000] book_0626 FAIL  2.5s  0w  millennial_women_professionals/social_anxiety/false_alarm/F006
  [ 627/1000] book_0625 FAIL  4.5s  0w  tech_finance_burnout/financial_anxiety/shame/F006
  [ 628/1000] book_0628 FAIL  2.9s  0w  gen_x_sandwich/social_anxiety/shame/F006
  [ 629/1000] book_0627 FAIL  4.2s  0w  working_parents/compassion_fatigue/watcher/F006
  [ 630/1000] book_0629 FAIL  4.2s  0w  corporate_managers/somatic_healing/overwhelm/F006
  [ 631/1000] book_0632 FAIL  2.5s  0w  first_responders/compassion_fatigue/overwhelm/F006
  [ 632/1000] book_0630 FAIL  4.4s  0w  gen_x_sandwich/anxiety/grief/F006
  [ 633/1000] book_0634 FAIL  2.1s  0w  millennial_women_professionals/overthinking/false_alarm/F006
  [ 634/1000] book_0631 OK  5.5s  5911w  gen_z_professionals/anxiety/spiral/F006
  [ 635/1000] book_0633 FAIL  4.0s  0w  tech_finance_burnout/boundaries/comparison/F006
  [ 636/1000] book_0635 FAIL  2.7s  0w  working_parents/burnout/grief/F006
  [ 637/1000] book_0637 FAIL  2.7s  0w  tech_finance_burnout/burnout/overwhelm/F006
  [ 638/1000] book_0636 FAIL  5.0s  0w  corporate_managers/depression/overwhelm/F006
  [ 639/1000] book_0639 FAIL  3.9s  0w  nyc_executives/boundaries/shame/F006
  [ 640/1000] book_0638 FAIL  5.5s  0w  entrepreneurs/financial_anxiety/overwhelm/F006
  [ 641/1000] book_0640 FAIL  4.3s  0w  healthcare_rns/financial_stress/spiral/F006
  [ 642/1000] book_0641 FAIL  2.7s  0w  first_responders/social_anxiety/comparison/F006
  [ 643/1000] book_0643 FAIL  1.6s  0w  gen_z_professionals/burnout/overwhelm/F006
  [ 644/1000] book_0644 FAIL  1.4s  0w  entrepreneurs/social_anxiety/shame/F006
  [ 645/1000] book_0642 FAIL  3.3s  0w  tech_finance_burnout/compassion_fatigue/watcher/F006
  [ 646/1000] book_0646 FAIL  1.9s  0w  healthcare_rns/financial_anxiety/overwhelm/F006
  [ 647/1000] book_0645 FAIL  2.9s  0w  first_responders/imposter_syndrome/shame/F006
  [ 648/1000] book_0647 FAIL  2.0s  0w  healthcare_rns/burnout/overwhelm/F006
  [ 649/1000] book_0648 FAIL  3.0s  0w  healthcare_rns/anxiety/watcher/F006
  [ 650/1000] book_0649 FAIL  2.4s  0w  entrepreneurs/boundaries/comparison/F006
  [ 651/1000] book_0650 FAIL  2.2s  0w  corporate_managers/compassion_fatigue/overwhelm/F006
  [ 652/1000] book_0651 FAIL  2.3s  0w  millennial_women_professionals/depression/grief/F006
  [ 653/1000] book_0652 FAIL  2.5s  0w  gen_z_professionals/financial_anxiety/overwhelm/F006
  [ 654/1000] book_0653 FAIL  2.4s  0w  gen_z_professionals/overthinking/spiral/F006
  [ 655/1000] book_0654 FAIL  2.6s  0w  corporate_managers/grief/watcher/F006
  [ 656/1000] book_0655 FAIL  3.3s  0w  millennial_women_professionals/depression/grief/F006
  [ 657/1000] book_0656 FAIL  2.3s  0w  working_parents/burnout/watcher/F006
  [ 658/1000] book_0657 FAIL  3.5s  0w  gen_z_professionals/courage/shame/F006
  [ 659/1000] book_0658 FAIL  3.5s  0w  millennial_women_professionals/financial_anxiety/overwhelm/F006
  [ 660/1000] book_0659 FAIL  3.2s  0w  gen_alpha_students/courage/false_alarm/F006
  [ 661/1000] book_0660 FAIL  3.3s  0w  tech_finance_burnout/sleep_anxiety/spiral/F006
  [ 662/1000] book_0661 FAIL  3.6s  0w  entrepreneurs/financial_stress/spiral/F006
  [ 663/1000] book_0662 FAIL  3.5s  0w  tech_finance_burnout/financial_stress/spiral/F006
  [ 664/1000] book_0663 FAIL  3.7s  0w  entrepreneurs/depression/watcher/F006
  [ 665/1000] book_0664 FAIL  4.3s  0w  working_parents/anxiety/shame/F006
  [ 666/1000] book_0665 FAIL  3.6s  0w  gen_alpha_students/somatic_healing/watcher/F006
  [ 667/1000] book_0666 FAIL  3.6s  0w  entrepreneurs/grief/watcher/F006
  [ 668/1000] book_0667 FAIL  3.2s  0w  gen_alpha_students/compassion_fatigue/grief/F006
  [ 669/1000] book_0668 FAIL  2.7s  0w  gen_alpha_students/courage/false_alarm/F006
  [ 670/1000] book_0669 FAIL  2.7s  0w  gen_alpha_students/boundaries/shame/F006
  [ 671/1000] book_0670 FAIL  2.7s  0w  gen_alpha_students/financial_anxiety/spiral/F006
  [ 672/1000] book_0671 FAIL  2.9s  0w  tech_finance_burnout/somatic_healing/overwhelm/F006
  [ 673/1000] book_0672 FAIL  3.5s  0w  gen_z_professionals/financial_stress/spiral/F006
  [ 674/1000] book_0673 FAIL  2.6s  0w  corporate_managers/burnout/watcher/F006
  [ 675/1000] book_0674 FAIL  2.5s  0w  entrepreneurs/overthinking/watcher/F006
  [ 676/1000] book_0675 FAIL  4.6s  0w  tech_finance_burnout/anxiety/comparison/F006
  [ 677/1000] book_0676 FAIL  3.7s  0w  tech_finance_burnout/somatic_healing/watcher/F006
  [ 678/1000] book_0677 FAIL  3.6s  0w  gen_z_professionals/self_worth/comparison/F006
  [ 679/1000] book_0678 FAIL  3.6s  0w  tech_finance_burnout/self_worth/shame/F006
  [ 680/1000] book_0681 FAIL  3.0s  0w  gen_alpha_students/burnout/watcher/F006
  [ 681/1000] book_0680 FAIL  4.2s  0w  entrepreneurs/financial_anxiety/shame/F006
  [ 682/1000] book_0679 FAIL  4.5s  0w  corporate_managers/anxiety/false_alarm/F006
  [ 683/1000] book_0682 FAIL  4.0s  0w  gen_x_sandwich/sleep_anxiety/overwhelm/F006
  [ 684/1000] book_0684 FAIL  2.6s  0w  corporate_managers/overthinking/watcher/F006
  [ 685/1000] book_0685 FAIL  2.9s  0w  working_parents/burnout/overwhelm/F006
  [ 686/1000] book_0683 FAIL  4.2s  0w  millennial_women_professionals/compassion_fatigue/watcher/F006
  [ 687/1000] book_0686 FAIL  3.2s  0w  millennial_women_professionals/burnout/watcher/F006
  [ 688/1000] book_0687 FAIL  2.8s  0w  first_responders/social_anxiety/false_alarm/F006
  [ 689/1000] book_0689 FAIL  2.3s  0w  gen_z_professionals/social_anxiety/comparison/F006
  [ 690/1000] book_0688 FAIL  3.2s  0w  first_responders/imposter_syndrome/shame/F006
  [ 691/1000] book_0690 FAIL  3.0s  0w  millennial_women_professionals/boundaries/false_alarm/F006
  [ 692/1000] book_0693 FAIL  1.5s  0w  first_responders/overthinking/false_alarm/F006
  [ 693/1000] book_0692 FAIL  2.4s  0w  healthcare_rns/compassion_fatigue/grief/F006
  [ 694/1000] book_0694 FAIL  1.6s  0w  healthcare_rns/financial_anxiety/spiral/F006
  [ 695/1000] book_0691 FAIL  2.6s  0w  millennial_women_professionals/anxiety/comparison/F006
  [ 696/1000] book_0697 FAIL  2.5s  0w  gen_z_professionals/social_anxiety/comparison/F006
  [ 697/1000] book_0695 FAIL  3.1s  0w  gen_z_professionals/anxiety/watcher/F006
  [ 698/1000] book_0696 FAIL  3.3s  0w  entrepreneurs/sleep_anxiety/spiral/F006
  [ 699/1000] book_0698 FAIL  3.6s  0w  millennial_women_professionals/financial_stress/spiral/F006
  [ 700/1000] book_0699 FAIL  2.2s  0w  entrepreneurs/boundaries/shame/F006
  [ 701/1000] book_0700 FAIL  2.2s  0w  gen_alpha_students/compassion_fatigue/overwhelm/F006
  [ 702/1000] book_0701 FAIL  2.1s  0w  gen_alpha_students/sleep_anxiety/spiral/F006
  [ 703/1000] book_0702 FAIL  2.6s  0w  gen_alpha_students/courage/false_alarm/F006
  [ 704/1000] book_0704 FAIL  1.7s  0w  gen_x_sandwich/social_anxiety/false_alarm/F006
  [ 705/1000] book_0703 FAIL  2.6s  0w  gen_x_sandwich/imposter_syndrome/shame/F006
  [ 706/1000] book_0705 FAIL  3.0s  0w  working_parents/anxiety/overwhelm/F006
  [ 707/1000] book_0706 FAIL  2.2s  0w  gen_x_sandwich/compassion_fatigue/watcher/F006
  [ 708/1000] book_0707 FAIL  2.5s  0w  tech_finance_burnout/grief/grief/F006
  [ 709/1000] book_0708 FAIL  3.1s  0w  gen_alpha_students/somatic_healing/overwhelm/F006
  [ 710/1000] book_0710 FAIL  2.1s  0w  first_responders/burnout/grief/F006
  [ 711/1000] book_0709 FAIL  3.0s  0w  gen_alpha_students/self_worth/shame/F006
  [ 712/1000] book_0712 FAIL  1.4s  0w  healthcare_rns/imposter_syndrome/shame/F006
  [ 713/1000] book_0711 FAIL  2.8s  0w  working_parents/compassion_fatigue/overwhelm/F006
  [ 714/1000] book_0713 FAIL  2.9s  0w  healthcare_rns/courage/shame/F006
  [ 715/1000] book_0716 FAIL  2.0s  0w  entrepreneurs/burnout/grief/F006
  [ 716/1000] book_0714 FAIL  2.9s  0w  entrepreneurs/compassion_fatigue/watcher/F006
  [ 717/1000] book_0715 FAIL  3.1s  0w  tech_finance_burnout/imposter_syndrome/shame/F006
  [ 718/1000] book_0718 FAIL  1.8s  0w  healthcare_rns/overthinking/watcher/F006
  [ 719/1000] book_0719 FAIL  1.6s  0w  gen_alpha_students/burnout/grief/F006
  [ 720/1000] book_0717 FAIL  2.9s  0w  millennial_women_professionals/financial_stress/shame/F006
  [ 721/1000] book_0720 FAIL  1.6s  0w  tech_finance_burnout/burnout/watcher/F006
  [ 722/1000] book_0721 FAIL  2.6s  0w  entrepreneurs/self_worth/shame/F006
  [ 723/1000] book_0722 FAIL  2.6s  0w  gen_z_professionals/overthinking/spiral/F006
  [ 724/1000] book_0724 FAIL  2.6s  0w  entrepreneurs/depression/grief/F006
  [ 725/1000] book_0723 FAIL  2.9s  0w  gen_x_sandwich/anxiety/comparison/F006
  [ 726/1000] book_0727 FAIL  1.1s  0w  gen_alpha_students/overthinking/false_alarm/F006
  [ 727/1000] book_0726 FAIL  1.7s  0w  first_responders/financial_anxiety/overwhelm/F006
  [ 728/1000] book_0725 FAIL  2.2s  0w  millennial_women_professionals/anxiety/grief/F006
  [ 729/1000] book_0728 FAIL  1.5s  0w  corporate_managers/burnout/overwhelm/F003
  [ 730/1000] book_0729 FAIL  0.9s  0w  millennial_women_professionals/overthinking/false_alarm/F006
  [ 731/1000] book_0733 FAIL  1.1s  0w  entrepreneurs/social_anxiety/comparison/F006
  [ 732/1000] book_0730 FAIL  1.8s  0w  gen_x_sandwich/boundaries/false_alarm/F006
  [ 733/1000] book_0731 FAIL  1.7s  0w  entrepreneurs/grief/grief/F006
  [ 734/1000] book_0732 FAIL  1.7s  0w  corporate_managers/courage/shame/F006
  [ 735/1000] book_0737 FAIL  1.0s  0w  corporate_managers/burnout/overwhelm/F006
  [ 736/1000] book_0734 FAIL  1.6s  0w  corporate_managers/courage/shame/F006
  [ 737/1000] book_0735 FAIL  1.8s  0w  corporate_managers/compassion_fatigue/watcher/F006
  [ 738/1000] book_0736 FAIL  1.8s  0w  gen_alpha_students/self_worth/shame/F006
  [ 739/1000] book_0741 FAIL  1.1s  0w  working_parents/social_anxiety/shame/F006
  [ 740/1000] book_0738 FAIL  2.0s  0w  gen_x_sandwich/financial_stress/overwhelm/F006
  [ 741/1000] book_0740 FAIL  2.0s  0w  corporate_managers/grief/watcher/F006
  [ 742/1000] book_0742 FAIL  1.4s  0w  healthcare_rns/sleep_anxiety/overwhelm/F006
  [ 743/1000] book_0739 OK  3.6s  10561w  gen_alpha_students/anxiety/grief/F006
  [ 744/1000] book_0743 FAIL  2.3s  0w  working_parents/anxiety/false_alarm/F006
  [ 745/1000] book_0744 FAIL  1.9s  0w  tech_finance_burnout/boundaries/shame/F006
  [ 746/1000] book_0745 FAIL  1.6s  0w  millennial_women_professionals/financial_anxiety/spiral/F006
  [ 747/1000] book_0748 FAIL  1.0s  0w  gen_alpha_students/burnout/overwhelm/F006
  [ 748/1000] book_0746 FAIL  1.6s  0w  gen_z_professionals/imposter_syndrome/comparison/F006
  [ 749/1000] book_0747 FAIL  1.6s  0w  corporate_managers/courage/shame/F006
  [ 750/1000] book_0750 FAIL  0.8s  0w  healthcare_rns/imposter_syndrome/comparison/F006
  [ 751/1000] book_0749 FAIL  1.6s  0w  millennial_women_professionals/courage/shame/F006
  [ 752/1000] book_0751 FAIL  0.8s  0w  healthcare_rns/financial_anxiety/spiral/F006
  [ 753/1000] book_0752 FAIL  1.8s  0w  working_parents/anxiety/shame/F006
  [ 754/1000] book_0754 FAIL  1.6s  0w  millennial_women_professionals/self_worth/comparison/F006
  [ 755/1000] book_0755 FAIL  1.6s  0w  millennial_women_professionals/grief/grief/F006
  [ 756/1000] book_0753 FAIL  1.8s  0w  millennial_women_professionals/anxiety/watcher/F006
  [ 757/1000] book_0757 FAIL  1.0s  0w  corporate_managers/social_anxiety/shame/F006
  [ 758/1000] book_0759 FAIL  1.0s  0w  first_responders/depression/grief/F006
  [ 759/1000] book_0756 FAIL  1.7s  0w  gen_x_sandwich/depression/grief/F006
  [ 760/1000] book_0758 FAIL  1.8s  0w  gen_alpha_students/boundaries/shame/F006
  [ 761/1000] book_0760 FAIL  0.9s  0w  working_parents/overthinking/spiral/F006
  [ 762/1000] book_0761 FAIL  1.5s  0w  millennial_women_professionals/financial_anxiety/overwhelm/F006
  [ 763/1000] book_0762 FAIL  1.6s  0w  gen_x_sandwich/compassion_fatigue/overwhelm/F006
  [ 764/1000] book_0764 FAIL  1.6s  0w  gen_x_sandwich/self_worth/comparison/F006
  [ 765/1000] book_0765 FAIL  1.1s  0w  entrepreneurs/social_anxiety/comparison/F006
  [ 766/1000] book_0766 FAIL  1.1s  0w  millennial_women_professionals/overthinking/spiral/F006
  [ 767/1000] book_0763 FAIL  3.2s  10680w  gen_alpha_students/anxiety/spiral/F006
  [ 768/1000] book_0767 FAIL  2.5s  0w  gen_z_professionals/sleep_anxiety/spiral/F006
  [ 769/1000] book_0768 FAIL  2.5s  0w  healthcare_rns/boundaries/comparison/F006
  [ 770/1000] book_0769 FAIL  2.5s  0w  millennial_women_professionals/depression/grief/F006
  [ 771/1000] book_0770 FAIL  2.5s  0w  healthcare_rns/courage/spiral/F006
  [ 772/1000] book_0771 FAIL  2.1s  0w  gen_alpha_students/self_worth/comparison/F006
  [ 773/1000] book_0772 FAIL  2.2s  0w  gen_x_sandwich/boundaries/false_alarm/F006
  [ 774/1000] book_0773 FAIL  2.4s  0w  tech_finance_burnout/courage/shame/F006
  [ 775/1000] book_0774 FAIL  3.4s  0w  millennial_women_professionals/sleep_anxiety/false_alarm/F006
  [ 776/1000] book_0777 FAIL  2.4s  0w  millennial_women_professionals/social_anxiety/false_alarm/F006
  [ 777/1000] book_0775 FAIL  3.8s  0w  healthcare_rns/depression/overwhelm/F006
  [ 778/1000] book_0776 FAIL  3.6s  0w  first_responders/financial_stress/shame/F006
  [ 779/1000] book_0778 FAIL  1.7s  0w  first_responders/overthinking/watcher/F006
  [ 780/1000] book_0781 FAIL  1.5s  0w  corporate_managers/burnout/overwhelm/F006
  [ 781/1000] book_0779 FAIL  3.8s  0w  entrepreneurs/boundaries/false_alarm/F006
  [ 782/1000] book_0782 FAIL  2.7s  0w  nyc_executives/boundaries/shame/F006
  [ 783/1000] book_0780 FAIL  3.7s  0w  gen_alpha_students/financial_stress/shame/F006
  [ 784/1000] book_0786 FAIL  1.1s  0w  gen_x_sandwich/social_anxiety/false_alarm/F006
  [ 785/1000] book_0783 FAIL  3.4s  0w  gen_z_professionals/financial_anxiety/shame/F006
  [ 786/1000] book_0784 FAIL  2.1s  0w  tech_finance_burnout/self_worth/comparison/F006
  [ 787/1000] book_0785 FAIL  2.1s  0w  gen_z_professionals/courage/spiral/F006
  [ 788/1000] book_0787 FAIL  2.4s  0w  millennial_women_professionals/self_worth/shame/F006
  [ 789/1000] book_0788 FAIL  2.3s  0w  gen_alpha_students/boundaries/comparison/F006
  [ 790/1000] book_0789 FAIL  2.2s  0w  healthcare_rns/compassion_fatigue/overwhelm/F006
  [ 791/1000] book_0790 FAIL  2.1s  0w  gen_x_sandwich/grief/grief/F006
  [ 792/1000] book_0793 FAIL  1.2s  0w  entrepreneurs/overthinking/watcher/F006
  [ 793/1000] book_0791 FAIL  1.9s  0w  healthcare_rns/courage/spiral/F006
  [ 794/1000] book_0792 FAIL  1.7s  0w  tech_finance_burnout/grief/grief/F006
  [ 795/1000] book_0794 FAIL  1.9s  0w  gen_z_professionals/sleep_anxiety/false_alarm/F006
  [ 796/1000] book_0797 FAIL  1.1s  0w  first_responders/sleep_anxiety/overwhelm/F006
  [ 797/1000] book_0795 FAIL  1.6s  0w  gen_x_sandwich/sleep_anxiety/spiral/F006
  [ 798/1000] book_0796 FAIL  1.7s  0w  working_parents/self_worth/shame/F006
  [ 799/1000] book_0798 FAIL  1.9s  0w  working_parents/financial_anxiety/overwhelm/F006
  [ 800/1000] book_0800 FAIL  1.3s  0w  first_responders/compassion_fatigue/grief/F006
  [ 801/1000] book_0799 FAIL  2.5s  0w  millennial_women_professionals/anxiety/overwhelm/F006
  [ 802/1000] book_0801 FAIL  2.4s  0w  working_parents/anxiety/comparison/F006
  [ 803/1000] book_0802 FAIL  2.2s  0w  gen_alpha_students/financial_anxiety/overwhelm/F006
  [ 804/1000] book_0803 FAIL  2.1s  0w  millennial_women_professionals/boundaries/false_alarm/F006
  [ 805/1000] book_0804 FAIL  1.8s  0w  gen_z_professionals/anxiety/false_alarm/F006
  [ 806/1000] book_0805 FAIL  1.9s  0w  gen_z_professionals/financial_anxiety/spiral/F006
  [ 807/1000] book_0806 FAIL  1.8s  0w  gen_z_professionals/courage/spiral/F006
  [ 808/1000] book_0808 FAIL  1.0s  0w  gen_z_professionals/overthinking/watcher/F006
  [ 809/1000] book_0807 FAIL  1.7s  0w  working_parents/compassion_fatigue/watcher/F006
  [ 810/1000] book_0809 FAIL  0.8s  0w  gen_z_professionals/burnout/overwhelm/F006
  [ 811/1000] book_0810 FAIL  1.4s  0w  tech_finance_burnout/somatic_healing/overwhelm/F006
  [ 812/1000] book_0811 FAIL  1.4s  0w  working_parents/compassion_fatigue/watcher/F006
  [ 813/1000] book_0812 FAIL  1.5s  0w  entrepreneurs/financial_stress/shame/F006
  [ 814/1000] book_0813 FAIL  1.5s  0w  working_parents/financial_anxiety/shame/F006
  [ 815/1000] book_0814 FAIL  0.8s  0w  healthcare_rns/imposter_syndrome/shame/F006
  [ 816/1000] book_0816 FAIL  0.9s  0w  corporate_managers/burnout/overwhelm/F006
  [ 817/1000] book_0815 FAIL  1.5s  0w  first_responders/anxiety/shame/F006
  [ 818/1000] book_0819 FAIL  0.9s  0w  first_responders/compassion_fatigue/overwhelm/F006
  [ 819/1000] book_0817 FAIL  1.6s  0w  gen_alpha_students/compassion_fatigue/overwhelm/F006
  [ 820/1000] book_0818 FAIL  1.7s  0w  tech_finance_burnout/sleep_anxiety/spiral/F006
  [ 821/1000] book_0820 FAIL  1.2s  0w  tech_finance_burnout/depression/grief/F006
  [ 822/1000] book_0821 FAIL  1.9s  0w  gen_alpha_students/compassion_fatigue/grief/F006
  [ 823/1000] book_0822 FAIL  1.7s  0w  corporate_managers/financial_anxiety/shame/F006
  [ 824/1000] book_0823 FAIL  1.6s  0w  corporate_managers/boundaries/shame/F006
  [ 825/1000] book_0824 FAIL  1.6s  0w  tech_finance_burnout/financial_stress/spiral/F006
  [ 826/1000] book_0826 FAIL  0.8s  0w  healthcare_rns/financial_anxiety/spiral/F006
  [ 827/1000] book_0825 FAIL  1.6s  0w  gen_alpha_students/grief/watcher/F006
  [ 828/1000] book_0827 FAIL  1.7s  0w  entrepreneurs/courage/spiral/F006
  [ 829/1000] book_0828 FAIL  2.1s  0w  healthcare_rns/anxiety/watcher/F006
  [ 830/1000] book_0829 FAIL  2.2s  0w  entrepreneurs/anxiety/comparison/F006
  [ 831/1000] book_0830 FAIL  2.1s  0w  gen_alpha_students/imposter_syndrome/shame/F006
  [ 832/1000] book_0831 FAIL  2.1s  0w  gen_alpha_students/financial_anxiety/shame/F006
  [ 833/1000] book_0832 FAIL  1.9s  0w  entrepreneurs/financial_stress/overwhelm/F006
  [ 834/1000] book_0835 FAIL  1.6s  0w  working_parents/social_anxiety/comparison/F006
  [ 835/1000] book_0833 FAIL  2.8s  0w  corporate_managers/anxiety/overwhelm/F006
  [ 836/1000] book_0834 FAIL  2.8s  0w  working_parents/anxiety/spiral/F006
  [ 837/1000] book_0836 FAIL  1.9s  0w  nyc_executives/self_worth/shame/F006
  [ 838/1000] book_0838 FAIL  1.3s  0w  corporate_managers/overthinking/spiral/F006
  [ 839/1000] book_0837 FAIL  2.3s  0w  corporate_managers/depression/overwhelm/F006
  [ 840/1000] book_0839 FAIL  2.3s  0w  gen_alpha_students/financial_stress/overwhelm/F006
  [ 841/1000] book_0840 FAIL  2.5s  0w  entrepreneurs/anxiety/overwhelm/F006
  [ 842/1000] book_0841 FAIL  2.1s  0w  gen_alpha_students/somatic_healing/watcher/F006
  [ 843/1000] book_0842 FAIL  2.3s  0w  gen_z_professionals/sleep_anxiety/overwhelm/F006
  [ 844/1000] book_0845 FAIL  1.4s  0w  gen_z_professionals/burnout/watcher/F006
  [ 845/1000] book_0843 FAIL  2.2s  0w  tech_finance_burnout/imposter_syndrome/comparison/F006
  [ 846/1000] book_0844 FAIL  2.3s  0w  millennial_women_professionals/anxiety/overwhelm/F006
  [ 847/1000] book_0846 FAIL  1.2s  0w  first_responders/grief/watcher/F006
  [ 848/1000] book_0847 FAIL  3.5s  0w  gen_alpha_students/financial_anxiety/shame/F006
  [ 849/1000] book_0848 FAIL  3.5s  0w  gen_x_sandwich/grief/grief/F006
  [ 850/1000] book_0849 FAIL  4.0s  0w  gen_alpha_students/depression/overwhelm/F006
  [ 851/1000] book_0850 FAIL  4.0s  0w  entrepreneurs/depression/grief/F006
  [ 852/1000] book_0851 FAIL  2.3s  0w  educators/anxiety/overwhelm/F006
  [ 853/1000] book_0854 FAIL  1.6s  0w  gen_x_sandwich/overthinking/spiral/F006
  [ 854/1000] book_0852 FAIL  2.8s  0w  healthcare_rns/boundaries/false_alarm/F006
  [ 855/1000] book_0853 FAIL  2.0s  0w  healthcare_rns/financial_stress/overwhelm/F006
  [ 856/1000] book_0855 FAIL  1.9s  0w  tech_finance_burnout/financial_anxiety/overwhelm/F006
  [ 857/1000] book_0856 FAIL  2.1s  0w  millennial_women_professionals/boundaries/comparison/F006
  [ 858/1000] book_0857 FAIL  2.2s  0w  gen_x_sandwich/imposter_syndrome/comparison/F006
  [ 859/1000] book_0858 FAIL  2.4s  0w  gen_z_professionals/anxiety/grief/F006
  [ 860/1000] book_0859 FAIL  1.3s  0w  corporate_managers/burnout/watcher/F006
  [ 861/1000] book_0860 FAIL  1.3s  0w  tech_finance_burnout/overthinking/watcher/F006
  [ 862/1000] book_0863 FAIL  1.4s  0w  working_parents/burnout/grief/F006
  [ 863/1000] book_0861 FAIL  2.2s  0w  first_responders/financial_anxiety/overwhelm/F006
  [ 864/1000] book_0862 FAIL  2.4s  0w  working_parents/boundaries/shame/F006
  [ 865/1000] book_0864 FAIL  2.8s  0w  entrepreneurs/anxiety/false_alarm/F006
  [ 866/1000] book_0865 FAIL  2.5s  0w  entrepreneurs/depression/overwhelm/F006
  [ 867/1000] book_0866 FAIL  2.6s  0w  gen_x_sandwich/courage/spiral/F006
  [ 868/1000] book_0867 FAIL  2.3s  0w  corporate_managers/boundaries/shame/F006
  [ 869/1000] book_0871 FAIL  1.8s  0w  millennial_women_professionals/burnout/grief/F006
  [ 870/1000] book_0868 FAIL  3.1s  0w  corporate_managers/anxiety/shame/F006
  [ 871/1000] book_0869 FAIL  3.1s  0w  gen_z_professionals/anxiety/false_alarm/F006
  [ 872/1000] book_0870 FAIL  2.8s  0w  millennial_women_professionals/anxiety/shame/F006
  [ 873/1000] book_0872 FAIL  1.2s  0w  corporate_managers/social_anxiety/false_alarm/F006
  [ 874/1000] book_0874 FAIL  2.1s  0w  working_parents/burnout/grief/F006
  [ 875/1000] book_0873 FAIL  3.4s  0w  tech_finance_burnout/financial_anxiety/overwhelm/F006
  [ 876/1000] book_0875 FAIL  3.4s  0w  gen_z_professionals/courage/spiral/F006
  [ 877/1000] book_0876 FAIL  3.4s  0w  gen_x_sandwich/anxiety/spiral/F006
  [ 878/1000] book_0877 FAIL  2.1s  0w  gen_x_sandwich/financial_stress/spiral/F006
  [ 879/1000] book_0878 FAIL  1.6s  0w  corporate_managers/financial_anxiety/shame/F006
  [ 880/1000] book_0879 FAIL  1.6s  0w  corporate_managers/self_worth/shame/F006
  [ 881/1000] book_0880 FAIL  1.8s  0w  entrepreneurs/boundaries/false_alarm/F006
  [ 882/1000] book_0881 FAIL  1.8s  0w  gen_x_sandwich/financial_stress/shame/F006
  [ 883/1000] book_0882 FAIL  1.7s  0w  corporate_managers/burnout/overwhelm/F003
  [ 884/1000] book_0885 FAIL  1.2s  0w  millennial_women_professionals/burnout/grief/F006
  [ 885/1000] book_0883 FAIL  2.1s  0w  healthcare_rns/anxiety/spiral/F006
  [ 886/1000] book_0884 FAIL  2.1s  0w  gen_z_professionals/depression/watcher/F006
  [ 887/1000] book_0886 FAIL  2.7s  0w  entrepreneurs/financial_stress/spiral/F006
  [ 888/1000] book_0888 FAIL  2.2s  0w  gen_alpha_students/social_anxiety/shame/F006
  [ 889/1000] book_0887 FAIL  2.4s  0w  tech_finance_burnout/depression/grief/F006
  [ 890/1000] book_0891 FAIL  1.5s  0w  working_parents/burnout/overwhelm/F006
  [ 891/1000] book_0889 FAIL  3.2s  0w  gen_z_professionals/courage/shame/F006
  [ 892/1000] book_0892 FAIL  1.6s  0w  nyc_executives/self_worth/shame/F006
  [ 893/1000] book_0890 FAIL  2.6s  0w  tech_finance_burnout/compassion_fatigue/grief/F006
  [ 894/1000] book_0893 FAIL  1.0s  0w  entrepreneurs/social_anxiety/shame/F006
  [ 895/1000] book_0894 FAIL  1.1s  0w  millennial_women_professionals/social_anxiety/comparison/F006
  [ 896/1000] book_0896 FAIL  1.1s  0w  working_parents/social_anxiety/comparison/F006
  [ 897/1000] book_0895 FAIL  2.2s  0w  gen_x_sandwich/anxiety/comparison/F006
  [ 898/1000] book_0897 FAIL  2.1s  0w  corporate_managers/anxiety/spiral/F009
  [ 899/1000] book_0898 FAIL  2.1s  0w  entrepreneurs/boundaries/shame/F006
  [ 900/1000] book_0899 FAIL  1.9s  0w  entrepreneurs/self_worth/comparison/F006
  [ 901/1000] book_0900 FAIL  1.2s  0w  first_responders/overthinking/spiral/F006
  [ 902/1000] book_0902 FAIL  0.8s  0w  gen_alpha_students/overthinking/false_alarm/F006
  [ 903/1000] book_0901 FAIL  1.5s  0w  millennial_women_professionals/depression/grief/F006
  [ 904/1000] book_0903 FAIL  1.4s  0w  corporate_managers/courage/spiral/F006
  [ 905/1000] book_0904 FAIL  1.4s  0w  millennial_women_professionals/compassion_fatigue/watcher/F006
  [ 906/1000] book_0905 FAIL  1.4s  0w  entrepreneurs/self_worth/shame/F006
  [ 907/1000] book_0908 FAIL  0.9s  0w  gen_alpha_students/burnout/grief/F006
  [ 908/1000] book_0906 FAIL  1.7s  0w  gen_z_professionals/overthinking/watcher/F006
  [ 909/1000] book_0907 FAIL  1.8s  0w  millennial_women_professionals/anxiety/spiral/F006
  [ 910/1000] book_0909 FAIL  1.6s  0w  gen_z_professionals/self_worth/comparison/F006
  [ 911/1000] book_0910 FAIL  1.6s  0w  first_responders/financial_stress/spiral/F006
  [ 912/1000] book_0911 FAIL  1.6s  0w  entrepreneurs/sleep_anxiety/false_alarm/F006
  [ 913/1000] book_0912 FAIL  1.7s  0w  healthcare_rns/courage/false_alarm/F006
  [ 914/1000] book_0914 FAIL  1.6s  0w  gen_alpha_students/compassion_fatigue/overwhelm/F006
  [ 915/1000] book_0916 FAIL  0.8s  0w  millennial_women_professionals/overthinking/watcher/F006
  [ 916/1000] book_0915 FAIL  1.5s  0w  millennial_women_professionals/depression/watcher/F006
  [ 917/1000] book_0913 FAIL  2.7s  10730w  gen_alpha_students/anxiety/shame/F006
  [ 918/1000] book_0917 FAIL  1.4s  0w  entrepreneurs/somatic_healing/watcher/F006
  [ 919/1000] book_0918 FAIL  1.5s  0w  gen_z_professionals/somatic_healing/watcher/F006
  [ 920/1000] book_0919 FAIL  1.5s  0w  corporate_managers/financial_stress/overwhelm/F006
  [ 921/1000] book_0920 FAIL  1.4s  0w  first_responders/courage/shame/F006
  [ 922/1000] book_0921 FAIL  1.7s  0w  working_parents/anxiety/spiral/F006
  [ 923/1000] book_0923 FAIL  1.7s  0w  corporate_managers/courage/shame/F006
  [ 924/1000] book_0922 FAIL  1.9s  0w  gen_z_professionals/anxiety/watcher/F006
  [ 925/1000] book_0924 FAIL  1.8s  0w  corporate_managers/depression/watcher/F006
  [ 926/1000] book_0925 FAIL  1.9s  0w  tech_finance_burnout/self_worth/shame/F006
  [ 927/1000] book_0926 FAIL  2.0s  0w  millennial_women_professionals/boundaries/shame/F006
  [ 928/1000] book_0927 FAIL  2.1s  0w  corporate_managers/anxiety/watcher/F006
  [ 929/1000] book_0928 FAIL  1.8s  0w  corporate_managers/boundaries/false_alarm/F006
  [ 930/1000] book_0929 FAIL  1.1s  0w  millennial_women_professionals/overthinking/watcher/F006
  [ 931/1000] book_0930 FAIL  1.1s  0w  tech_finance_burnout/social_anxiety/shame/F006
  [ 932/1000] book_0931 FAIL  1.0s  0w  tech_finance_burnout/overthinking/spiral/F006
  [ 933/1000] book_0932 FAIL  1.0s  0w  gen_x_sandwich/overthinking/spiral/F006
  [ 934/1000] book_0933 FAIL  1.6s  0w  entrepreneurs/compassion_fatigue/grief/F006
  [ 935/1000] book_0935 FAIL  1.7s  0w  gen_x_sandwich/depression/overwhelm/F006
  [ 936/1000] book_0936 FAIL  1.6s  0w  gen_x_sandwich/imposter_syndrome/comparison/F006
  [ 937/1000] book_0937 FAIL  0.9s  0w  millennial_women_professionals/burnout/overwhelm/F006
  [ 938/1000] book_0934 FAIL  2.9s  10567w  gen_alpha_students/anxiety/spiral/F006
  [ 939/1000] book_0938 FAIL  0.9s  0w  first_responders/sleep_anxiety/false_alarm/F006
  [ 940/1000] book_0940 FAIL  1.0s  0w  first_responders/sleep_anxiety/spiral/F006
  [ 941/1000] book_0939 FAIL  1.5s  0w  corporate_managers/burnout/overwhelm/F003
  [ 942/1000] book_0943 FAIL  1.0s  0w  working_parents/burnout/grief/F006
  [ 943/1000] book_0941 FAIL  1.6s  0w  corporate_managers/somatic_healing/overwhelm/F006
  [ 944/1000] book_0942 FAIL  1.6s  0w  first_responders/imposter_syndrome/shame/F006
  [ 945/1000] book_0944 FAIL  1.2s  0w  healthcare_rns/financial_stress/shame/F006
  [ 946/1000] book_0946 FAIL  0.8s  0w  tech_finance_burnout/burnout/grief/F006
  [ 947/1000] book_0948 FAIL  0.8s  0w  gen_z_professionals/social_anxiety/false_alarm/F006
  [ 948/1000] book_0945 FAIL  1.7s  0w  working_parents/anxiety/shame/F006
  [ 949/1000] book_0947 FAIL  1.4s  0w  tech_finance_burnout/somatic_healing/overwhelm/F006
  [ 950/1000] book_0950 FAIL  1.1s  0w  educators/anxiety/overwhelm/F006
  [ 951/1000] book_0951 FAIL  0.9s  0w  healthcare_rns/overthinking/spiral/F006
  [ 952/1000] book_0949 FAIL  1.6s  0w  first_responders/anxiety/overwhelm/F006
  [ 953/1000] book_0952 FAIL  1.4s  0w  corporate_managers/depression/overwhelm/F006
  [ 954/1000] book_0954 FAIL  0.9s  0w  working_parents/social_anxiety/comparison/F006
  [ 955/1000] book_0953 FAIL  2.5s  0w  tech_finance_burnout/sleep_anxiety/overwhelm/F006
  [ 956/1000] book_0955 FAIL  2.6s  0w  gen_alpha_students/imposter_syndrome/comparison/F006
  [ 957/1000] book_0957 FAIL  2.3s  0w  gen_z_professionals/social_anxiety/shame/F006
  [ 958/1000] book_0956 FAIL  3.0s  0w  gen_z_professionals/anxiety/overwhelm/F006
  [ 959/1000] book_0961 FAIL  3.5s  0w  healthcare_rns/burnout/watcher/F006
  [ 960/1000] book_0959 FAIL  5.5s  0w  millennial_women_professionals/sleep_anxiety/spiral/F006
  [ 961/1000] book_0958 FAIL  5.7s  0w  millennial_women_professionals/financial_stress/shame/F006
  [ 962/1000] book_0960 FAIL  5.2s  0w  gen_alpha_students/compassion_fatigue/watcher/F006
  [ 963/1000] book_0962 FAIL  3.6s  0w  gen_z_professionals/sleep_anxiety/spiral/F006
  [ 964/1000] book_0963 FAIL  3.4s  0w  gen_x_sandwich/sleep_anxiety/false_alarm/F006
  [ 965/1000] book_0964 FAIL  3.4s  0w  corporate_managers/financial_anxiety/shame/F006
  [ 966/1000] book_0965 FAIL  3.5s  0w  tech_finance_burnout/financial_stress/overwhelm/F006
  [ 967/1000] book_0968 FAIL  1.8s  0w  entrepreneurs/overthinking/false_alarm/F006
  [ 968/1000] book_0966 FAIL  3.0s  0w  entrepreneurs/anxiety/watcher/F006
  [ 969/1000] book_0967 FAIL  3.2s  0w  corporate_managers/anxiety/grief/F006
  [ 970/1000] book_0969 FAIL  2.9s  0w  gen_alpha_students/financial_anxiety/shame/F006
  [ 971/1000] book_0970 FAIL  2.8s  0w  gen_x_sandwich/financial_anxiety/shame/F006
  [ 972/1000] book_0971 FAIL  3.3s  0w  gen_x_sandwich/courage/shame/F006
  [ 973/1000] book_0973 FAIL  2.9s  0w  working_parents/courage/false_alarm/F006
  [ 974/1000] book_0972 FAIL  3.3s  0w  tech_finance_burnout/anxiety/watcher/F006
  [ 975/1000] book_0975 FAIL  1.7s  0w  healthcare_rns/financial_anxiety/shame/F006
  [ 976/1000] book_0974 FAIL  3.1s  0w  gen_alpha_students/self_worth/comparison/F006
  [ 977/1000] book_0977 FAIL  3.1s  0w  healthcare_rns/courage/spiral/F006
  [ 978/1000] book_0979 FAIL  3.1s  0w  millennial_women_professionals/financial_stress/shame/F006
  [ 979/1000] book_0976 FAIL  5.0s  10593w  gen_alpha_students/anxiety/comparison/F006
  [ 980/1000] book_0980 FAIL  2.2s  0w  corporate_managers/somatic_healing/watcher/F006
  [ 981/1000] book_0978 FAIL  4.6s  10656w  gen_alpha_students/anxiety/comparison/F006
  [ 982/1000] book_0981 FAIL  2.1s  0w  millennial_women_professionals/imposter_syndrome/comparison/F006
  [ 983/1000] book_0982 FAIL  2.3s  0w  corporate_managers/financial_stress/shame/F006
  [ 984/1000] book_0983 FAIL  5.2s  0w  corporate_managers/compassion_fatigue/grief/F006
  [ 985/1000] book_0984 FAIL  5.5s  0w  first_responders/anxiety/grief/F006
  [ 986/1000] book_0985 FAIL  4.5s  0w  tech_finance_burnout/social_anxiety/false_alarm/F006
  [ 987/1000] book_0986 FAIL  5.7s  0w  working_parents/compassion_fatigue/overwhelm/F006
  [ 988/1000] book_0987 FAIL  4.1s  0w  entrepreneurs/depression/watcher/F006
  [ 989/1000] book_0988 FAIL  4.1s  0w  millennial_women_professionals/self_worth/shame/F006
  [ 990/1000] book_0989 FAIL  4.1s  0w  gen_alpha_students/compassion_fatigue/overwhelm/F006
  [ 991/1000] book_0990 FAIL  4.7s  0w  working_parents/compassion_fatigue/grief/F006
  [ 992/1000] book_0991 FAIL  4.5s  0w  gen_alpha_students/financial_stress/spiral/F006
  [ 993/1000] book_0992 FAIL  4.5s  0w  healthcare_rns/compassion_fatigue/watcher/F006
  [ 994/1000] book_0993 FAIL  4.5s  0w  healthcare_rns/courage/false_alarm/F006
  [ 995/1000] book_0994 FAIL  2.3s  0w  gen_x_sandwich/burnout/grief/F006
  [ 996/1000] book_0995 FAIL  2.2s  0w  working_parents/compassion_fatigue/grief/F006
  [ 997/1000] book_0998 FAIL  1.9s  0w  corporate_managers/imposter_syndrome/shame/F006
  [ 998/1000] book_0996 FAIL  2.0s  0w  gen_x_sandwich/courage/shame/F006
  [ 999/1000] book_0997 FAIL  2.3s  0w  entrepreneurs/anxiety/shame/F006
  [1000/1000] book_0999 FAIL  1.5s  0w  millennial_women_professionals/boundaries/comparison/F006

Results appended to /Users/ahjan/phoenix_omega/artifacts/simulation/simulation_1000_results.jsonl

======================================================================
SIMULATION SUMMARY
======================================================================
Total books attempted:  1000
Successes:              6
Failures:               994
Avg word count:         7645  (min=2731, max=10799)
Avg duration (s):       5.1
Total wall-clock (s):   3349.9

Top 5 failure reasons:
  [ 397x] Book-pass warning: mechanism_gate: Chapter 18: mechanism_depth does not increase
  [ 253x] File "/Users/ahjan/phoenix_omega/scripts/run_pipeline.py", line 1558, in <module
  [ 174x] Book-pass warning: mechanism_gate: Chapter 19: mechanism_depth does not increase
  [  66x] Book-pass warning: mechanism_gate: Chapter 16: mechanism_depth does not increase
  [  27x] WARNING: book_pass: ending lacks net transformation contrast statement.

Production profile:     0/0 passed
Draft profile:          6/1000 passed
======================================================================
