WARNING: --no-job-check: pipeline job enforcement disabled (CI/testing only).
Warning: atoms_model missing in spec; derived from config (legacy_personas) -> legacy
Template routing: burnout×healthcare_rns×standard_book → spine_only (no template overlay)
Book planning layer: no pre-authored plan for burnout x healthcare_rns x standard_book (No deterministic BookStructurePlan for topic='burnout', persona='healthcare_rns', runtime='standard_book'. Expected one of: /Users/ahjan/phoenix_omega/config/plans/burnout_healthcare_rns_standard_book.yaml, /Users/ahjan/phoenix_omega/config/plans/burnout_healthcare_rns_deep_book_6h.yaml, /Users/ahjan/phoenix_omega/config/plans/burnout_healthcare_rns_6h.yaml); generating auto-plan.
Content bank registry unavailable: /Users/ahjan/phoenix_omega/config/content_banks/anxiety_corporate_managers_scene_recognition_bank.yaml: variant 'acmr_001' missing keys ['band', 'ei_v2_targets', 'forbidden_terms', 'frame_allowlist', 'frame_blocklist', 'intensity', 'mechanism_depth', 'ontgp_move', 'persona_allowlist', 'runtime_allowlist', 'signature_phrases', 'slot_type', 'topic_allowlist', 'topic_blocklist']
DEFECT4: dropping registry section section_01 (persona='Gen Z') — foreign to spine persona_id='healthcare_rns'; falling through to persona_atom/teacher.
DEFECT4: dropping registry section section_02 (persona='Gen Z') — foreign to spine persona_id='healthcare_rns'; falling through to persona_atom/teacher.
DEFECT4: dropping registry section section_03 (persona='Gen Z') — foreign to spine persona_id='healthcare_rns'; falling through to persona_atom/teacher.
DEFECT4: dropping registry section section_04 (persona='Gen Z') — foreign to spine persona_id='healthcare_rns'; falling through to persona_atom/teacher.
DEFECT4: dropping registry section section_05 (persona='Gen Z') — foreign to spine persona_id='healthcare_rns'; falling through to persona_atom/teacher.
DEFECT4: dropping registry section section_06 (persona='Gen Z') — foreign to spine persona_id='healthcare_rns'; falling through to persona_atom/teacher.
DEFECT4: dropping registry section section_07 (persona='Gen Z') — foreign to spine persona_id='healthcare_rns'; falling through to persona_atom/teacher.
DEFECT4: dropping registry section section_08 (persona='Gen Z') — foreign to spine persona_id='healthcare_rns'; falling through to persona_atom/teacher.
DEFECT4: dropping registry section section_09 (persona='Gen Z') — foreign to spine persona_id='healthcare_rns'; falling through to persona_atom/teacher.
DEFECT4: dropping registry section section_10 (persona='Gen Z') — foreign to spine persona_id='healthcare_rns'; falling through to persona_atom/teacher.
DEFECT4: dropping registry section section_01 (persona='Gen Z') — foreign to spine persona_id='healthcare_rns'; falling through to persona_atom/teacher.
DEFECT4: dropping registry section section_02 (persona='Gen Z') — foreign to spine persona_id='healthcare_rns'; falling through to persona_atom/teacher.
DEFECT4: dropping registry section section_03 (persona='Gen Z') — foreign to spine persona_id='healthcare_rns'; falling through to persona_atom/teacher.
DEFECT4: dropping registry section section_04 (persona='Gen Z') — foreign to spine persona_id='healthcare_rns'; falling through to persona_atom/teacher.
DEFECT4: dropping registry section section_05 (persona='Gen Z') — foreign to spine persona_id='healthcare_rns'; falling through to persona_atom/teacher.
DEFECT4: dropping registry section section_06 (persona='Gen Z') — foreign to spine persona_id='healthcare_rns'; falling through to persona_atom/teacher.
DEFECT4: dropping registry section section_07 (persona='Gen Z') — foreign to spine persona_id='healthcare_rns'; falling through to persona_atom/teacher.
DEFECT4: dropping registry section section_08 (persona='Gen Z') — foreign to spine persona_id='healthcare_rns'; falling through to persona_atom/teacher.
DEFECT4: dropping registry section section_09 (persona='Gen Z') — foreign to spine persona_id='healthcare_rns'; falling through to persona_atom/teacher.
DEFECT4: dropping registry section section_01 (persona='Gen Z') — foreign to spine persona_id='healthcare_rns'; falling through to persona_atom/teacher.
DEFECT4: dropping registry section section_02 (persona='Gen Z') — foreign to spine persona_id='healthcare_rns'; falling through to persona_atom/teacher.
DEFECT4: dropping registry section section_03 (persona='Gen Z') — foreign to spine persona_id='healthcare_rns'; falling through to persona_atom/teacher.
DEFECT4: dropping registry section section_04 (persona='Gen Z') — foreign to spine persona_id='healthcare_rns'; falling through to persona_atom/teacher.
DEFECT4: dropping registry section section_05 (persona='Gen Z') — foreign to spine persona_id='healthcare_rns'; falling through to persona_atom/teacher.
DEFECT4: dropping registry section section_06 (persona='Gen Z') — foreign to spine persona_id='healthcare_rns'; falling through to persona_atom/teacher.
DEFECT4: dropping registry section section_07 (persona='Gen Z') — foreign to spine persona_id='healthcare_rns'; falling through to persona_atom/teacher.
DEFECT4: dropping registry section section_08 (persona='Gen Z') — foreign to spine persona_id='healthcare_rns'; falling through to persona_atom/teacher.
DEFECT4: dropping registry section section_01 (persona='Gen Z') — foreign to spine persona_id='healthcare_rns'; falling through to persona_atom/teacher.
DEFECT4: dropping registry section section_02 (persona='Gen Z') — foreign to spine persona_id='healthcare_rns'; falling through to persona_atom/teacher.
DEFECT4: dropping registry section section_03 (persona='Gen Z') — foreign to spine persona_id='healthcare_rns'; falling through to persona_atom/teacher.
DEFECT4: dropping registry section section_04 (persona='Gen Z') — foreign to spine persona_id='healthcare_rns'; falling through to persona_atom/teacher.
DEFECT4: dropping registry section section_05 (persona='Gen Z') — foreign to spine persona_id='healthcare_rns'; falling through to persona_atom/teacher.
DEFECT4: dropping registry section section_06 (persona='Gen Z') — foreign to spine persona_id='healthcare_rns'; falling through to persona_atom/teacher.
DEFECT4: dropping registry section section_07 (persona='Gen Z') — foreign to spine persona_id='healthcare_rns'; falling through to persona_atom/teacher.
DEFECT4: dropping registry section section_01 (persona='Gen Z') — foreign to spine persona_id='healthcare_rns'; falling through to persona_atom/teacher.
DEFECT4: dropping registry section section_02 (persona='Gen Z') — foreign to spine persona_id='healthcare_rns'; falling through to persona_atom/teacher.
DEFECT4: dropping registry section section_03 (persona='Gen Z') — foreign to spine persona_id='healthcare_rns'; falling through to persona_atom/teacher.
DEFECT4: dropping registry section section_04 (persona='Gen Z') — foreign to spine persona_id='healthcare_rns'; falling through to persona_atom/teacher.
DEFECT4: dropping registry section section_05 (persona='Gen Z') — foreign to spine persona_id='healthcare_rns'; falling through to persona_atom/teacher.
DEFECT4: dropping registry section section_06 (persona='Gen Z') — foreign to spine persona_id='healthcare_rns'; falling through to persona_atom/teacher.
DEFECT4: dropping registry section section_07 (persona='Gen Z') — foreign to spine persona_id='healthcare_rns'; falling through to persona_atom/teacher.
DEFECT4: dropping registry section section_01 (persona='Gen Z') — foreign to spine persona_id='healthcare_rns'; falling through to persona_atom/teacher.
DEFECT4: dropping registry section section_02 (persona='Gen Z') — foreign to spine persona_id='healthcare_rns'; falling through to persona_atom/teacher.
DEFECT4: dropping registry section section_03 (persona='Gen Z') — foreign to spine persona_id='healthcare_rns'; falling through to persona_atom/teacher.
DEFECT4: dropping registry section section_04 (persona='Gen Z') — foreign to spine persona_id='healthcare_rns'; falling through to persona_atom/teacher.
DEFECT4: dropping registry section section_05 (persona='Gen Z') — foreign to spine persona_id='healthcare_rns'; falling through to persona_atom/teacher.
DEFECT4: dropping registry section section_06 (persona='Gen Z') — foreign to spine persona_id='healthcare_rns'; falling through to persona_atom/teacher.
DEFECT4: dropping registry section section_07 (persona='Gen Z') — foreign to spine persona_id='healthcare_rns'; falling through to persona_atom/teacher.
DEFECT4: dropping registry section section_01 (persona='Gen Z') — foreign to spine persona_id='healthcare_rns'; falling through to persona_atom/teacher.
DEFECT4: dropping registry section section_02 (persona='Gen Z') — foreign to spine persona_id='healthcare_rns'; falling through to persona_atom/teacher.
DEFECT4: dropping registry section section_03 (persona='Gen Z') — foreign to spine persona_id='healthcare_rns'; falling through to persona_atom/teacher.
DEFECT4: dropping registry section section_04 (persona='Gen Z') — foreign to spine persona_id='healthcare_rns'; falling through to persona_atom/teacher.
DEFECT4: dropping registry section section_05 (persona='Gen Z') — foreign to spine persona_id='healthcare_rns'; falling through to persona_atom/teacher.
DEFECT4: dropping registry section section_06 (persona='Gen Z') — foreign to spine persona_id='healthcare_rns'; falling through to persona_atom/teacher.
DEFECT4: dropping registry section section_07 (persona='Gen Z') — foreign to spine persona_id='healthcare_rns'; falling through to persona_atom/teacher.
DEFECT4: dropping registry section section_01 (persona='Gen Z') — foreign to spine persona_id='healthcare_rns'; falling through to persona_atom/teacher.
DEFECT4: dropping registry section section_02 (persona='Gen Z') — foreign to spine persona_id='healthcare_rns'; falling through to persona_atom/teacher.
DEFECT4: dropping registry section section_03 (persona='Gen Z') — foreign to spine persona_id='healthcare_rns'; falling through to persona_atom/teacher.
DEFECT4: dropping registry section section_04 (persona='Gen Z') — foreign to spine persona_id='healthcare_rns'; falling through to persona_atom/teacher.
DEFECT4: dropping registry section section_05 (persona='Gen Z') — foreign to spine persona_id='healthcare_rns'; falling through to persona_atom/teacher.
DEFECT4: dropping registry section section_06 (persona='Gen Z') — foreign to spine persona_id='healthcare_rns'; falling through to persona_atom/teacher.
DEFECT4: dropping registry section section_07 (persona='Gen Z') — foreign to spine persona_id='healthcare_rns'; falling through to persona_atom/teacher.
DEFECT4: dropping registry section section_01 (persona='Gen Z') — foreign to spine persona_id='healthcare_rns'; falling through to persona_atom/teacher.
DEFECT4: dropping registry section section_02 (persona='Gen Z') — foreign to spine persona_id='healthcare_rns'; falling through to persona_atom/teacher.
DEFECT4: dropping registry section section_03 (persona='Gen Z') — foreign to spine persona_id='healthcare_rns'; falling through to persona_atom/teacher.
DEFECT4: dropping registry section section_04 (persona='Gen Z') — foreign to spine persona_id='healthcare_rns'; falling through to persona_atom/teacher.
DEFECT4: dropping registry section section_05 (persona='Gen Z') — foreign to spine persona_id='healthcare_rns'; falling through to persona_atom/teacher.
DEFECT4: dropping registry section section_06 (persona='Gen Z') — foreign to spine persona_id='healthcare_rns'; falling through to persona_atom/teacher.
DEFECT4: dropping registry section section_07 (persona='Gen Z') — foreign to spine persona_id='healthcare_rns'; falling through to persona_atom/teacher.
DEFECT4: dropping registry section section_01 (persona='Gen Z') — foreign to spine persona_id='healthcare_rns'; falling through to persona_atom/teacher.
DEFECT4: dropping registry section section_02 (persona='Gen Z') — foreign to spine persona_id='healthcare_rns'; falling through to persona_atom/teacher.
DEFECT4: dropping registry section section_03 (persona='Gen Z') — foreign to spine persona_id='healthcare_rns'; falling through to persona_atom/teacher.
DEFECT4: dropping registry section section_04 (persona='Gen Z') — foreign to spine persona_id='healthcare_rns'; falling through to persona_atom/teacher.
DEFECT4: dropping registry section section_05 (persona='Gen Z') — foreign to spine persona_id='healthcare_rns'; falling through to persona_atom/teacher.
DEFECT4: dropping registry section section_06 (persona='Gen Z') — foreign to spine persona_id='healthcare_rns'; falling through to persona_atom/teacher.
DEFECT4: dropping registry section section_07 (persona='Gen Z') — foreign to spine persona_id='healthcare_rns'; falling through to persona_atom/teacher.
DEFECT4: dropping registry section section_01 (persona='Gen Z') — foreign to spine persona_id='healthcare_rns'; falling through to persona_atom/teacher.
DEFECT4: dropping registry section section_02 (persona='Gen Z') — foreign to spine persona_id='healthcare_rns'; falling through to persona_atom/teacher.
DEFECT4: dropping registry section section_03 (persona='Gen Z') — foreign to spine persona_id='healthcare_rns'; falling through to persona_atom/teacher.
DEFECT4: dropping registry section section_04 (persona='Gen Z') — foreign to spine persona_id='healthcare_rns'; falling through to persona_atom/teacher.
DEFECT4: dropping registry section section_05 (persona='Gen Z') — foreign to spine persona_id='healthcare_rns'; falling through to persona_atom/teacher.
DEFECT4: dropping registry section section_06 (persona='Gen Z') — foreign to spine persona_id='healthcare_rns'; falling through to persona_atom/teacher.
DEFECT4: dropping registry section section_07 (persona='Gen Z') — foreign to spine persona_id='healthcare_rns'; falling through to persona_atom/teacher.
DEFECT4: dropping registry section section_01 (persona='Gen Z') — foreign to spine persona_id='healthcare_rns'; falling through to persona_atom/teacher.
DEFECT4: dropping registry section section_02 (persona='Gen Z') — foreign to spine persona_id='healthcare_rns'; falling through to persona_atom/teacher.
DEFECT4: dropping registry section section_03 (persona='Gen Z') — foreign to spine persona_id='healthcare_rns'; falling through to persona_atom/teacher.
DEFECT4: dropping registry section section_04 (persona='Gen Z') — foreign to spine persona_id='healthcare_rns'; falling through to persona_atom/teacher.
DEFECT4: dropping registry section section_05 (persona='Gen Z') — foreign to spine persona_id='healthcare_rns'; falling through to persona_atom/teacher.
DEFECT4: dropping registry section section_06 (persona='Gen Z') — foreign to spine persona_id='healthcare_rns'; falling through to persona_atom/teacher.
DEFECT4: dropping registry section section_07 (persona='Gen Z') — foreign to spine persona_id='healthcare_rns'; falling through to persona_atom/teacher.
[enrichment_per_section] no ARC blocks parsed from /Users/ahjan/phoenix_omega/atoms/healthcare_rns/burnout/HOOK/CANONICAL.txt; falling back to legacy prose-chunk path (degraded). Consider authoring story_atoms/ or restructuring this file with ## ARC_POSITION vNN headers.
DEFECT4: skipping depth registry section section_01 (persona='Gen Z') — foreign to spine persona_id='healthcare_rns'.
DEFECT4: skipping depth registry section section_02 (persona='Gen Z') — foreign to spine persona_id='healthcare_rns'.
DEFECT4: skipping depth registry section section_03 (persona='Gen Z') — foreign to spine persona_id='healthcare_rns'.
DEFECT4: skipping depth registry section section_04 (persona='Gen Z') — foreign to spine persona_id='healthcare_rns'.
DEFECT4: skipping depth registry section section_01 (persona='Gen Z') — foreign to spine persona_id='healthcare_rns'.
DEFECT4: skipping depth registry section section_05 (persona='Gen Z') — foreign to spine persona_id='healthcare_rns'.
DEFECT4: skipping depth registry section section_07 (persona='Gen Z') — foreign to spine persona_id='healthcare_rns'.
DEFECT4: skipping depth registry section section_08 (persona='Gen Z') — foreign to spine persona_id='healthcare_rns'.
[enrichment_per_section] no ARC blocks parsed from /Users/ahjan/phoenix_omega/atoms/healthcare_rns/burnout/HOOK/CANONICAL.txt; falling back to legacy prose-chunk path (degraded). Consider authoring story_atoms/ or restructuring this file with ## ARC_POSITION vNN headers.
DEFECT4: skipping depth registry section section_01 (persona='Gen Z') — foreign to spine persona_id='healthcare_rns'.
DEFECT4: skipping depth registry section section_02 (persona='Gen Z') — foreign to spine persona_id='healthcare_rns'.
DEFECT4: skipping depth registry section section_03 (persona='Gen Z') — foreign to spine persona_id='healthcare_rns'.
DEFECT4: skipping depth registry section section_04 (persona='Gen Z') — foreign to spine persona_id='healthcare_rns'.
DEFECT4: skipping depth registry section section_01 (persona='Gen Z') — foreign to spine persona_id='healthcare_rns'.
DEFECT4: skipping depth registry section section_05 (persona='Gen Z') — foreign to spine persona_id='healthcare_rns'.
DEFECT4: skipping depth registry section section_07 (persona='Gen Z') — foreign to spine persona_id='healthcare_rns'.
DEFECT4: skipping depth registry section section_08 (persona='Gen Z') — foreign to spine persona_id='healthcare_rns'.
[PRODUCTION GATE / G-DEF4] 106 foreign-persona registry drop(s) for persona_id='healthcare_rns'. Fix bank routing before catalog ship (do not silence DEFECT4).
  sample: {'section_key': 'section_01', 'section_persona': 'Gen Z', 'spine_persona_id': 'healthcare_rns', 'site': 'registry_type_lists'}
EXIT_CODE=1
