WARNING: --no-job-check: pipeline job enforcement disabled (CI/testing only).
Warning: atoms_model missing in spec; derived from config (legacy_personas) -> legacy
EXERCISE FALLBACK: Using library_34 for chapter 0 topic anxiety persona gen_z_professionals. No registry or teacher exercise was available for this slot — add EXERCISE coverage upstream if this is unexpected.
EXERCISE FALLBACK: Using library_34 for chapter 0 topic anxiety persona gen_z_professionals. No registry or teacher exercise was available for this slot — add EXERCISE coverage upstream if this is unexpected.
EXERCISE FALLBACK: Using library_34 for chapter 1 topic anxiety persona gen_z_professionals. No registry or teacher exercise was available for this slot — add EXERCISE coverage upstream if this is unexpected.
EXERCISE FALLBACK: Using library_34 for chapter 1 topic anxiety persona gen_z_professionals. No registry or teacher exercise was available for this slot — add EXERCISE coverage upstream if this is unexpected.
EXERCISE FALLBACK: Using library_34 for chapter 2 topic anxiety persona gen_z_professionals. No registry or teacher exercise was available for this slot — add EXERCISE coverage upstream if this is unexpected.
EXERCISE FALLBACK: Using library_34 for chapter 2 topic anxiety persona gen_z_professionals. No registry or teacher exercise was available for this slot — add EXERCISE coverage upstream if this is unexpected.
EXERCISE FALLBACK: Using library_34 for chapter 3 topic anxiety persona gen_z_professionals. No registry or teacher exercise was available for this slot — add EXERCISE coverage upstream if this is unexpected.
EXERCISE FALLBACK: Using library_34 for chapter 3 topic anxiety persona gen_z_professionals. No registry or teacher exercise was available for this slot — add EXERCISE coverage upstream if this is unexpected.
EXERCISE FALLBACK: Using library_34 for chapter 4 topic anxiety persona gen_z_professionals. No registry or teacher exercise was available for this slot — add EXERCISE coverage upstream if this is unexpected.
EXERCISE FALLBACK: Using library_34 for chapter 4 topic anxiety persona gen_z_professionals. No registry or teacher exercise was available for this slot — add EXERCISE coverage upstream if this is unexpected.
EXERCISE FALLBACK: Using library_34 for chapter 5 topic anxiety persona gen_z_professionals. No registry or teacher exercise was available for this slot — add EXERCISE coverage upstream if this is unexpected.
EXERCISE FALLBACK: Using library_34 for chapter 5 topic anxiety persona gen_z_professionals. No registry or teacher exercise was available for this slot — add EXERCISE coverage upstream if this is unexpected.
EXERCISE FALLBACK: Using library_34 for chapter 6 topic anxiety persona gen_z_professionals. No registry or teacher exercise was available for this slot — add EXERCISE coverage upstream if this is unexpected.
EXERCISE FALLBACK: Using library_34 for chapter 6 topic anxiety persona gen_z_professionals. No registry or teacher exercise was available for this slot — add EXERCISE coverage upstream if this is unexpected.
EXERCISE FALLBACK: Using library_34 for chapter 7 topic anxiety persona gen_z_professionals. No registry or teacher exercise was available for this slot — add EXERCISE coverage upstream if this is unexpected.
EXERCISE FALLBACK: Using library_34 for chapter 7 topic anxiety persona gen_z_professionals. No registry or teacher exercise was available for this slot — add EXERCISE coverage upstream if this is unexpected.
EXERCISE FALLBACK: Using library_34 for chapter 8 topic anxiety persona gen_z_professionals. No registry or teacher exercise was available for this slot — add EXERCISE coverage upstream if this is unexpected.
EXERCISE FALLBACK: Using library_34 for chapter 8 topic anxiety persona gen_z_professionals. No registry or teacher exercise was available for this slot — add EXERCISE coverage upstream if this is unexpected.
EXERCISE FALLBACK: Using library_34 for chapter 9 topic anxiety persona gen_z_professionals. No registry or teacher exercise was available for this slot — add EXERCISE coverage upstream if this is unexpected.
EXERCISE FALLBACK: Using library_34 for chapter 9 topic anxiety persona gen_z_professionals. No registry or teacher exercise was available for this slot — add EXERCISE coverage upstream if this is unexpected.
EXERCISE FALLBACK: Using library_34 for chapter 10 topic anxiety persona gen_z_professionals. No registry or teacher exercise was available for this slot — add EXERCISE coverage upstream if this is unexpected.
EXERCISE FALLBACK: Using library_34 for chapter 10 topic anxiety persona gen_z_professionals. No registry or teacher exercise was available for this slot — add EXERCISE coverage upstream if this is unexpected.
EXERCISE FALLBACK: Using library_34 for chapter 11 topic anxiety persona gen_z_professionals. No registry or teacher exercise was available for this slot — add EXERCISE coverage upstream if this is unexpected.
EXERCISE FALLBACK: Using library_34 for chapter 11 topic anxiety persona gen_z_professionals. No registry or teacher exercise was available for this slot — add EXERCISE coverage upstream if this is unexpected.
Traceback (most recent call last):
  File "/Users/ahjan/.cursor/phoenix_canary_wt/scripts/run_pipeline.py", line 3355, in <module>
    sys.exit(main())
  File "/Users/ahjan/.cursor/phoenix_canary_wt/scripts/run_pipeline.py", line 1995, in main
    return _run_spine_pipeline_mode(
  File "/Users/ahjan/.cursor/phoenix_canary_wt/scripts/run_pipeline.py", line 556, in _run_spine_pipeline_mode
    prose = compose_from_enriched_book(
  File "/Users/ahjan/.cursor/phoenix_canary_wt/phoenix_v4/rendering/chapter_composer.py", line 2225, in compose_from_enriched_book
    write_selected_content_variants_json(
  File "/Users/ahjan/.cursor/phoenix_canary_wt/phoenix_v4/planning/enrichment_select.py", line 1262, in write_selected_content_variants_json
    path.write_text(
  File "/Applications/Xcode.app/Contents/Developer/Library/Frameworks/Python3.framework/Versions/3.9/lib/python3.9/pathlib.py", line 1275, in write_text
    with self.open(mode='w', encoding=encoding, errors=errors) as f:
  File "/Applications/Xcode.app/Contents/Developer/Library/Frameworks/Python3.framework/Versions/3.9/lib/python3.9/pathlib.py", line 1242, in open
    return io.open(self, mode, buffering, encoding, errors, newline,
  File "/Applications/Xcode.app/Contents/Developer/Library/Frameworks/Python3.framework/Versions/3.9/lib/python3.9/pathlib.py", line 1110, in _opener
    return self._accessor.open(self, flags, mode)
OSError: [Errno 28] No space left on device: '/Users/ahjan/phoenix_omega/artifacts/qa_reader_run_20260418_142750/selected_content_variants.json'
real 588.12
user 18.10
sys 1.21
