WARNING: --no-job-check: pipeline job enforcement disabled (CI/testing only).
Template routing: financial_anxiety×gen_z_professionals×standard_book → spine_only (no template overlay)
Book planning layer: no pre-authored plan for financial_anxiety x gen_z_professionals x standard_book (No deterministic BookStructurePlan for topic='financial_anxiety', persona='gen_z_professionals', runtime='standard_book'. Expected one of: /Users/ahjan/phoenix_omega/config/plans/financial_anxiety_gen_z_professionals_standard_book.yaml, /Users/ahjan/phoenix_omega/config/plans/financial_anxiety_gen_z_professionals_deep_book_6h.yaml, /Users/ahjan/phoenix_omega/config/plans/financial_anxiety_gen_z_professionals_6h.yaml); generating auto-plan.
Content bank registry unavailable: /Users/ahjan/phoenix_omega/config/content_banks/anxiety_corporate_managers_scene_recognition_bank.yaml: variant 'acmr_001' missing keys ['band', 'ei_v2_targets', 'forbidden_terms', 'frame_allowlist', 'frame_blocklist', 'intensity', 'mechanism_depth', 'ontgp_move', 'persona_allowlist', 'runtime_allowlist', 'signature_phrases', 'slot_type', 'topic_allowlist', 'topic_blocklist']
EXERCISE FALLBACK: Using library_34 for chapter 0 topic financial_anxiety persona gen_z_professionals. No registry or teacher exercise was available for this slot — add EXERCISE coverage upstream if this is unexpected.
EXERCISE FALLBACK: Using library_34 for chapter 0 topic financial_anxiety persona gen_z_professionals. No registry or teacher exercise was available for this slot — add EXERCISE coverage upstream if this is unexpected.
EXERCISE FALLBACK: Using library_34 for chapter 1 topic financial_anxiety persona gen_z_professionals. No registry or teacher exercise was available for this slot — add EXERCISE coverage upstream if this is unexpected.
EXERCISE FALLBACK: Using library_34 for chapter 1 topic financial_anxiety persona gen_z_professionals. No registry or teacher exercise was available for this slot — add EXERCISE coverage upstream if this is unexpected.
EXERCISE FALLBACK: Using library_34 for chapter 2 topic financial_anxiety persona gen_z_professionals. No registry or teacher exercise was available for this slot — add EXERCISE coverage upstream if this is unexpected.
EXERCISE FALLBACK: Using library_34 for chapter 2 topic financial_anxiety persona gen_z_professionals. No registry or teacher exercise was available for this slot — add EXERCISE coverage upstream if this is unexpected.
EXERCISE FALLBACK: Using library_34 for chapter 3 topic financial_anxiety persona gen_z_professionals. No registry or teacher exercise was available for this slot — add EXERCISE coverage upstream if this is unexpected.
EXERCISE FALLBACK: Using library_34 for chapter 3 topic financial_anxiety persona gen_z_professionals. No registry or teacher exercise was available for this slot — add EXERCISE coverage upstream if this is unexpected.
EXERCISE FALLBACK: Using library_34 for chapter 4 topic financial_anxiety persona gen_z_professionals. No registry or teacher exercise was available for this slot — add EXERCISE coverage upstream if this is unexpected.
EXERCISE FALLBACK: Using library_34 for chapter 4 topic financial_anxiety persona gen_z_professionals. No registry or teacher exercise was available for this slot — add EXERCISE coverage upstream if this is unexpected.
EXERCISE FALLBACK: Using library_34 for chapter 5 topic financial_anxiety persona gen_z_professionals. No registry or teacher exercise was available for this slot — add EXERCISE coverage upstream if this is unexpected.
EXERCISE FALLBACK: Using library_34 for chapter 5 topic financial_anxiety persona gen_z_professionals. No registry or teacher exercise was available for this slot — add EXERCISE coverage upstream if this is unexpected.
EXERCISE FALLBACK: Using library_34 for chapter 6 topic financial_anxiety persona gen_z_professionals. No registry or teacher exercise was available for this slot — add EXERCISE coverage upstream if this is unexpected.
EXERCISE FALLBACK: Using library_34 for chapter 6 topic financial_anxiety persona gen_z_professionals. No registry or teacher exercise was available for this slot — add EXERCISE coverage upstream if this is unexpected.
EXERCISE FALLBACK: Using library_34 for chapter 7 topic financial_anxiety persona gen_z_professionals. No registry or teacher exercise was available for this slot — add EXERCISE coverage upstream if this is unexpected.
EXERCISE FALLBACK: Using library_34 for chapter 7 topic financial_anxiety persona gen_z_professionals. No registry or teacher exercise was available for this slot — add EXERCISE coverage upstream if this is unexpected.
EXERCISE FALLBACK: Using library_34 for chapter 8 topic financial_anxiety persona gen_z_professionals. No registry or teacher exercise was available for this slot — add EXERCISE coverage upstream if this is unexpected.
EXERCISE FALLBACK: Using library_34 for chapter 8 topic financial_anxiety persona gen_z_professionals. No registry or teacher exercise was available for this slot — add EXERCISE coverage upstream if this is unexpected.
EXERCISE FALLBACK: Using library_34 for chapter 9 topic financial_anxiety persona gen_z_professionals. No registry or teacher exercise was available for this slot — add EXERCISE coverage upstream if this is unexpected.
EXERCISE FALLBACK: Using library_34 for chapter 9 topic financial_anxiety persona gen_z_professionals. No registry or teacher exercise was available for this slot — add EXERCISE coverage upstream if this is unexpected.
EXERCISE FALLBACK: Using library_34 for chapter 10 topic financial_anxiety persona gen_z_professionals. No registry or teacher exercise was available for this slot — add EXERCISE coverage upstream if this is unexpected.
EXERCISE FALLBACK: Using library_34 for chapter 10 topic financial_anxiety persona gen_z_professionals. No registry or teacher exercise was available for this slot — add EXERCISE coverage upstream if this is unexpected.
EXERCISE FALLBACK: Using library_34 for chapter 11 topic financial_anxiety persona gen_z_professionals. No registry or teacher exercise was available for this slot — add EXERCISE coverage upstream if this is unexpected.
EXERCISE FALLBACK: Using library_34 for chapter 11 topic financial_anxiety persona gen_z_professionals. No registry or teacher exercise was available for this slot — add EXERCISE coverage upstream if this is unexpected.
[PRODUCTION GATE] EXERCISE-BANK-RESOLUTION-01 strict-canonical: 24 EXERCISE slot(s) resolved via practice_library fall-through. Production must resolve EXERCISE from teacher_banks/approved_atoms/EXERCISE or persona-atom EXERCISE bank. Add atoms upstream (Pearl_Editor + Pearl_Writer ws), or use --quality-profile draft/debug to allow practice_library fall-through during development.
