WARNING: --no-job-check: pipeline job enforcement disabled (CI/testing only).
Template routing: financial_anxiety×gen_z_professionals×standard_book → spine_only (no template overlay)
Book planning layer: no pre-authored plan for financial_anxiety x gen_z_professionals x standard_book (No deterministic BookStructurePlan for topic='financial_anxiety', persona='gen_z_professionals', runtime='standard_book'. Expected one of: /Users/ahjan/phoenix_omega/config/plans/financial_anxiety_gen_z_professionals_standard_book.yaml, /Users/ahjan/phoenix_omega/config/plans/financial_anxiety_gen_z_professionals_deep_book_6h.yaml, /Users/ahjan/phoenix_omega/config/plans/financial_anxiety_gen_z_professionals_6h.yaml); generating auto-plan.
Content bank registry unavailable: /Users/ahjan/phoenix_omega/config/content_banks/anxiety_corporate_managers_scene_recognition_bank.yaml: variant 'acmr_001' missing keys ['band', 'ei_v2_targets', 'forbidden_terms', 'frame_allowlist', 'frame_blocklist', 'intensity', 'mechanism_depth', 'ontgp_move', 'persona_allowlist', 'runtime_allowlist', 'signature_phrases', 'slot_type', 'topic_allowlist', 'topic_blocklist']
[enrichment_per_section] no ARC blocks parsed from /Users/ahjan/phoenix_omega/atoms/gen_z_professionals/financial_anxiety/HOOK/CANONICAL.txt; falling back to legacy prose-chunk path (degraded). Consider authoring story_atoms/ or restructuring this file with ## ARC_POSITION vNN headers.
[enrichment_per_section] no ARC blocks parsed from /Users/ahjan/phoenix_omega/atoms/gen_z_professionals/financial_anxiety/STORY/CANONICAL.txt; falling back to legacy prose-chunk path (degraded). Consider authoring story_atoms/ or restructuring this file with ## ARC_POSITION vNN headers.
[enrichment_per_section] no ARC blocks parsed from /Users/ahjan/phoenix_omega/atoms/gen_z_professionals/financial_anxiety/STORY/CANONICAL.txt; falling back to legacy prose-chunk path (degraded). Consider authoring story_atoms/ or restructuring this file with ## ARC_POSITION vNN headers.
[enrichment_per_section] no ARC blocks parsed from /Users/ahjan/phoenix_omega/atoms/gen_z_professionals/financial_anxiety/STORY/CANONICAL.txt; falling back to legacy prose-chunk path (degraded). Consider authoring story_atoms/ or restructuring this file with ## ARC_POSITION vNN headers.
EXERCISE FALLBACK: Using library_34 for chapter 6 topic financial_anxiety persona gen_z_professionals. No registry or teacher exercise was available for this slot — add EXERCISE coverage upstream if this is unexpected.
[enrichment_per_section] no ARC blocks parsed from /Users/ahjan/phoenix_omega/atoms/gen_z_professionals/financial_anxiety/HOOK/CANONICAL.txt; falling back to legacy prose-chunk path (degraded). Consider authoring story_atoms/ or restructuring this file with ## ARC_POSITION vNN headers.
[enrichment_per_section] no ARC blocks parsed from /Users/ahjan/phoenix_omega/atoms/gen_z_professionals/financial_anxiety/SCENE/CANONICAL.txt; falling back to legacy prose-chunk path (degraded). Consider authoring story_atoms/ or restructuring this file with ## ARC_POSITION vNN headers.
[enrichment_per_section] no ARC blocks parsed from /Users/ahjan/phoenix_omega/atoms/gen_z_professionals/financial_anxiety/STORY/CANONICAL.txt; falling back to legacy prose-chunk path (degraded). Consider authoring story_atoms/ or restructuring this file with ## ARC_POSITION vNN headers.
Exercise journey outcome mismatch ch=1 thesis=anxiety_spike violations=['awareness: need>=0.750 got=0.500', 'integration: need>=0.450 got=0.000']
Exercise journey outcome mismatch ch=2 thesis=neck_up_problem violations=['awareness: need>=0.850 got=0.500']
Exercise journey outcome mismatch ch=3 thesis=emotional_overwhelm violations=['awareness: need>=0.650 got=0.500']
Exercise journey outcome mismatch ch=4 thesis=emotional_overwhelm violations=['awareness: need>=0.650 got=0.500', 'integration: need>=0.500 got=0.000']
Exercise journey outcome mismatch ch=5 thesis=burnout_pattern violations=['awareness: need>=0.600 got=0.500', 'integration: need>=0.700 got=0.000']
Exercise journey outcome mismatch ch=6 thesis=anxiety_spike violations=['awareness: need>=0.750 got=0.500', 'regulation: need>=0.850 got=0.500']
Exercise journey outcome mismatch ch=7 thesis=burnout_pattern violations=['awareness: need>=0.600 got=0.500', 'integration: need>=0.700 got=0.000']
Exercise journey outcome mismatch ch=8 thesis=anxiety_spike violations=['awareness: need>=0.750 got=0.500', 'integration: need>=0.450 got=0.000']
Exercise journey outcome mismatch ch=9 thesis=burnout_pattern violations=['awareness: need>=0.600 got=0.500', 'integration: need>=0.700 got=0.000']
Exercise journey outcome mismatch ch=10 thesis=nothing_worked_yet violations=['awareness: need>=0.700 got=0.500']
Exercise journey outcome mismatch ch=11 thesis=emotional_overwhelm violations=['awareness: need>=0.650 got=0.500', 'integration: need>=0.500 got=0.000']
Exercise journey outcome mismatch ch=12 thesis=neck_up_problem violations=['awareness: need>=0.850 got=0.500']
Exercise governance: dropped EXERCISE slot in chapter 1 (cap=0).
Exercise governance: dropped EXERCISE slot in chapter 1 (cap=0).
EXERCISE FALLBACK: Using library_34 for chapter 0 topic financial_anxiety persona gen_z_professionals. No registry or teacher exercise was available for this slot — add EXERCISE coverage upstream if this is unexpected.
Exercise governance: dropped EXERCISE slot in chapter 12 (cap=0).
Exercise governance: dropped EXERCISE slot in chapter 12 (cap=0).
Exercise governance: dropped EXERCISE slot in chapter 12 (cap=0).
Exercise governance: dropped EXERCISE slot in chapter 12 (cap=0).
Exercise governance: dropped EXERCISE slot in chapter 12 (cap=0).
Exercise governance: dropped EXERCISE slot in chapter 12 (cap=0).
Chapter contract: chapter 12: emotional_job 'resolution' matches previous chapter — escalation contract may be weak
EXERCISE FALLBACK: Using library_34 for chapter 11 topic financial_anxiety persona gen_z_professionals. No registry or teacher exercise was available for this slot — add EXERCISE coverage upstream if this is unexpected.
Chapter flow gate: FAIL (1/12 failed). Report: /Users/ahjan/phoenix_omega/artifacts/pearl_prime/fix_wave_rebuild_20260614/book3/chapter_flow_report.json
  Ch 11: MISSING_CLEAR_POINT
Bestseller craft gate (advisory): PASS — overall ONTGP score 0.64
Scene anti-genericity gate FAILED. Report: /Users/ahjan/phoenix_omega/artifacts/pearl_prime/fix_wave_rebuild_20260614/book3/scene_gate/spine-financial_anxiety.json
EI V2: PASS — composite 0.63. Report: /Users/ahjan/phoenix_omega/artifacts/pearl_prime/fix_wave_rebuild_20260614/book3/ei_v2_report.json
Editorial report: WARN — thesis drift 0 chapters, ONTGP 0.64, flow 0.00. Report: /Users/ahjan/phoenix_omega/artifacts/pearl_prime/fix_wave_rebuild_20260614/book3/editorial_report.json
Memorable lines: 9 chapters with >=2 quotable lines / 12. Report: /Users/ahjan/phoenix_omega/artifacts/pearl_prime/fix_wave_rebuild_20260614/book3/memorable_line_report.json
Transformation arc: WARN. Report: /Users/ahjan/phoenix_omega/artifacts/pearl_prime/fix_wave_rebuild_20260614/book3/transformation_heatmap.json
Book pass gate: FAIL. Report: /Users/ahjan/phoenix_omega/artifacts/pearl_prime/fix_wave_rebuild_20260614/book3/book_pass_report.json
Pearl Prime book quality gate: Reject (fail=1 hold=1) — /Users/ahjan/phoenix_omega/artifacts/pearl_prime/fix_wave_rebuild_20260614/book3/book_quality_report.json
BLOCKED: 4 quality gate(s) failed in production mode: chapter_flow, scene_anti_genericity, book_pass, book_quality_gate. Use --skip-quality-gates or --quality-profile=draft to bypass.
