=== render burnout_overwhelm__corporate_managers ===
WARNING: --no-job-check: pipeline job enforcement disabled (CI/testing only).
Warning: atoms_model missing in spec; derived from config (legacy_personas) -> legacy
Template routing: burnout×corporate_managers×standard_book → spine_only (no template overlay)
Book planning layer: no pre-authored plan for burnout x corporate_managers x standard_book (No deterministic BookStructurePlan for topic='burnout', persona='corporate_managers', runtime='standard_book'. Expected one of: /Users/ahjan/phoenix_omega/config/plans/burnout_corporate_managers_standard_book.yaml, /Users/ahjan/phoenix_omega/config/plans/burnout_corporate_managers_deep_book_6h.yaml, /Users/ahjan/phoenix_omega/config/plans/burnout_corporate_managers_6h.yaml); generating auto-plan.
Content bank registry unavailable: /Users/ahjan/phoenix_omega/config/content_banks/anxiety_corporate_managers_scene_recognition_bank.yaml: variant 'acmr_001' missing keys ['band', 'ei_v2_targets', 'forbidden_terms', 'frame_allowlist', 'frame_blocklist', 'intensity', 'mechanism_depth', 'ontgp_move', 'persona_allowlist', 'runtime_allowlist', 'signature_phrases', 'slot_type', 'topic_allowlist', 'topic_blocklist']
DEFECT4: dropping registry section section_01 (persona='Gen Z') — foreign to spine persona_id='corporate_managers'; falling through to persona_atom/teacher.
DEFECT4: dropping registry section section_02 (persona='Gen Z') — foreign to spine persona_id='corporate_managers'; falling through to persona_atom/teacher.
DEFECT4: dropping registry section section_03 (persona='Gen Z') — foreign to spine persona_id='corporate_managers'; falling through to persona_atom/teacher.
DEFECT4: dropping registry section section_04 (persona='Gen Z') — foreign to spine persona_id='corporate_managers'; falling through to persona_atom/teacher.
DEFECT4: dropping registry section section_05 (persona='Gen Z') — foreign to spine persona_id='corporate_managers'; falling through to persona_atom/teacher.
DEFECT4: dropping registry section section_06 (persona='Gen Z') — foreign to spine persona_id='corporate_managers'; falling through to persona_atom/teacher.
DEFECT4: dropping registry section section_07 (persona='Gen Z') — foreign to spine persona_id='corporate_managers'; falling through to persona_atom/teacher.
DEFECT4: dropping registry section section_08 (persona='Gen Z') — foreign to spine persona_id='corporate_managers'; falling through to persona_atom/teacher.
DEFECT4: dropping registry section section_09 (persona='Gen Z') — foreign to spine persona_id='corporate_managers'; falling through to persona_atom/teacher.
DEFECT4: dropping registry section section_10 (persona='Gen Z') — foreign to spine persona_id='corporate_managers'; falling through to persona_atom/teacher.
DEFECT4: dropping registry section section_01 (persona='Gen Z') — foreign to spine persona_id='corporate_managers'; falling through to persona_atom/teacher.
DEFECT4: dropping registry section section_02 (persona='Gen Z') — foreign to spine persona_id='corporate_managers'; falling through to persona_atom/teacher.
DEFECT4: dropping registry section section_03 (persona='Gen Z') — foreign to spine persona_id='corporate_managers'; falling through to persona_atom/teacher.
DEFECT4: dropping registry section section_04 (persona='Gen Z') — foreign to spine persona_id='corporate_managers'; falling through to persona_atom/teacher.
DEFECT4: dropping registry section section_05 (persona='Gen Z') — foreign to spine persona_id='corporate_managers'; falling through to persona_atom/teacher.
DEFECT4: dropping registry section section_06 (persona='Gen Z') — foreign to spine persona_id='corporate_managers'; falling through to persona_atom/teacher.
DEFECT4: dropping registry section section_07 (persona='Gen Z') — foreign to spine persona_id='corporate_managers'; falling through to persona_atom/teacher.
DEFECT4: dropping registry section section_08 (persona='Gen Z') — foreign to spine persona_id='corporate_managers'; falling through to persona_atom/teacher.
DEFECT4: dropping registry section section_09 (persona='Gen Z') — foreign to spine persona_id='corporate_managers'; falling through to persona_atom/teacher.
DEFECT4: dropping registry section section_01 (persona='Gen Z') — foreign to spine persona_id='corporate_managers'; falling through to persona_atom/teacher.
DEFECT4: dropping registry section section_02 (persona='Gen Z') — foreign to spine persona_id='corporate_managers'; falling through to persona_atom/teacher.
DEFECT4: dropping registry section section_03 (persona='Gen Z') — foreign to spine persona_id='corporate_managers'; falling through to persona_atom/teacher.
DEFECT4: dropping registry section section_04 (persona='Gen Z') — foreign to spine persona_id='corporate_managers'; falling through to persona_atom/teacher.
DEFECT4: dropping registry section section_05 (persona='Gen Z') — foreign to spine persona_id='corporate_managers'; falling through to persona_atom/teacher.
DEFECT4: dropping registry section section_06 (persona='Gen Z') — foreign to spine persona_id='corporate_managers'; falling through to persona_atom/teacher.
DEFECT4: dropping registry section section_07 (persona='Gen Z') — foreign to spine persona_id='corporate_managers'; falling through to persona_atom/teacher.
DEFECT4: dropping registry section section_08 (persona='Gen Z') — foreign to spine persona_id='corporate_managers'; falling through to persona_atom/teacher.
DEFECT4: dropping registry section section_01 (persona='Gen Z') — foreign to spine persona_id='corporate_managers'; falling through to persona_atom/teacher.
DEFECT4: dropping registry section section_02 (persona='Gen Z') — foreign to spine persona_id='corporate_managers'; falling through to persona_atom/teacher.
DEFECT4: dropping registry section section_03 (persona='Gen Z') — foreign to spine persona_id='corporate_managers'; falling through to persona_atom/teacher.
DEFECT4: dropping registry section section_04 (persona='Gen Z') — foreign to spine persona_id='corporate_managers'; falling through to persona_atom/teacher.
DEFECT4: dropping registry section section_05 (persona='Gen Z') — foreign to spine persona_id='corporate_managers'; falling through to persona_atom/teacher.
DEFECT4: dropping registry section section_06 (persona='Gen Z') — foreign to spine persona_id='corporate_managers'; falling through to persona_atom/teacher.
DEFECT4: dropping registry section section_07 (persona='Gen Z') — foreign to spine persona_id='corporate_managers'; falling through to persona_atom/teacher.
DEFECT4: dropping registry section section_01 (persona='Gen Z') — foreign to spine persona_id='corporate_managers'; falling through to persona_atom/teacher.
DEFECT4: dropping registry section section_02 (persona='Gen Z') — foreign to spine persona_id='corporate_managers'; falling through to persona_atom/teacher.
DEFECT4: dropping registry section section_03 (persona='Gen Z') — foreign to spine persona_id='corporate_managers'; falling through to persona_atom/teacher.
DEFECT4: dropping registry section section_04 (persona='Gen Z') — foreign to spine persona_id='corporate_managers'; falling through to persona_atom/teacher.
DEFECT4: dropping registry section section_05 (persona='Gen Z') — foreign to spine persona_id='corporate_managers'; falling through to persona_atom/teacher.
DEFECT4: dropping registry section section_06 (persona='Gen Z') — foreign to spine persona_id='corporate_managers'; falling through to persona_atom/teacher.
DEFECT4: dropping registry section section_07 (persona='Gen Z') — foreign to spine persona_id='corporate_managers'; falling through to persona_atom/teacher.
DEFECT4: dropping registry section section_01 (persona='Gen Z') — foreign to spine persona_id='corporate_managers'; falling through to persona_atom/teacher.
DEFECT4: dropping registry section section_02 (persona='Gen Z') — foreign to spine persona_id='corporate_managers'; falling through to persona_atom/teacher.
DEFECT4: dropping registry section section_03 (persona='Gen Z') — foreign to spine persona_id='corporate_managers'; falling through to persona_atom/teacher.
DEFECT4: dropping registry section section_04 (persona='Gen Z') — foreign to spine persona_id='corporate_managers'; falling through to persona_atom/teacher.
DEFECT4: dropping registry section section_05 (persona='Gen Z') — foreign to spine persona_id='corporate_managers'; falling through to persona_atom/teacher.
DEFECT4: dropping registry section section_06 (persona='Gen Z') — foreign to spine persona_id='corporate_managers'; falling through to persona_atom/teacher.
DEFECT4: dropping registry section section_07 (persona='Gen Z') — foreign to spine persona_id='corporate_managers'; falling through to persona_atom/teacher.
DEFECT4: dropping registry section section_01 (persona='Gen Z') — foreign to spine persona_id='corporate_managers'; falling through to persona_atom/teacher.
DEFECT4: dropping registry section section_02 (persona='Gen Z') — foreign to spine persona_id='corporate_managers'; falling through to persona_atom/teacher.
DEFECT4: dropping registry section section_03 (persona='Gen Z') — foreign to spine persona_id='corporate_managers'; falling through to persona_atom/teacher.
DEFECT4: dropping registry section section_04 (persona='Gen Z') — foreign to spine persona_id='corporate_managers'; falling through to persona_atom/teacher.
DEFECT4: dropping registry section section_05 (persona='Gen Z') — foreign to spine persona_id='corporate_managers'; falling through to persona_atom/teacher.
DEFECT4: dropping registry section section_06 (persona='Gen Z') — foreign to spine persona_id='corporate_managers'; falling through to persona_atom/teacher.
DEFECT4: dropping registry section section_07 (persona='Gen Z') — foreign to spine persona_id='corporate_managers'; falling through to persona_atom/teacher.
DEFECT4: dropping registry section section_01 (persona='Gen Z') — foreign to spine persona_id='corporate_managers'; falling through to persona_atom/teacher.
DEFECT4: dropping registry section section_02 (persona='Gen Z') — foreign to spine persona_id='corporate_managers'; falling through to persona_atom/teacher.
DEFECT4: dropping registry section section_03 (persona='Gen Z') — foreign to spine persona_id='corporate_managers'; falling through to persona_atom/teacher.
DEFECT4: dropping registry section section_04 (persona='Gen Z') — foreign to spine persona_id='corporate_managers'; falling through to persona_atom/teacher.
DEFECT4: dropping registry section section_05 (persona='Gen Z') — foreign to spine persona_id='corporate_managers'; falling through to persona_atom/teacher.
DEFECT4: dropping registry section section_06 (persona='Gen Z') — foreign to spine persona_id='corporate_managers'; falling through to persona_atom/teacher.
DEFECT4: dropping registry section section_07 (persona='Gen Z') — foreign to spine persona_id='corporate_managers'; falling through to persona_atom/teacher.
DEFECT4: dropping registry section section_01 (persona='Gen Z') — foreign to spine persona_id='corporate_managers'; falling through to persona_atom/teacher.
DEFECT4: dropping registry section section_02 (persona='Gen Z') — foreign to spine persona_id='corporate_managers'; falling through to persona_atom/teacher.
DEFECT4: dropping registry section section_03 (persona='Gen Z') — foreign to spine persona_id='corporate_managers'; falling through to persona_atom/teacher.
DEFECT4: dropping registry section section_04 (persona='Gen Z') — foreign to spine persona_id='corporate_managers'; falling through to persona_atom/teacher.
DEFECT4: dropping registry section section_05 (persona='Gen Z') — foreign to spine persona_id='corporate_managers'; falling through to persona_atom/teacher.
DEFECT4: dropping registry section section_06 (persona='Gen Z') — foreign to spine persona_id='corporate_managers'; falling through to persona_atom/teacher.
DEFECT4: dropping registry section section_07 (persona='Gen Z') — foreign to spine persona_id='corporate_managers'; falling through to persona_atom/teacher.
DEFECT4: dropping registry section section_01 (persona='Gen Z') — foreign to spine persona_id='corporate_managers'; falling through to persona_atom/teacher.
DEFECT4: dropping registry section section_02 (persona='Gen Z') — foreign to spine persona_id='corporate_managers'; falling through to persona_atom/teacher.
DEFECT4: dropping registry section section_03 (persona='Gen Z') — foreign to spine persona_id='corporate_managers'; falling through to persona_atom/teacher.
DEFECT4: dropping registry section section_04 (persona='Gen Z') — foreign to spine persona_id='corporate_managers'; falling through to persona_atom/teacher.
DEFECT4: dropping registry section section_05 (persona='Gen Z') — foreign to spine persona_id='corporate_managers'; falling through to persona_atom/teacher.
DEFECT4: dropping registry section section_06 (persona='Gen Z') — foreign to spine persona_id='corporate_managers'; falling through to persona_atom/teacher.
DEFECT4: dropping registry section section_07 (persona='Gen Z') — foreign to spine persona_id='corporate_managers'; falling through to persona_atom/teacher.
DEFECT4: dropping registry section section_01 (persona='Gen Z') — foreign to spine persona_id='corporate_managers'; falling through to persona_atom/teacher.
DEFECT4: dropping registry section section_02 (persona='Gen Z') — foreign to spine persona_id='corporate_managers'; falling through to persona_atom/teacher.
DEFECT4: dropping registry section section_03 (persona='Gen Z') — foreign to spine persona_id='corporate_managers'; falling through to persona_atom/teacher.
DEFECT4: dropping registry section section_04 (persona='Gen Z') — foreign to spine persona_id='corporate_managers'; falling through to persona_atom/teacher.
DEFECT4: dropping registry section section_05 (persona='Gen Z') — foreign to spine persona_id='corporate_managers'; falling through to persona_atom/teacher.
DEFECT4: dropping registry section section_06 (persona='Gen Z') — foreign to spine persona_id='corporate_managers'; falling through to persona_atom/teacher.
DEFECT4: dropping registry section section_07 (persona='Gen Z') — foreign to spine persona_id='corporate_managers'; falling through to persona_atom/teacher.
DEFECT4: dropping registry section section_01 (persona='Gen Z') — foreign to spine persona_id='corporate_managers'; falling through to persona_atom/teacher.
DEFECT4: dropping registry section section_02 (persona='Gen Z') — foreign to spine persona_id='corporate_managers'; falling through to persona_atom/teacher.
DEFECT4: dropping registry section section_03 (persona='Gen Z') — foreign to spine persona_id='corporate_managers'; falling through to persona_atom/teacher.
DEFECT4: dropping registry section section_04 (persona='Gen Z') — foreign to spine persona_id='corporate_managers'; falling through to persona_atom/teacher.
DEFECT4: dropping registry section section_05 (persona='Gen Z') — foreign to spine persona_id='corporate_managers'; falling through to persona_atom/teacher.
DEFECT4: dropping registry section section_06 (persona='Gen Z') — foreign to spine persona_id='corporate_managers'; falling through to persona_atom/teacher.
DEFECT4: dropping registry section section_07 (persona='Gen Z') — foreign to spine persona_id='corporate_managers'; falling through to persona_atom/teacher.
[enrichment_per_section] no ARC blocks parsed from /Users/ahjan/phoenix_omega/atoms/corporate_managers/burnout/HOOK/CANONICAL.txt; falling back to legacy prose-chunk path (degraded). Consider authoring story_atoms/ or restructuring this file with ## ARC_POSITION vNN headers.
[enrichment_per_section] no ARC blocks parsed from /Users/ahjan/phoenix_omega/atoms/corporate_managers/burnout/SCENE/CANONICAL.txt; falling back to legacy prose-chunk path (degraded). Consider authoring story_atoms/ or restructuring this file with ## ARC_POSITION vNN headers.
DEFECT4: skipping depth registry section section_01 (persona='Gen Z') — foreign to spine persona_id='corporate_managers'.
DEFECT4: skipping depth registry section section_02 (persona='Gen Z') — foreign to spine persona_id='corporate_managers'.
DEFECT4: skipping depth registry section section_03 (persona='Gen Z') — foreign to spine persona_id='corporate_managers'.
DEFECT4: skipping depth registry section section_04 (persona='Gen Z') — foreign to spine persona_id='corporate_managers'.
DEFECT4: skipping depth registry section section_01 (persona='Gen Z') — foreign to spine persona_id='corporate_managers'.
DEFECT4: skipping depth registry section section_05 (persona='Gen Z') — foreign to spine persona_id='corporate_managers'.
DEFECT4: skipping depth registry section section_07 (persona='Gen Z') — foreign to spine persona_id='corporate_managers'.
DEFECT4: skipping depth registry section section_08 (persona='Gen Z') — foreign to spine persona_id='corporate_managers'.
[enrichment_per_section] no ARC blocks parsed from /Users/ahjan/phoenix_omega/atoms/corporate_managers/burnout/HOOK/CANONICAL.txt; falling back to legacy prose-chunk path (degraded). Consider authoring story_atoms/ or restructuring this file with ## ARC_POSITION vNN headers.
[enrichment_per_section] no ARC blocks parsed from /Users/ahjan/phoenix_omega/atoms/corporate_managers/burnout/SCENE/CANONICAL.txt; falling back to legacy prose-chunk path (degraded). Consider authoring story_atoms/ or restructuring this file with ## ARC_POSITION vNN headers.
DEFECT4: skipping depth registry section section_01 (persona='Gen Z') — foreign to spine persona_id='corporate_managers'.
DEFECT4: skipping depth registry section section_02 (persona='Gen Z') — foreign to spine persona_id='corporate_managers'.
DEFECT4: skipping depth registry section section_03 (persona='Gen Z') — foreign to spine persona_id='corporate_managers'.
DEFECT4: skipping depth registry section section_04 (persona='Gen Z') — foreign to spine persona_id='corporate_managers'.
DEFECT4: skipping depth registry section section_05 (persona='Gen Z') — foreign to spine persona_id='corporate_managers'.
DEFECT4: skipping depth registry section section_06 (persona='Gen Z') — foreign to spine persona_id='corporate_managers'.
DEFECT4: skipping depth registry section section_07 (persona='Gen Z') — foreign to spine persona_id='corporate_managers'.
DEFECT4: skipping depth registry section section_08 (persona='Gen Z') — foreign to spine persona_id='corporate_managers'.
DEFECT4: skipping depth registry section section_01 (persona='Gen Z') — foreign to spine persona_id='corporate_managers'.
DEFECT4: skipping depth registry section section_03 (persona='Gen Z') — foreign to spine persona_id='corporate_managers'.
DEFECT4: skipping depth registry section section_04 (persona='Gen Z') — foreign to spine persona_id='corporate_managers'.
DEFECT4: skipping depth registry section section_05 (persona='Gen Z') — foreign to spine persona_id='corporate_managers'.
DEFECT4: skipping depth registry section section_06 (persona='Gen Z') — foreign to spine persona_id='corporate_managers'.
DEFECT4: skipping depth registry section section_07 (persona='Gen Z') — foreign to spine persona_id='corporate_managers'.
DEFECT4: skipping depth registry section section_08 (persona='Gen Z') — foreign to spine persona_id='corporate_managers'.
[enrichment_per_section] no ARC blocks parsed from /Users/ahjan/phoenix_omega/atoms/corporate_managers/burnout/HOOK/CANONICAL.txt; falling back to legacy prose-chunk path (degraded). Consider authoring story_atoms/ or restructuring this file with ## ARC_POSITION vNN headers.
[enrichment_per_section] no ARC blocks parsed from /Users/ahjan/phoenix_omega/atoms/corporate_managers/burnout/SCENE/CANONICAL.txt; falling back to legacy prose-chunk path (degraded). Consider authoring story_atoms/ or restructuring this file with ## ARC_POSITION vNN headers.
DEFECT4: skipping depth registry section section_01 (persona='Gen Z') — foreign to spine persona_id='corporate_managers'.
DEFECT4: skipping depth registry section section_02 (persona='Gen Z') — foreign to spine persona_id='corporate_managers'.
DEFECT4: skipping depth registry section section_03 (persona='Gen Z') — foreign to spine persona_id='corporate_managers'.
DEFECT4: skipping depth registry section section_04 (persona='Gen Z') — foreign to spine persona_id='corporate_managers'.
DEFECT4: skipping depth registry section section_01 (persona='Gen Z') — foreign to spine persona_id='corporate_managers'.
DEFECT4: skipping depth registry section section_05 (persona='Gen Z') — foreign to spine persona_id='corporate_managers'.
DEFECT4: skipping depth registry section section_07 (persona='Gen Z') — foreign to spine persona_id='corporate_managers'.
DEFECT4: skipping depth registry section section_08 (persona='Gen Z') — foreign to spine persona_id='corporate_managers'.
[enrichment_per_section] no ARC blocks parsed from /Users/ahjan/phoenix_omega/atoms/corporate_managers/burnout/HOOK/CANONICAL.txt; falling back to legacy prose-chunk path (degraded). Consider authoring story_atoms/ or restructuring this file with ## ARC_POSITION vNN headers.
[enrichment_per_section] no ARC blocks parsed from /Users/ahjan/phoenix_omega/atoms/corporate_managers/burnout/SCENE/CANONICAL.txt; falling back to legacy prose-chunk path (degraded). Consider authoring story_atoms/ or restructuring this file with ## ARC_POSITION vNN headers.
DEFECT4: skipping depth registry section section_01 (persona='Gen Z') — foreign to spine persona_id='corporate_managers'.
DEFECT4: skipping depth registry section section_02 (persona='Gen Z') — foreign to spine persona_id='corporate_managers'.
DEFECT4: skipping depth registry section section_03 (persona='Gen Z') — foreign to spine persona_id='corporate_managers'.
DEFECT4: skipping depth registry section section_04 (persona='Gen Z') — foreign to spine persona_id='corporate_managers'.
DEFECT4: skipping depth registry section section_05 (persona='Gen Z') — foreign to spine persona_id='corporate_managers'.
DEFECT4: skipping depth registry section section_06 (persona='Gen Z') — foreign to spine persona_id='corporate_managers'.
DEFECT4: skipping depth registry section section_07 (persona='Gen Z') — foreign to spine persona_id='corporate_managers'.
DEFECT4: skipping depth registry section section_08 (persona='Gen Z') — foreign to spine persona_id='corporate_managers'.
DEFECT4: skipping depth registry section section_01 (persona='Gen Z') — foreign to spine persona_id='corporate_managers'.
DEFECT4: skipping depth registry section section_03 (persona='Gen Z') — foreign to spine persona_id='corporate_managers'.
DEFECT4: skipping depth registry section section_04 (persona='Gen Z') — foreign to spine persona_id='corporate_managers'.
DEFECT4: skipping depth registry section section_05 (persona='Gen Z') — foreign to spine persona_id='corporate_managers'.
DEFECT4: skipping depth registry section section_06 (persona='Gen Z') — foreign to spine persona_id='corporate_managers'.
DEFECT4: skipping depth registry section section_07 (persona='Gen Z') — foreign to spine persona_id='corporate_managers'.
DEFECT4: skipping depth registry section section_08 (persona='Gen Z') — foreign to spine persona_id='corporate_managers'.
Exercise governance: dropped EXERCISE slot in chapter 1 (cap=0).
Exercise governance: dropped EXERCISE slot in chapter 1 (cap=0).
EXERCISE: chapter 0 (topic burnout, persona corporate_managers) drew from the shared practice_library (repeat-avoided across the book) — no per-cell registry/teacher EXERCISE atom for this slot. Fine for draft; production gate EXERCISE-BANK-RESOLUTION-01 wants per-cell coverage. (This is the 311-exercise practice_library, NOT a thin 'library_34' fallback.)
Exercise governance: dropped EXERCISE slot in chapter 2 (cap=1).
Exercise governance: dropped EXERCISE slot in chapter 3 (cap=1).
Exercise governance: dropped EXERCISE slot in chapter 4 (cap=1).
Exercise governance: dropped EXERCISE slot in chapter 6 (cap=1).
Exercise governance: dropped EXERCISE slot in chapter 7 (cap=1).
Exercise governance: dropped EXERCISE slot in chapter 8 (cap=1).
Exercise governance: dropped EXERCISE slot in chapter 10 (cap=1).
Exercise governance: dropped EXERCISE slot in chapter 11 (cap=1).
Exercise governance: dropped EXERCISE slot in chapter 12 (cap=0).
Exercise governance: dropped EXERCISE slot in chapter 12 (cap=0).
Chapter contract: chapter 12: emotional_job 'resolution' matches previous chapter — escalation contract may be weak
EXERCISE: chapter 11 (topic burnout, persona corporate_managers) drew from the shared practice_library (repeat-avoided across the book) — no per-cell registry/teacher EXERCISE atom for this slot. Fine for draft; production gate EXERCISE-BANK-RESOLUTION-01 wants per-cell coverage. (This is the 311-exercise practice_library, NOT a thin 'library_34' fallback.)
Chapter flow gate: PASS (0/12 failed). Report: /Users/ahjan/phoenix_omega/artifacts/qa/book_final_verify_20260708/render/burnout_overwhelm__corporate_managers/chapter_flow_report.json
Register gate: WARN (F2=0, F6=0, F12=0). Report: /Users/ahjan/phoenix_omega/artifacts/qa/book_final_verify_20260708/render/burnout_overwhelm__corporate_managers/register_gate_report.json
Bestseller craft gate (advisory): PASS — overall ONTGP score 0.51
EI V2: PASS — composite 0.67. Report: /Users/ahjan/phoenix_omega/artifacts/qa/book_final_verify_20260708/render/burnout_overwhelm__corporate_managers/ei_v2_report.json
Editorial report: WARN — thesis drift 0 chapters, ONTGP 0.51, flow 1.00. Report: /Users/ahjan/phoenix_omega/artifacts/qa/book_final_verify_20260708/render/burnout_overwhelm__corporate_managers/editorial_report.json
Memorable lines: 4 chapters with >=2 quotable lines / 12. Report: /Users/ahjan/phoenix_omega/artifacts/qa/book_final_verify_20260708/render/burnout_overwhelm__corporate_managers/memorable_line_report.json
Transformation arc: PASS. Report: /Users/ahjan/phoenix_omega/artifacts/qa/book_final_verify_20260708/render/burnout_overwhelm__corporate_managers/transformation_heatmap.json
Book pass gate: PASS. Report: /Users/ahjan/phoenix_omega/artifacts/qa/book_final_verify_20260708/render/burnout_overwhelm__corporate_managers/book_pass_report.json
Pearl Prime book quality gate: Pass (fail=0 hold=0) — /Users/ahjan/phoenix_omega/artifacts/qa/book_final_verify_20260708/render/burnout_overwhelm__corporate_managers/book_quality_report.json
Rendered book (spine mode): /Users/ahjan/phoenix_omega/artifacts/qa/book_final_verify_20260708/render/burnout_overwhelm__corporate_managers/book.txt
Quality summary: /Users/ahjan/phoenix_omega/artifacts/qa/book_final_verify_20260708/render/burnout_overwhelm__corporate_managers/quality_summary.json
=== render burnout_watcher__corporate_managers ===
WARNING: --no-job-check: pipeline job enforcement disabled (CI/testing only).
Warning: atoms_model missing in spec; derived from config (legacy_personas) -> legacy
Template routing: burnout×corporate_managers×standard_book → spine_only (no template overlay)
Book planning layer: no pre-authored plan for burnout x corporate_managers x standard_book (No deterministic BookStructurePlan for topic='burnout', persona='corporate_managers', runtime='standard_book'. Expected one of: /Users/ahjan/phoenix_omega/config/plans/burnout_corporate_managers_standard_book.yaml, /Users/ahjan/phoenix_omega/config/plans/burnout_corporate_managers_deep_book_6h.yaml, /Users/ahjan/phoenix_omega/config/plans/burnout_corporate_managers_6h.yaml); generating auto-plan.
Content bank registry unavailable: /Users/ahjan/phoenix_omega/config/content_banks/anxiety_corporate_managers_scene_recognition_bank.yaml: variant 'acmr_001' missing keys ['band', 'ei_v2_targets', 'forbidden_terms', 'frame_allowlist', 'frame_blocklist', 'intensity', 'mechanism_depth', 'ontgp_move', 'persona_allowlist', 'runtime_allowlist', 'signature_phrases', 'slot_type', 'topic_allowlist', 'topic_blocklist']
DEFECT4: dropping registry section section_01 (persona='Gen Z') — foreign to spine persona_id='corporate_managers'; falling through to persona_atom/teacher.
DEFECT4: dropping registry section section_02 (persona='Gen Z') — foreign to spine persona_id='corporate_managers'; falling through to persona_atom/teacher.
DEFECT4: dropping registry section section_03 (persona='Gen Z') — foreign to spine persona_id='corporate_managers'; falling through to persona_atom/teacher.
DEFECT4: dropping registry section section_04 (persona='Gen Z') — foreign to spine persona_id='corporate_managers'; falling through to persona_atom/teacher.
DEFECT4: dropping registry section section_05 (persona='Gen Z') — foreign to spine persona_id='corporate_managers'; falling through to persona_atom/teacher.
DEFECT4: dropping registry section section_06 (persona='Gen Z') — foreign to spine persona_id='corporate_managers'; falling through to persona_atom/teacher.
DEFECT4: dropping registry section section_07 (persona='Gen Z') — foreign to spine persona_id='corporate_managers'; falling through to persona_atom/teacher.
DEFECT4: dropping registry section section_08 (persona='Gen Z') — foreign to spine persona_id='corporate_managers'; falling through to persona_atom/teacher.
DEFECT4: dropping registry section section_09 (persona='Gen Z') — foreign to spine persona_id='corporate_managers'; falling through to persona_atom/teacher.
DEFECT4: dropping registry section section_10 (persona='Gen Z') — foreign to spine persona_id='corporate_managers'; falling through to persona_atom/teacher.
DEFECT4: dropping registry section section_01 (persona='Gen Z') — foreign to spine persona_id='corporate_managers'; falling through to persona_atom/teacher.
DEFECT4: dropping registry section section_02 (persona='Gen Z') — foreign to spine persona_id='corporate_managers'; falling through to persona_atom/teacher.
DEFECT4: dropping registry section section_03 (persona='Gen Z') — foreign to spine persona_id='corporate_managers'; falling through to persona_atom/teacher.
DEFECT4: dropping registry section section_04 (persona='Gen Z') — foreign to spine persona_id='corporate_managers'; falling through to persona_atom/teacher.
DEFECT4: dropping registry section section_05 (persona='Gen Z') — foreign to spine persona_id='corporate_managers'; falling through to persona_atom/teacher.
DEFECT4: dropping registry section section_06 (persona='Gen Z') — foreign to spine persona_id='corporate_managers'; falling through to persona_atom/teacher.
DEFECT4: dropping registry section section_07 (persona='Gen Z') — foreign to spine persona_id='corporate_managers'; falling through to persona_atom/teacher.
DEFECT4: dropping registry section section_08 (persona='Gen Z') — foreign to spine persona_id='corporate_managers'; falling through to persona_atom/teacher.
DEFECT4: dropping registry section section_09 (persona='Gen Z') — foreign to spine persona_id='corporate_managers'; falling through to persona_atom/teacher.
DEFECT4: dropping registry section section_01 (persona='Gen Z') — foreign to spine persona_id='corporate_managers'; falling through to persona_atom/teacher.
DEFECT4: dropping registry section section_02 (persona='Gen Z') — foreign to spine persona_id='corporate_managers'; falling through to persona_atom/teacher.
DEFECT4: dropping registry section section_03 (persona='Gen Z') — foreign to spine persona_id='corporate_managers'; falling through to persona_atom/teacher.
DEFECT4: dropping registry section section_04 (persona='Gen Z') — foreign to spine persona_id='corporate_managers'; falling through to persona_atom/teacher.
DEFECT4: dropping registry section section_05 (persona='Gen Z') — foreign to spine persona_id='corporate_managers'; falling through to persona_atom/teacher.
DEFECT4: dropping registry section section_06 (persona='Gen Z') — foreign to spine persona_id='corporate_managers'; falling through to persona_atom/teacher.
DEFECT4: dropping registry section section_07 (persona='Gen Z') — foreign to spine persona_id='corporate_managers'; falling through to persona_atom/teacher.
DEFECT4: dropping registry section section_08 (persona='Gen Z') — foreign to spine persona_id='corporate_managers'; falling through to persona_atom/teacher.
DEFECT4: dropping registry section section_01 (persona='Gen Z') — foreign to spine persona_id='corporate_managers'; falling through to persona_atom/teacher.
DEFECT4: dropping registry section section_02 (persona='Gen Z') — foreign to spine persona_id='corporate_managers'; falling through to persona_atom/teacher.
DEFECT4: dropping registry section section_03 (persona='Gen Z') — foreign to spine persona_id='corporate_managers'; falling through to persona_atom/teacher.
DEFECT4: dropping registry section section_04 (persona='Gen Z') — foreign to spine persona_id='corporate_managers'; falling through to persona_atom/teacher.
DEFECT4: dropping registry section section_05 (persona='Gen Z') — foreign to spine persona_id='corporate_managers'; falling through to persona_atom/teacher.
DEFECT4: dropping registry section section_06 (persona='Gen Z') — foreign to spine persona_id='corporate_managers'; falling through to persona_atom/teacher.
DEFECT4: dropping registry section section_07 (persona='Gen Z') — foreign to spine persona_id='corporate_managers'; falling through to persona_atom/teacher.
DEFECT4: dropping registry section section_01 (persona='Gen Z') — foreign to spine persona_id='corporate_managers'; falling through to persona_atom/teacher.
DEFECT4: dropping registry section section_02 (persona='Gen Z') — foreign to spine persona_id='corporate_managers'; falling through to persona_atom/teacher.
DEFECT4: dropping registry section section_03 (persona='Gen Z') — foreign to spine persona_id='corporate_managers'; falling through to persona_atom/teacher.
DEFECT4: dropping registry section section_04 (persona='Gen Z') — foreign to spine persona_id='corporate_managers'; falling through to persona_atom/teacher.
DEFECT4: dropping registry section section_05 (persona='Gen Z') — foreign to spine persona_id='corporate_managers'; falling through to persona_atom/teacher.
DEFECT4: dropping registry section section_06 (persona='Gen Z') — foreign to spine persona_id='corporate_managers'; falling through to persona_atom/teacher.
DEFECT4: dropping registry section section_07 (persona='Gen Z') — foreign to spine persona_id='corporate_managers'; falling through to persona_atom/teacher.
DEFECT4: dropping registry section section_01 (persona='Gen Z') — foreign to spine persona_id='corporate_managers'; falling through to persona_atom/teacher.
DEFECT4: dropping registry section section_02 (persona='Gen Z') — foreign to spine persona_id='corporate_managers'; falling through to persona_atom/teacher.
DEFECT4: dropping registry section section_03 (persona='Gen Z') — foreign to spine persona_id='corporate_managers'; falling through to persona_atom/teacher.
DEFECT4: dropping registry section section_04 (persona='Gen Z') — foreign to spine persona_id='corporate_managers'; falling through to persona_atom/teacher.
DEFECT4: dropping registry section section_05 (persona='Gen Z') — foreign to spine persona_id='corporate_managers'; falling through to persona_atom/teacher.
DEFECT4: dropping registry section section_06 (persona='Gen Z') — foreign to spine persona_id='corporate_managers'; falling through to persona_atom/teacher.
DEFECT4: dropping registry section section_07 (persona='Gen Z') — foreign to spine persona_id='corporate_managers'; falling through to persona_atom/teacher.
DEFECT4: dropping registry section section_01 (persona='Gen Z') — foreign to spine persona_id='corporate_managers'; falling through to persona_atom/teacher.
DEFECT4: dropping registry section section_02 (persona='Gen Z') — foreign to spine persona_id='corporate_managers'; falling through to persona_atom/teacher.
DEFECT4: dropping registry section section_03 (persona='Gen Z') — foreign to spine persona_id='corporate_managers'; falling through to persona_atom/teacher.
DEFECT4: dropping registry section section_04 (persona='Gen Z') — foreign to spine persona_id='corporate_managers'; falling through to persona_atom/teacher.
DEFECT4: dropping registry section section_05 (persona='Gen Z') — foreign to spine persona_id='corporate_managers'; falling through to persona_atom/teacher.
DEFECT4: dropping registry section section_06 (persona='Gen Z') — foreign to spine persona_id='corporate_managers'; falling through to persona_atom/teacher.
DEFECT4: dropping registry section section_07 (persona='Gen Z') — foreign to spine persona_id='corporate_managers'; falling through to persona_atom/teacher.
DEFECT4: dropping registry section section_01 (persona='Gen Z') — foreign to spine persona_id='corporate_managers'; falling through to persona_atom/teacher.
DEFECT4: dropping registry section section_02 (persona='Gen Z') — foreign to spine persona_id='corporate_managers'; falling through to persona_atom/teacher.
DEFECT4: dropping registry section section_03 (persona='Gen Z') — foreign to spine persona_id='corporate_managers'; falling through to persona_atom/teacher.
DEFECT4: dropping registry section section_04 (persona='Gen Z') — foreign to spine persona_id='corporate_managers'; falling through to persona_atom/teacher.
DEFECT4: dropping registry section section_05 (persona='Gen Z') — foreign to spine persona_id='corporate_managers'; falling through to persona_atom/teacher.
DEFECT4: dropping registry section section_06 (persona='Gen Z') — foreign to spine persona_id='corporate_managers'; falling through to persona_atom/teacher.
DEFECT4: dropping registry section section_07 (persona='Gen Z') — foreign to spine persona_id='corporate_managers'; falling through to persona_atom/teacher.
DEFECT4: dropping registry section section_01 (persona='Gen Z') — foreign to spine persona_id='corporate_managers'; falling through to persona_atom/teacher.
DEFECT4: dropping registry section section_02 (persona='Gen Z') — foreign to spine persona_id='corporate_managers'; falling through to persona_atom/teacher.
DEFECT4: dropping registry section section_03 (persona='Gen Z') — foreign to spine persona_id='corporate_managers'; falling through to persona_atom/teacher.
DEFECT4: dropping registry section section_04 (persona='Gen Z') — foreign to spine persona_id='corporate_managers'; falling through to persona_atom/teacher.
DEFECT4: dropping registry section section_05 (persona='Gen Z') — foreign to spine persona_id='corporate_managers'; falling through to persona_atom/teacher.
DEFECT4: dropping registry section section_06 (persona='Gen Z') — foreign to spine persona_id='corporate_managers'; falling through to persona_atom/teacher.
DEFECT4: dropping registry section section_07 (persona='Gen Z') — foreign to spine persona_id='corporate_managers'; falling through to persona_atom/teacher.
DEFECT4: dropping registry section section_01 (persona='Gen Z') — foreign to spine persona_id='corporate_managers'; falling through to persona_atom/teacher.
DEFECT4: dropping registry section section_02 (persona='Gen Z') — foreign to spine persona_id='corporate_managers'; falling through to persona_atom/teacher.
DEFECT4: dropping registry section section_03 (persona='Gen Z') — foreign to spine persona_id='corporate_managers'; falling through to persona_atom/teacher.
DEFECT4: dropping registry section section_04 (persona='Gen Z') — foreign to spine persona_id='corporate_managers'; falling through to persona_atom/teacher.
DEFECT4: dropping registry section section_05 (persona='Gen Z') — foreign to spine persona_id='corporate_managers'; falling through to persona_atom/teacher.
DEFECT4: dropping registry section section_06 (persona='Gen Z') — foreign to spine persona_id='corporate_managers'; falling through to persona_atom/teacher.
DEFECT4: dropping registry section section_07 (persona='Gen Z') — foreign to spine persona_id='corporate_managers'; falling through to persona_atom/teacher.
DEFECT4: dropping registry section section_01 (persona='Gen Z') — foreign to spine persona_id='corporate_managers'; falling through to persona_atom/teacher.
DEFECT4: dropping registry section section_02 (persona='Gen Z') — foreign to spine persona_id='corporate_managers'; falling through to persona_atom/teacher.
DEFECT4: dropping registry section section_03 (persona='Gen Z') — foreign to spine persona_id='corporate_managers'; falling through to persona_atom/teacher.
DEFECT4: dropping registry section section_04 (persona='Gen Z') — foreign to spine persona_id='corporate_managers'; falling through to persona_atom/teacher.
DEFECT4: dropping registry section section_05 (persona='Gen Z') — foreign to spine persona_id='corporate_managers'; falling through to persona_atom/teacher.
DEFECT4: dropping registry section section_06 (persona='Gen Z') — foreign to spine persona_id='corporate_managers'; falling through to persona_atom/teacher.
DEFECT4: dropping registry section section_07 (persona='Gen Z') — foreign to spine persona_id='corporate_managers'; falling through to persona_atom/teacher.
DEFECT4: dropping registry section section_01 (persona='Gen Z') — foreign to spine persona_id='corporate_managers'; falling through to persona_atom/teacher.
DEFECT4: dropping registry section section_02 (persona='Gen Z') — foreign to spine persona_id='corporate_managers'; falling through to persona_atom/teacher.
DEFECT4: dropping registry section section_03 (persona='Gen Z') — foreign to spine persona_id='corporate_managers'; falling through to persona_atom/teacher.
DEFECT4: dropping registry section section_04 (persona='Gen Z') — foreign to spine persona_id='corporate_managers'; falling through to persona_atom/teacher.
DEFECT4: dropping registry section section_05 (persona='Gen Z') — foreign to spine persona_id='corporate_managers'; falling through to persona_atom/teacher.
DEFECT4: dropping registry section section_06 (persona='Gen Z') — foreign to spine persona_id='corporate_managers'; falling through to persona_atom/teacher.
DEFECT4: dropping registry section section_07 (persona='Gen Z') — foreign to spine persona_id='corporate_managers'; falling through to persona_atom/teacher.
[enrichment_per_section] no ARC blocks parsed from /Users/ahjan/phoenix_omega/atoms/corporate_managers/burnout/HOOK/CANONICAL.txt; falling back to legacy prose-chunk path (degraded). Consider authoring story_atoms/ or restructuring this file with ## ARC_POSITION vNN headers.
[enrichment_per_section] no ARC blocks parsed from /Users/ahjan/phoenix_omega/atoms/corporate_managers/burnout/SCENE/CANONICAL.txt; falling back to legacy prose-chunk path (degraded). Consider authoring story_atoms/ or restructuring this file with ## ARC_POSITION vNN headers.
DEFECT4: skipping depth registry section section_01 (persona='Gen Z') — foreign to spine persona_id='corporate_managers'.
DEFECT4: skipping depth registry section section_02 (persona='Gen Z') — foreign to spine persona_id='corporate_managers'.
DEFECT4: skipping depth registry section section_03 (persona='Gen Z') — foreign to spine persona_id='corporate_managers'.
DEFECT4: skipping depth registry section section_04 (persona='Gen Z') — foreign to spine persona_id='corporate_managers'.
DEFECT4: skipping depth registry section section_01 (persona='Gen Z') — foreign to spine persona_id='corporate_managers'.
DEFECT4: skipping depth registry section section_05 (persona='Gen Z') — foreign to spine persona_id='corporate_managers'.
DEFECT4: skipping depth registry section section_07 (persona='Gen Z') — foreign to spine persona_id='corporate_managers'.
DEFECT4: skipping depth registry section section_08 (persona='Gen Z') — foreign to spine persona_id='corporate_managers'.
[enrichment_per_section] no ARC blocks parsed from /Users/ahjan/phoenix_omega/atoms/corporate_managers/burnout/HOOK/CANONICAL.txt; falling back to legacy prose-chunk path (degraded). Consider authoring story_atoms/ or restructuring this file with ## ARC_POSITION vNN headers.
[enrichment_per_section] no ARC blocks parsed from /Users/ahjan/phoenix_omega/atoms/corporate_managers/burnout/SCENE/CANONICAL.txt; falling back to legacy prose-chunk path (degraded). Consider authoring story_atoms/ or restructuring this file with ## ARC_POSITION vNN headers.
DEFECT4: skipping depth registry section section_03 (persona='Gen Z') — foreign to spine persona_id='corporate_managers'.
DEFECT4: skipping depth registry section section_04 (persona='Gen Z') — foreign to spine persona_id='corporate_managers'.
DEFECT4: skipping depth registry section section_05 (persona='Gen Z') — foreign to spine persona_id='corporate_managers'.
DEFECT4: skipping depth registry section section_01 (persona='Gen Z') — foreign to spine persona_id='corporate_managers'.
DEFECT4: skipping depth registry section section_03 (persona='Gen Z') — foreign to spine persona_id='corporate_managers'.
DEFECT4: skipping depth registry section section_04 (persona='Gen Z') — foreign to spine persona_id='corporate_managers'.
DEFECT4: skipping depth registry section section_05 (persona='Gen Z') — foreign to spine persona_id='corporate_managers'.
DEFECT4: skipping depth registry section section_06 (persona='Gen Z') — foreign to spine persona_id='corporate_managers'.
[enrichment_per_section] no ARC blocks parsed from /Users/ahjan/phoenix_omega/atoms/corporate_managers/burnout/STORY/CANONICAL.txt; falling back to legacy prose-chunk path (degraded). Consider authoring story_atoms/ or restructuring this file with ## ARC_POSITION vNN headers.
DEFECT4: skipping depth registry section section_06 (persona='Gen Z') — foreign to spine persona_id='corporate_managers'.
[enrichment_per_section] no ARC blocks parsed from /Users/ahjan/phoenix_omega/atoms/corporate_managers/burnout/STORY/CANONICAL.txt; falling back to legacy prose-chunk path (degraded). Consider authoring story_atoms/ or restructuring this file with ## ARC_POSITION vNN headers.
[enrichment_per_section] no ARC blocks parsed from /Users/ahjan/phoenix_omega/atoms/corporate_managers/burnout/HOOK/CANONICAL.txt; falling back to legacy prose-chunk path (degraded). Consider authoring story_atoms/ or restructuring this file with ## ARC_POSITION vNN headers.
[enrichment_per_section] no ARC blocks parsed from /Users/ahjan/phoenix_omega/atoms/corporate_managers/burnout/SCENE/CANONICAL.txt; falling back to legacy prose-chunk path (degraded). Consider authoring story_atoms/ or restructuring this file with ## ARC_POSITION vNN headers.
DEFECT4: skipping depth registry section section_01 (persona='Gen Z') — foreign to spine persona_id='corporate_managers'.
DEFECT4: skipping depth registry section section_02 (persona='Gen Z') — foreign to spine persona_id='corporate_managers'.
DEFECT4: skipping depth registry section section_03 (persona='Gen Z') — foreign to spine persona_id='corporate_managers'.
DEFECT4: skipping depth registry section section_04 (persona='Gen Z') — foreign to spine persona_id='corporate_managers'.
DEFECT4: skipping depth registry section section_01 (persona='Gen Z') — foreign to spine persona_id='corporate_managers'.
DEFECT4: skipping depth registry section section_05 (persona='Gen Z') — foreign to spine persona_id='corporate_managers'.
DEFECT4: skipping depth registry section section_07 (persona='Gen Z') — foreign to spine persona_id='corporate_managers'.
DEFECT4: skipping depth registry section section_08 (persona='Gen Z') — foreign to spine persona_id='corporate_managers'.
DEFECT4: skipping depth registry section section_03 (persona='Gen Z') — foreign to spine persona_id='corporate_managers'.
DEFECT4: skipping depth registry section section_04 (persona='Gen Z') — foreign to spine persona_id='corporate_managers'.
DEFECT4: skipping depth registry section section_05 (persona='Gen Z') — foreign to spine persona_id='corporate_managers'.
DEFECT4: skipping depth registry section section_01 (persona='Gen Z') — foreign to spine persona_id='corporate_managers'.
DEFECT4: skipping depth registry section section_03 (persona='Gen Z') — foreign to spine persona_id='corporate_managers'.
DEFECT4: skipping depth registry section section_04 (persona='Gen Z') — foreign to spine persona_id='corporate_managers'.
DEFECT4: skipping depth registry section section_05 (persona='Gen Z') — foreign to spine persona_id='corporate_managers'.
[enrichment_per_section] no ARC blocks parsed from /Users/ahjan/phoenix_omega/atoms/corporate_managers/burnout/HOOK/CANONICAL.txt; falling back to legacy prose-chunk path (degraded). Consider authoring story_atoms/ or restructuring this file with ## ARC_POSITION vNN headers.
[enrichment_per_section] no ARC blocks parsed from /Users/ahjan/phoenix_omega/atoms/corporate_managers/burnout/SCENE/CANONICAL.txt; falling back to legacy prose-chunk path (degraded). Consider authoring story_atoms/ or restructuring this file with ## ARC_POSITION vNN headers.
Exercise governance: dropped EXERCISE slot in chapter 1 (cap=0).
Exercise governance: dropped EXERCISE slot in chapter 1 (cap=0).
EXERCISE: chapter 0 (topic burnout, persona corporate_managers) drew from the shared practice_library (repeat-avoided across the book) — no per-cell registry/teacher EXERCISE atom for this slot. Fine for draft; production gate EXERCISE-BANK-RESOLUTION-01 wants per-cell coverage. (This is the 311-exercise practice_library, NOT a thin 'library_34' fallback.)
Exercise governance: dropped EXERCISE slot in chapter 2 (cap=1).
Exercise governance: dropped EXERCISE slot in chapter 3 (cap=1).
Exercise governance: dropped EXERCISE slot in chapter 4 (cap=1).
Exercise governance: dropped EXERCISE slot in chapter 6 (cap=1).
Exercise governance: dropped EXERCISE slot in chapter 7 (cap=1).
Exercise governance: dropped EXERCISE slot in chapter 8 (cap=1).
Exercise governance: dropped EXERCISE slot in chapter 9 (cap=2).
Exercise governance: dropped EXERCISE slot in chapter 9 (cap=2).
Exercise governance: dropped EXERCISE slot in chapter 9 (cap=2).
Exercise governance: dropped EXERCISE slot in chapter 10 (cap=1).
Exercise governance: dropped EXERCISE slot in chapter 11 (cap=1).
Exercise governance: dropped EXERCISE slot in chapter 12 (cap=0).
Exercise governance: dropped EXERCISE slot in chapter 12 (cap=0).
Chapter contract: chapter 12: emotional_job 'resolution' matches previous chapter — escalation contract may be weak
EXERCISE: chapter 11 (topic burnout, persona corporate_managers) drew from the shared practice_library (repeat-avoided across the book) — no per-cell registry/teacher EXERCISE atom for this slot. Fine for draft; production gate EXERCISE-BANK-RESOLUTION-01 wants per-cell coverage. (This is the 311-exercise practice_library, NOT a thin 'library_34' fallback.)
F7 exercise-preservation check: ch9: prescribed=1 below contract_max_exercises=2 (exercise may have been stripped)
Chapter flow gate: PASS (0/12 failed). Report: /Users/ahjan/phoenix_omega/artifacts/qa/book_final_verify_20260708/render/burnout_watcher__corporate_managers/chapter_flow_report.json
Register gate: WARN (F2=0, F6=0, F12=0). Report: /Users/ahjan/phoenix_omega/artifacts/qa/book_final_verify_20260708/render/burnout_watcher__corporate_managers/register_gate_report.json
Bestseller craft gate (advisory): PASS — overall ONTGP score 0.53
EI V2: PASS — composite 0.67. Report: /Users/ahjan/phoenix_omega/artifacts/qa/book_final_verify_20260708/render/burnout_watcher__corporate_managers/ei_v2_report.json
Editorial report: WARN — thesis drift 0 chapters, ONTGP 0.53, flow 1.00. Report: /Users/ahjan/phoenix_omega/artifacts/qa/book_final_verify_20260708/render/burnout_watcher__corporate_managers/editorial_report.json
Memorable lines: 4 chapters with >=2 quotable lines / 12. Report: /Users/ahjan/phoenix_omega/artifacts/qa/book_final_verify_20260708/render/burnout_watcher__corporate_managers/memorable_line_report.json
Transformation arc: PASS. Report: /Users/ahjan/phoenix_omega/artifacts/qa/book_final_verify_20260708/render/burnout_watcher__corporate_managers/transformation_heatmap.json
Book pass gate: PASS. Report: /Users/ahjan/phoenix_omega/artifacts/qa/book_final_verify_20260708/render/burnout_watcher__corporate_managers/book_pass_report.json
Pearl Prime book quality gate: Pass (fail=0 hold=0) — /Users/ahjan/phoenix_omega/artifacts/qa/book_final_verify_20260708/render/burnout_watcher__corporate_managers/book_quality_report.json
Rendered book (spine mode): /Users/ahjan/phoenix_omega/artifacts/qa/book_final_verify_20260708/render/burnout_watcher__corporate_managers/book.txt
Quality summary: /Users/ahjan/phoenix_omega/artifacts/qa/book_final_verify_20260708/render/burnout_watcher__corporate_managers/quality_summary.json
=== render burnout_grief__corporate_managers ===
WARNING: --no-job-check: pipeline job enforcement disabled (CI/testing only).
Warning: atoms_model missing in spec; derived from config (legacy_personas) -> legacy
Template routing: burnout×corporate_managers×standard_book → spine_only (no template overlay)
Book planning layer: no pre-authored plan for burnout x corporate_managers x standard_book (No deterministic BookStructurePlan for topic='burnout', persona='corporate_managers', runtime='standard_book'. Expected one of: /Users/ahjan/phoenix_omega/config/plans/burnout_corporate_managers_standard_book.yaml, /Users/ahjan/phoenix_omega/config/plans/burnout_corporate_managers_deep_book_6h.yaml, /Users/ahjan/phoenix_omega/config/plans/burnout_corporate_managers_6h.yaml); generating auto-plan.
Content bank registry unavailable: /Users/ahjan/phoenix_omega/config/content_banks/anxiety_corporate_managers_scene_recognition_bank.yaml: variant 'acmr_001' missing keys ['band', 'ei_v2_targets', 'forbidden_terms', 'frame_allowlist', 'frame_blocklist', 'intensity', 'mechanism_depth', 'ontgp_move', 'persona_allowlist', 'runtime_allowlist', 'signature_phrases', 'slot_type', 'topic_allowlist', 'topic_blocklist']
DEFECT4: dropping registry section section_01 (persona='Gen Z') — foreign to spine persona_id='corporate_managers'; falling through to persona_atom/teacher.
DEFECT4: dropping registry section section_02 (persona='Gen Z') — foreign to spine persona_id='corporate_managers'; falling through to persona_atom/teacher.
DEFECT4: dropping registry section section_03 (persona='Gen Z') — foreign to spine persona_id='corporate_managers'; falling through to persona_atom/teacher.
DEFECT4: dropping registry section section_04 (persona='Gen Z') — foreign to spine persona_id='corporate_managers'; falling through to persona_atom/teacher.
DEFECT4: dropping registry section section_05 (persona='Gen Z') — foreign to spine persona_id='corporate_managers'; falling through to persona_atom/teacher.
DEFECT4: dropping registry section section_06 (persona='Gen Z') — foreign to spine persona_id='corporate_managers'; falling through to persona_atom/teacher.
DEFECT4: dropping registry section section_07 (persona='Gen Z') — foreign to spine persona_id='corporate_managers'; falling through to persona_atom/teacher.
DEFECT4: dropping registry section section_08 (persona='Gen Z') — foreign to spine persona_id='corporate_managers'; falling through to persona_atom/teacher.
DEFECT4: dropping registry section section_09 (persona='Gen Z') — foreign to spine persona_id='corporate_managers'; falling through to persona_atom/teacher.
DEFECT4: dropping registry section section_10 (persona='Gen Z') — foreign to spine persona_id='corporate_managers'; falling through to persona_atom/teacher.
DEFECT4: dropping registry section section_01 (persona='Gen Z') — foreign to spine persona_id='corporate_managers'; falling through to persona_atom/teacher.
DEFECT4: dropping registry section section_02 (persona='Gen Z') — foreign to spine persona_id='corporate_managers'; falling through to persona_atom/teacher.
DEFECT4: dropping registry section section_03 (persona='Gen Z') — foreign to spine persona_id='corporate_managers'; falling through to persona_atom/teacher.
DEFECT4: dropping registry section section_04 (persona='Gen Z') — foreign to spine persona_id='corporate_managers'; falling through to persona_atom/teacher.
DEFECT4: dropping registry section section_05 (persona='Gen Z') — foreign to spine persona_id='corporate_managers'; falling through to persona_atom/teacher.
DEFECT4: dropping registry section section_06 (persona='Gen Z') — foreign to spine persona_id='corporate_managers'; falling through to persona_atom/teacher.
DEFECT4: dropping registry section section_07 (persona='Gen Z') — foreign to spine persona_id='corporate_managers'; falling through to persona_atom/teacher.
DEFECT4: dropping registry section section_08 (persona='Gen Z') — foreign to spine persona_id='corporate_managers'; falling through to persona_atom/teacher.
DEFECT4: dropping registry section section_09 (persona='Gen Z') — foreign to spine persona_id='corporate_managers'; falling through to persona_atom/teacher.
DEFECT4: dropping registry section section_01 (persona='Gen Z') — foreign to spine persona_id='corporate_managers'; falling through to persona_atom/teacher.
DEFECT4: dropping registry section section_02 (persona='Gen Z') — foreign to spine persona_id='corporate_managers'; falling through to persona_atom/teacher.
DEFECT4: dropping registry section section_03 (persona='Gen Z') — foreign to spine persona_id='corporate_managers'; falling through to persona_atom/teacher.
DEFECT4: dropping registry section section_04 (persona='Gen Z') — foreign to spine persona_id='corporate_managers'; falling through to persona_atom/teacher.
DEFECT4: dropping registry section section_05 (persona='Gen Z') — foreign to spine persona_id='corporate_managers'; falling through to persona_atom/teacher.
DEFECT4: dropping registry section section_06 (persona='Gen Z') — foreign to spine persona_id='corporate_managers'; falling through to persona_atom/teacher.
DEFECT4: dropping registry section section_07 (persona='Gen Z') — foreign to spine persona_id='corporate_managers'; falling through to persona_atom/teacher.
DEFECT4: dropping registry section section_08 (persona='Gen Z') — foreign to spine persona_id='corporate_managers'; falling through to persona_atom/teacher.
DEFECT4: dropping registry section section_01 (persona='Gen Z') — foreign to spine persona_id='corporate_managers'; falling through to persona_atom/teacher.
DEFECT4: dropping registry section section_02 (persona='Gen Z') — foreign to spine persona_id='corporate_managers'; falling through to persona_atom/teacher.
DEFECT4: dropping registry section section_03 (persona='Gen Z') — foreign to spine persona_id='corporate_managers'; falling through to persona_atom/teacher.
DEFECT4: dropping registry section section_04 (persona='Gen Z') — foreign to spine persona_id='corporate_managers'; falling through to persona_atom/teacher.
DEFECT4: dropping registry section section_05 (persona='Gen Z') — foreign to spine persona_id='corporate_managers'; falling through to persona_atom/teacher.
DEFECT4: dropping registry section section_06 (persona='Gen Z') — foreign to spine persona_id='corporate_managers'; falling through to persona_atom/teacher.
DEFECT4: dropping registry section section_07 (persona='Gen Z') — foreign to spine persona_id='corporate_managers'; falling through to persona_atom/teacher.
DEFECT4: dropping registry section section_01 (persona='Gen Z') — foreign to spine persona_id='corporate_managers'; falling through to persona_atom/teacher.
DEFECT4: dropping registry section section_02 (persona='Gen Z') — foreign to spine persona_id='corporate_managers'; falling through to persona_atom/teacher.
DEFECT4: dropping registry section section_03 (persona='Gen Z') — foreign to spine persona_id='corporate_managers'; falling through to persona_atom/teacher.
DEFECT4: dropping registry section section_04 (persona='Gen Z') — foreign to spine persona_id='corporate_managers'; falling through to persona_atom/teacher.
DEFECT4: dropping registry section section_05 (persona='Gen Z') — foreign to spine persona_id='corporate_managers'; falling through to persona_atom/teacher.
DEFECT4: dropping registry section section_06 (persona='Gen Z') — foreign to spine persona_id='corporate_managers'; falling through to persona_atom/teacher.
DEFECT4: dropping registry section section_07 (persona='Gen Z') — foreign to spine persona_id='corporate_managers'; falling through to persona_atom/teacher.
DEFECT4: dropping registry section section_01 (persona='Gen Z') — foreign to spine persona_id='corporate_managers'; falling through to persona_atom/teacher.
DEFECT4: dropping registry section section_02 (persona='Gen Z') — foreign to spine persona_id='corporate_managers'; falling through to persona_atom/teacher.
DEFECT4: dropping registry section section_03 (persona='Gen Z') — foreign to spine persona_id='corporate_managers'; falling through to persona_atom/teacher.
DEFECT4: dropping registry section section_04 (persona='Gen Z') — foreign to spine persona_id='corporate_managers'; falling through to persona_atom/teacher.
DEFECT4: dropping registry section section_05 (persona='Gen Z') — foreign to spine persona_id='corporate_managers'; falling through to persona_atom/teacher.
DEFECT4: dropping registry section section_06 (persona='Gen Z') — foreign to spine persona_id='corporate_managers'; falling through to persona_atom/teacher.
DEFECT4: dropping registry section section_07 (persona='Gen Z') — foreign to spine persona_id='corporate_managers'; falling through to persona_atom/teacher.
DEFECT4: dropping registry section section_01 (persona='Gen Z') — foreign to spine persona_id='corporate_managers'; falling through to persona_atom/teacher.
DEFECT4: dropping registry section section_02 (persona='Gen Z') — foreign to spine persona_id='corporate_managers'; falling through to persona_atom/teacher.
DEFECT4: dropping registry section section_03 (persona='Gen Z') — foreign to spine persona_id='corporate_managers'; falling through to persona_atom/teacher.
DEFECT4: dropping registry section section_04 (persona='Gen Z') — foreign to spine persona_id='corporate_managers'; falling through to persona_atom/teacher.
DEFECT4: dropping registry section section_05 (persona='Gen Z') — foreign to spine persona_id='corporate_managers'; falling through to persona_atom/teacher.
DEFECT4: dropping registry section section_06 (persona='Gen Z') — foreign to spine persona_id='corporate_managers'; falling through to persona_atom/teacher.
DEFECT4: dropping registry section section_07 (persona='Gen Z') — foreign to spine persona_id='corporate_managers'; falling through to persona_atom/teacher.
DEFECT4: dropping registry section section_01 (persona='Gen Z') — foreign to spine persona_id='corporate_managers'; falling through to persona_atom/teacher.
DEFECT4: dropping registry section section_02 (persona='Gen Z') — foreign to spine persona_id='corporate_managers'; falling through to persona_atom/teacher.
DEFECT4: dropping registry section section_03 (persona='Gen Z') — foreign to spine persona_id='corporate_managers'; falling through to persona_atom/teacher.
DEFECT4: dropping registry section section_04 (persona='Gen Z') — foreign to spine persona_id='corporate_managers'; falling through to persona_atom/teacher.
DEFECT4: dropping registry section section_05 (persona='Gen Z') — foreign to spine persona_id='corporate_managers'; falling through to persona_atom/teacher.
DEFECT4: dropping registry section section_06 (persona='Gen Z') — foreign to spine persona_id='corporate_managers'; falling through to persona_atom/teacher.
DEFECT4: dropping registry section section_07 (persona='Gen Z') — foreign to spine persona_id='corporate_managers'; falling through to persona_atom/teacher.
DEFECT4: dropping registry section section_01 (persona='Gen Z') — foreign to spine persona_id='corporate_managers'; falling through to persona_atom/teacher.
DEFECT4: dropping registry section section_02 (persona='Gen Z') — foreign to spine persona_id='corporate_managers'; falling through to persona_atom/teacher.
DEFECT4: dropping registry section section_03 (persona='Gen Z') — foreign to spine persona_id='corporate_managers'; falling through to persona_atom/teacher.
DEFECT4: dropping registry section section_04 (persona='Gen Z') — foreign to spine persona_id='corporate_managers'; falling through to persona_atom/teacher.
DEFECT4: dropping registry section section_05 (persona='Gen Z') — foreign to spine persona_id='corporate_managers'; falling through to persona_atom/teacher.
DEFECT4: dropping registry section section_06 (persona='Gen Z') — foreign to spine persona_id='corporate_managers'; falling through to persona_atom/teacher.
DEFECT4: dropping registry section section_07 (persona='Gen Z') — foreign to spine persona_id='corporate_managers'; falling through to persona_atom/teacher.
DEFECT4: dropping registry section section_01 (persona='Gen Z') — foreign to spine persona_id='corporate_managers'; falling through to persona_atom/teacher.
DEFECT4: dropping registry section section_02 (persona='Gen Z') — foreign to spine persona_id='corporate_managers'; falling through to persona_atom/teacher.
DEFECT4: dropping registry section section_03 (persona='Gen Z') — foreign to spine persona_id='corporate_managers'; falling through to persona_atom/teacher.
DEFECT4: dropping registry section section_04 (persona='Gen Z') — foreign to spine persona_id='corporate_managers'; falling through to persona_atom/teacher.
DEFECT4: dropping registry section section_05 (persona='Gen Z') — foreign to spine persona_id='corporate_managers'; falling through to persona_atom/teacher.
DEFECT4: dropping registry section section_06 (persona='Gen Z') — foreign to spine persona_id='corporate_managers'; falling through to persona_atom/teacher.
DEFECT4: dropping registry section section_07 (persona='Gen Z') — foreign to spine persona_id='corporate_managers'; falling through to persona_atom/teacher.
DEFECT4: dropping registry section section_01 (persona='Gen Z') — foreign to spine persona_id='corporate_managers'; falling through to persona_atom/teacher.
DEFECT4: dropping registry section section_02 (persona='Gen Z') — foreign to spine persona_id='corporate_managers'; falling through to persona_atom/teacher.
DEFECT4: dropping registry section section_03 (persona='Gen Z') — foreign to spine persona_id='corporate_managers'; falling through to persona_atom/teacher.
DEFECT4: dropping registry section section_04 (persona='Gen Z') — foreign to spine persona_id='corporate_managers'; falling through to persona_atom/teacher.
DEFECT4: dropping registry section section_05 (persona='Gen Z') — foreign to spine persona_id='corporate_managers'; falling through to persona_atom/teacher.
DEFECT4: dropping registry section section_06 (persona='Gen Z') — foreign to spine persona_id='corporate_managers'; falling through to persona_atom/teacher.
DEFECT4: dropping registry section section_07 (persona='Gen Z') — foreign to spine persona_id='corporate_managers'; falling through to persona_atom/teacher.
DEFECT4: dropping registry section section_01 (persona='Gen Z') — foreign to spine persona_id='corporate_managers'; falling through to persona_atom/teacher.
DEFECT4: dropping registry section section_02 (persona='Gen Z') — foreign to spine persona_id='corporate_managers'; falling through to persona_atom/teacher.
DEFECT4: dropping registry section section_03 (persona='Gen Z') — foreign to spine persona_id='corporate_managers'; falling through to persona_atom/teacher.
DEFECT4: dropping registry section section_04 (persona='Gen Z') — foreign to spine persona_id='corporate_managers'; falling through to persona_atom/teacher.
DEFECT4: dropping registry section section_05 (persona='Gen Z') — foreign to spine persona_id='corporate_managers'; falling through to persona_atom/teacher.
DEFECT4: dropping registry section section_06 (persona='Gen Z') — foreign to spine persona_id='corporate_managers'; falling through to persona_atom/teacher.
DEFECT4: dropping registry section section_07 (persona='Gen Z') — foreign to spine persona_id='corporate_managers'; falling through to persona_atom/teacher.
[enrichment_per_section] no ARC blocks parsed from /Users/ahjan/phoenix_omega/atoms/corporate_managers/burnout/HOOK/CANONICAL.txt; falling back to legacy prose-chunk path (degraded). Consider authoring story_atoms/ or restructuring this file with ## ARC_POSITION vNN headers.
[enrichment_per_section] no ARC blocks parsed from /Users/ahjan/phoenix_omega/atoms/corporate_managers/burnout/SCENE/CANONICAL.txt; falling back to legacy prose-chunk path (degraded). Consider authoring story_atoms/ or restructuring this file with ## ARC_POSITION vNN headers.
DEFECT4: skipping depth registry section section_01 (persona='Gen Z') — foreign to spine persona_id='corporate_managers'.
DEFECT4: skipping depth registry section section_02 (persona='Gen Z') — foreign to spine persona_id='corporate_managers'.
DEFECT4: skipping depth registry section section_03 (persona='Gen Z') — foreign to spine persona_id='corporate_managers'.
DEFECT4: skipping depth registry section section_04 (persona='Gen Z') — foreign to spine persona_id='corporate_managers'.
DEFECT4: skipping depth registry section section_01 (persona='Gen Z') — foreign to spine persona_id='corporate_managers'.
DEFECT4: skipping depth registry section section_05 (persona='Gen Z') — foreign to spine persona_id='corporate_managers'.
DEFECT4: skipping depth registry section section_07 (persona='Gen Z') — foreign to spine persona_id='corporate_managers'.
DEFECT4: skipping depth registry section section_08 (persona='Gen Z') — foreign to spine persona_id='corporate_managers'.
[enrichment_per_section] no ARC blocks parsed from /Users/ahjan/phoenix_omega/atoms/corporate_managers/burnout/HOOK/CANONICAL.txt; falling back to legacy prose-chunk path (degraded). Consider authoring story_atoms/ or restructuring this file with ## ARC_POSITION vNN headers.
[enrichment_per_section] no ARC blocks parsed from /Users/ahjan/phoenix_omega/atoms/corporate_managers/burnout/SCENE/CANONICAL.txt; falling back to legacy prose-chunk path (degraded). Consider authoring story_atoms/ or restructuring this file with ## ARC_POSITION vNN headers.
[enrichment_per_section] no ARC blocks parsed from /Users/ahjan/phoenix_omega/atoms/corporate_managers/burnout/HOOK/CANONICAL.txt; falling back to legacy prose-chunk path (degraded). Consider authoring story_atoms/ or restructuring this file with ## ARC_POSITION vNN headers.
[enrichment_per_section] no ARC blocks parsed from /Users/ahjan/phoenix_omega/atoms/corporate_managers/burnout/SCENE/CANONICAL.txt; falling back to legacy prose-chunk path (degraded). Consider authoring story_atoms/ or restructuring this file with ## ARC_POSITION vNN headers.
[enrichment_per_section] no ARC blocks parsed from /Users/ahjan/phoenix_omega/atoms/corporate_managers/burnout/HOOK/CANONICAL.txt; falling back to legacy prose-chunk path (degraded). Consider authoring story_atoms/ or restructuring this file with ## ARC_POSITION vNN headers.
[enrichment_per_section] no ARC blocks parsed from /Users/ahjan/phoenix_omega/atoms/corporate_managers/burnout/SCENE/CANONICAL.txt; falling back to legacy prose-chunk path (degraded). Consider authoring story_atoms/ or restructuring this file with ## ARC_POSITION vNN headers.
DEFECT4: skipping depth registry section section_01 (persona='Gen Z') — foreign to spine persona_id='corporate_managers'.
DEFECT4: skipping depth registry section section_02 (persona='Gen Z') — foreign to spine persona_id='corporate_managers'.
DEFECT4: skipping depth registry section section_03 (persona='Gen Z') — foreign to spine persona_id='corporate_managers'.
DEFECT4: skipping depth registry section section_04 (persona='Gen Z') — foreign to spine persona_id='corporate_managers'.
DEFECT4: skipping depth registry section section_01 (persona='Gen Z') — foreign to spine persona_id='corporate_managers'.
DEFECT4: skipping depth registry section section_05 (persona='Gen Z') — foreign to spine persona_id='corporate_managers'.
DEFECT4: skipping depth registry section section_07 (persona='Gen Z') — foreign to spine persona_id='corporate_managers'.
DEFECT4: skipping depth registry section section_08 (persona='Gen Z') — foreign to spine persona_id='corporate_managers'.
[enrichment_per_section] no ARC blocks parsed from /Users/ahjan/phoenix_omega/atoms/corporate_managers/burnout/HOOK/CANONICAL.txt; falling back to legacy prose-chunk path (degraded). Consider authoring story_atoms/ or restructuring this file with ## ARC_POSITION vNN headers.
[enrichment_per_section] no ARC blocks parsed from /Users/ahjan/phoenix_omega/atoms/corporate_managers/burnout/SCENE/CANONICAL.txt; falling back to legacy prose-chunk path (degraded). Consider authoring story_atoms/ or restructuring this file with ## ARC_POSITION vNN headers.
[enrichment_per_section] no ARC blocks parsed from /Users/ahjan/phoenix_omega/atoms/corporate_managers/burnout/HOOK/CANONICAL.txt; falling back to legacy prose-chunk path (degraded). Consider authoring story_atoms/ or restructuring this file with ## ARC_POSITION vNN headers.
[enrichment_per_section] no ARC blocks parsed from /Users/ahjan/phoenix_omega/atoms/corporate_managers/burnout/SCENE/CANONICAL.txt; falling back to legacy prose-chunk path (degraded). Consider authoring story_atoms/ or restructuring this file with ## ARC_POSITION vNN headers.
Exercise governance: dropped EXERCISE slot in chapter 1 (cap=0).
Exercise governance: dropped EXERCISE slot in chapter 1 (cap=0).
EXERCISE: chapter 0 (topic burnout, persona corporate_managers) drew from the shared practice_library (repeat-avoided across the book) — no per-cell registry/teacher EXERCISE atom for this slot. Fine for draft; production gate EXERCISE-BANK-RESOLUTION-01 wants per-cell coverage. (This is the 311-exercise practice_library, NOT a thin 'library_34' fallback.)
Exercise governance: dropped EXERCISE slot in chapter 2 (cap=1).
Exercise governance: dropped EXERCISE slot in chapter 3 (cap=1).
Exercise governance: dropped EXERCISE slot in chapter 4 (cap=1).
Exercise governance: dropped EXERCISE slot in chapter 6 (cap=1).
Exercise governance: dropped EXERCISE slot in chapter 7 (cap=1).
Exercise governance: dropped EXERCISE slot in chapter 8 (cap=1).
Exercise governance: dropped EXERCISE slot in chapter 10 (cap=1).
Exercise governance: dropped EXERCISE slot in chapter 11 (cap=1).
Exercise governance: dropped EXERCISE slot in chapter 12 (cap=0).
Exercise governance: dropped EXERCISE slot in chapter 12 (cap=0).
Chapter contract: chapter 12: emotional_job 'resolution' matches previous chapter — escalation contract may be weak
EXERCISE: chapter 11 (topic burnout, persona corporate_managers) drew from the shared practice_library (repeat-avoided across the book) — no per-cell registry/teacher EXERCISE atom for this slot. Fine for draft; production gate EXERCISE-BANK-RESOLUTION-01 wants per-cell coverage. (This is the 311-exercise practice_library, NOT a thin 'library_34' fallback.)
F7 exercise-preservation check: ch6: prescribed=0 below contract_max_exercises=1 (exercise may have been stripped)
Chapter flow gate: PASS (0/12 failed). Report: /Users/ahjan/phoenix_omega/artifacts/qa/book_final_verify_20260708/render/burnout_grief__corporate_managers/chapter_flow_report.json
Register gate: WARN (F2=0, F6=0, F12=0). Report: /Users/ahjan/phoenix_omega/artifacts/qa/book_final_verify_20260708/render/burnout_grief__corporate_managers/register_gate_report.json
Bestseller craft gate (advisory): PASS — overall ONTGP score 0.50
EI V2: PASS — composite 0.68. Report: /Users/ahjan/phoenix_omega/artifacts/qa/book_final_verify_20260708/render/burnout_grief__corporate_managers/ei_v2_report.json
Editorial report: WARN — thesis drift 0 chapters, ONTGP 0.50, flow 1.00. Report: /Users/ahjan/phoenix_omega/artifacts/qa/book_final_verify_20260708/render/burnout_grief__corporate_managers/editorial_report.json
Memorable lines: 4 chapters with >=2 quotable lines / 12. Report: /Users/ahjan/phoenix_omega/artifacts/qa/book_final_verify_20260708/render/burnout_grief__corporate_managers/memorable_line_report.json
Transformation arc: PASS. Report: /Users/ahjan/phoenix_omega/artifacts/qa/book_final_verify_20260708/render/burnout_grief__corporate_managers/transformation_heatmap.json
Book pass gate: PASS. Report: /Users/ahjan/phoenix_omega/artifacts/qa/book_final_verify_20260708/render/burnout_grief__corporate_managers/book_pass_report.json
Pearl Prime book quality gate: Pass (fail=0 hold=0) — /Users/ahjan/phoenix_omega/artifacts/qa/book_final_verify_20260708/render/burnout_grief__corporate_managers/book_quality_report.json
Rendered book (spine mode): /Users/ahjan/phoenix_omega/artifacts/qa/book_final_verify_20260708/render/burnout_grief__corporate_managers/book.txt
Quality summary: /Users/ahjan/phoenix_omega/artifacts/qa/book_final_verify_20260708/render/burnout_grief__corporate_managers/quality_summary.json
GREEN []
