Job created: job-default_teacher-anxiety-ebook-2026-07-14
Workspace: /Users/ahjan/phoenix_omega_worktrees/waystream-epub-wave1-20260714/artifacts/qa/waystream_epub_wave1_20260714/rendered/way_stream_sanctuary__nyc_executives__anxiety__false_alarm
Guide: /Users/ahjan/phoenix_omega_worktrees/waystream-epub-wave1-20260714/docs/EBOOK_PIPELINE_COMPLETE_GUIDE.md
Next: acknowledge the guide, then run stages in order:
  PYTHONPATH=. python3 scripts/pipeline/acknowledge_guide.py --workspace /Users/ahjan/phoenix_omega_worktrees/waystream-epub-wave1-20260714/artifacts/qa/waystream_epub_wave1_20260714/rendered/way_stream_sanctuary__nyc_executives__anxiety__false_alarm
================================================================
PIPELINE: ebook
GUIDE: /Users/ahjan/phoenix_omega_worktrees/waystream-epub-wave1-20260714/docs/EBOOK_PIPELINE_COMPLETE_GUIDE.md
================================================================
# Pearl Prime — Ebook Pipeline (complete operator guide)

**Entry:** `scripts/run_pipeline.py`  
**Registry:** `config/pipeline_registry.yaml` → `pipelines.ebook`  
**Authority:** `specs/PHOENIX_V4_5_WRITER_SPEC.md`, arc-first rules in repo docs.

---

## Before you start

1. `python3 scripts/pipeline/create_job.py --pipeline ebook --topic … --persona … --arc <master_arc.yaml> --locale en-US --workspace <DIR>`
2. `python3 scripts/pipeline/acknowledge_guide.py --workspace <DIR>`
3. Run: `python3 scripts/run_pipeline.py --arc … --topic … --persona … --workspace <DIR>`

Use **`--no-job-check`** only in CI or when debugging with the owner’s approval.

---

## Stages (job.json)

The monolithic CLI advances all ebook stages together on success:

- **preflight** — tuple viability, arc presence, teacher matrix (if teacher mode)
- **book_spec** — catalog planner output
- **format_plan** — structural/runtime format selection (V4 freeze aware)
- **compile** — assembly compiler / registry resolution
- **prose_render** — optional `--render-book`
- **quality_gate** — chapter flow, book pass, bestseller craft, scene gate (per `--quality-profile`)
- **freebie_gen** — optional HTML/PDF/EPUB/MP3 freebies
- **epub_build** — optional `scripts/release/build_epub.py`
- **distribute** — packaging hooks (optional)

---

## Required CLI (arc-first)

- **`--arc`** — path to master arc YAML under `config/source_of_truth/master_arcs/`
- **`--topic`** / **`--persona`** — canonical ids (or `--input` YAML)
- **`--quality-profile`** — `production` | `draft` | `debug`

Optional: `--teacher`, `--render-book`, `--render-dir`, `--generate-freebies`, locale and atoms overrides.

---

## Config map

| Path | Role |
|------|------|
| `config/source_of_truth/master_arcs/*.yaml` | Arc — sole compile authority |
| `config/identity_aliases.yaml` | Persona/topic aliases |
| `config/topic_engine_bindings.yaml` | Engine eligibility |
| `pearl_prime/modular_format_freeze.py` | V4 output-format freeze |
| `config/quality/*` | Gate thresholds |

---

## Common mistakes

- Running generators **without** `--arc`.
- Using **`--structural-format` / `--runtime-format`** under V4 freeze (blocked).
- Skipping **tuple viability** / teacher validation when `--teacher` is set.
- Treating **draft** quality as releasable — use `production` for shipping builds.

---

## If validation fails

Read STDERR gate names (chapter flow, book pass, bestseller craft, scene anti-genericity). Fix atoms/registry coverage or arc alignment; re-run with the same `--workspace` so `job.json` tracks the run.

---

## Cover packaging (EPUB embed vs storefront)

- **EPUB embed:** `scripts/release/build_epub.py` calls `ebooklib` `set_cover` and also adds a cover XHTML page. When **Pillow** is installed, the embed is **normalized to 1600×2560** (KDP’s stated ideal height × width ratio 1.6:1) via letterboxing, so square source PNGs in `artifacts/pipeline_examples/` do not produce non-portrait interior covers. Use `--raw-cover` only if you must preserve exact source pixels inside the package.
- **Separate storefront image:** Distributors still expect you to upload a cover in their UI (or as `*_frontcover.*` alongside bulk_EPUB per Google). Use production PNG/JPEG at platform specs — see [artifacts/release/COVER_PACKAGING_PLATFORM_AUDIT_2026_04_10.md](../artifacts/release/COVER_PACKAGING_PLATFORM_AUDIT_2026_04_10.md). **`generate_bestseller_covers.py`** and the audiobook showcase’s `cover_*_ebook.png` (1600×2560) are suitable storefront sources; **do not** reuse the square audiobook master for Kindle ebooks.
- **KDP cover upload format:** Amazon’s help lists **JPEG or TIFF** for the *cover image file* you upload to KDP; keep a high-quality JPEG export for that field even when the EPUB embed is PNG ([KDP — eBook cover criteria](https://kdp.amazon.com/en_US/help/topic/G200645690)).
================================================================
KEY RULES:
  • Do not skip stages — follow config/pipeline_registry.yaml order.
  • Use repo scripts under scripts/ only; do not hand-roll FFmpeg/TTS for production.
  • Voice, pacing, and assets come from config/video/, config/tts/, and governed YAML.
================================================================
guide_acknowledged set to true in job.json
