Warning: atoms_model missing in spec; derived from config (legacy_personas) -> legacy
Template routing: imposter_syndrome×educators×standard_book → spine_only (no template overlay)
Book planning layer: no pre-authored plan for imposter_syndrome x educators x standard_book (No deterministic BookStructurePlan for topic='imposter_syndrome', persona='educators', runtime='standard_book'. Expected one of: /Users/ahjan/phoenix_omega_worktrees/waystream-epub-wave1-20260714/config/plans/imposter_syndrome_educators_standard_book.yaml, /Users/ahjan/phoenix_omega_worktrees/waystream-epub-wave1-20260714/config/plans/imposter_syndrome_educators_deep_book_6h.yaml, /Users/ahjan/phoenix_omega_worktrees/waystream-epub-wave1-20260714/config/plans/imposter_syndrome_educators_6h.yaml); generating auto-plan.
Angle journey resolution: 'false_alarm' → 'IMPOSTERS_PERFORMANCE' (source=topic_angle_map, topic=imposter_syndrome).
Content bank registry unavailable: /Users/ahjan/phoenix_omega_worktrees/waystream-epub-wave1-20260714/config/content_banks/anxiety_corporate_managers_scene_recognition_bank.yaml: variant 'acmr_001' missing keys ['band', 'ei_v2_targets', 'forbidden_terms', 'frame_allowlist', 'frame_blocklist', 'intensity', 'mechanism_depth', 'ontgp_move', 'persona_allowlist', 'runtime_allowlist', 'signature_phrases', 'slot_type', 'topic_allowlist', 'topic_blocklist']
DEFECT4: dropping registry section section_01 (persona='Gen Z') — foreign to spine persona_id='educators'; falling through to persona_atom/teacher.
DEFECT4: dropping registry section section_02 (persona='Gen Z') — foreign to spine persona_id='educators'; falling through to persona_atom/teacher.
DEFECT4: dropping registry section section_03 (persona='Gen Z') — foreign to spine persona_id='educators'; falling through to persona_atom/teacher.
DEFECT4: dropping registry section section_04 (persona='Gen Z') — foreign to spine persona_id='educators'; falling through to persona_atom/teacher.
DEFECT4: dropping registry section section_05 (persona='Gen Z') — foreign to spine persona_id='educators'; falling through to persona_atom/teacher.
DEFECT4: dropping registry section section_06 (persona='Gen Z') — foreign to spine persona_id='educators'; falling through to persona_atom/teacher.
DEFECT4: dropping registry section section_07 (persona='Gen Z') — foreign to spine persona_id='educators'; falling through to persona_atom/teacher.
DEFECT4: dropping registry section section_08 (persona='Gen Z') — foreign to spine persona_id='educators'; falling through to persona_atom/teacher.
DEFECT4: dropping registry section section_09 (persona='Gen Z') — foreign to spine persona_id='educators'; falling through to persona_atom/teacher.
DEFECT4: dropping registry section section_10 (persona='Gen Z') — foreign to spine persona_id='educators'; falling through to persona_atom/teacher.
DEFECT4: dropping registry section section_01 (persona='Gen Z') — foreign to spine persona_id='educators'; falling through to persona_atom/teacher.
DEFECT4: dropping registry section section_02 (persona='Gen Z') — foreign to spine persona_id='educators'; falling through to persona_atom/teacher.
DEFECT4: dropping registry section section_03 (persona='Gen Z') — foreign to spine persona_id='educators'; falling through to persona_atom/teacher.
DEFECT4: dropping registry section section_04 (persona='Gen Z') — foreign to spine persona_id='educators'; falling through to persona_atom/teacher.
DEFECT4: dropping registry section section_05 (persona='Gen Z') — foreign to spine persona_id='educators'; falling through to persona_atom/teacher.
DEFECT4: dropping registry section section_06 (persona='Gen Z') — foreign to spine persona_id='educators'; falling through to persona_atom/teacher.
DEFECT4: dropping registry section section_07 (persona='Gen Z') — foreign to spine persona_id='educators'; falling through to persona_atom/teacher.
DEFECT4: dropping registry section section_08 (persona='Gen Z') — foreign to spine persona_id='educators'; falling through to persona_atom/teacher.
DEFECT4: dropping registry section section_09 (persona='Gen Z') — foreign to spine persona_id='educators'; falling through to persona_atom/teacher.
DEFECT4: dropping registry section section_01 (persona='Gen Z') — foreign to spine persona_id='educators'; falling through to persona_atom/teacher.
DEFECT4: dropping registry section section_02 (persona='Gen Z') — foreign to spine persona_id='educators'; falling through to persona_atom/teacher.
DEFECT4: dropping registry section section_03 (persona='Gen Z') — foreign to spine persona_id='educators'; falling through to persona_atom/teacher.
DEFECT4: dropping registry section section_04 (persona='Gen Z') — foreign to spine persona_id='educators'; falling through to persona_atom/teacher.
DEFECT4: dropping registry section section_05 (persona='Gen Z') — foreign to spine persona_id='educators'; falling through to persona_atom/teacher.
DEFECT4: dropping registry section section_06 (persona='Gen Z') — foreign to spine persona_id='educators'; falling through to persona_atom/teacher.
DEFECT4: dropping registry section section_07 (persona='Gen Z') — foreign to spine persona_id='educators'; falling through to persona_atom/teacher.
DEFECT4: dropping registry section section_08 (persona='Gen Z') — foreign to spine persona_id='educators'; falling through to persona_atom/teacher.
DEFECT4: dropping registry section section_01 (persona='Gen Z') — foreign to spine persona_id='educators'; falling through to persona_atom/teacher.
DEFECT4: dropping registry section section_02 (persona='Gen Z') — foreign to spine persona_id='educators'; falling through to persona_atom/teacher.
DEFECT4: dropping registry section section_03 (persona='Gen Z') — foreign to spine persona_id='educators'; falling through to persona_atom/teacher.
DEFECT4: dropping registry section section_04 (persona='Gen Z') — foreign to spine persona_id='educators'; falling through to persona_atom/teacher.
DEFECT4: dropping registry section section_05 (persona='Gen Z') — foreign to spine persona_id='educators'; falling through to persona_atom/teacher.
DEFECT4: dropping registry section section_06 (persona='Gen Z') — foreign to spine persona_id='educators'; falling through to persona_atom/teacher.
DEFECT4: dropping registry section section_07 (persona='Gen Z') — foreign to spine persona_id='educators'; falling through to persona_atom/teacher.
DEFECT4: dropping registry section section_01 (persona='Gen Z') — foreign to spine persona_id='educators'; falling through to persona_atom/teacher.
DEFECT4: dropping registry section section_02 (persona='Gen Z') — foreign to spine persona_id='educators'; falling through to persona_atom/teacher.
DEFECT4: dropping registry section section_03 (persona='Gen Z') — foreign to spine persona_id='educators'; falling through to persona_atom/teacher.
DEFECT4: dropping registry section section_04 (persona='Gen Z') — foreign to spine persona_id='educators'; falling through to persona_atom/teacher.
DEFECT4: dropping registry section section_05 (persona='Gen Z') — foreign to spine persona_id='educators'; falling through to persona_atom/teacher.
DEFECT4: dropping registry section section_06 (persona='Gen Z') — foreign to spine persona_id='educators'; falling through to persona_atom/teacher.
DEFECT4: dropping registry section section_07 (persona='Gen Z') — foreign to spine persona_id='educators'; falling through to persona_atom/teacher.
DEFECT4: dropping registry section section_01 (persona='Gen Z') — foreign to spine persona_id='educators'; falling through to persona_atom/teacher.
DEFECT4: dropping registry section section_02 (persona='Gen Z') — foreign to spine persona_id='educators'; falling through to persona_atom/teacher.
DEFECT4: dropping registry section section_03 (persona='Gen Z') — foreign to spine persona_id='educators'; falling through to persona_atom/teacher.
DEFECT4: dropping registry section section_04 (persona='Gen Z') — foreign to spine persona_id='educators'; falling through to persona_atom/teacher.
DEFECT4: dropping registry section section_05 (persona='Gen Z') — foreign to spine persona_id='educators'; falling through to persona_atom/teacher.
DEFECT4: dropping registry section section_06 (persona='Gen Z') — foreign to spine persona_id='educators'; falling through to persona_atom/teacher.
DEFECT4: dropping registry section section_07 (persona='Gen Z') — foreign to spine persona_id='educators'; falling through to persona_atom/teacher.
DEFECT4: dropping registry section section_01 (persona='Gen Z') — foreign to spine persona_id='educators'; falling through to persona_atom/teacher.
DEFECT4: dropping registry section section_02 (persona='Gen Z') — foreign to spine persona_id='educators'; falling through to persona_atom/teacher.
DEFECT4: dropping registry section section_03 (persona='Gen Z') — foreign to spine persona_id='educators'; falling through to persona_atom/teacher.
DEFECT4: dropping registry section section_04 (persona='Gen Z') — foreign to spine persona_id='educators'; falling through to persona_atom/teacher.
DEFECT4: dropping registry section section_05 (persona='Gen Z') — foreign to spine persona_id='educators'; falling through to persona_atom/teacher.
DEFECT4: dropping registry section section_06 (persona='Gen Z') — foreign to spine persona_id='educators'; falling through to persona_atom/teacher.
DEFECT4: dropping registry section section_07 (persona='Gen Z') — foreign to spine persona_id='educators'; falling through to persona_atom/teacher.
DEFECT4: dropping registry section section_01 (persona='Gen Z') — foreign to spine persona_id='educators'; falling through to persona_atom/teacher.
DEFECT4: dropping registry section section_02 (persona='Gen Z') — foreign to spine persona_id='educators'; falling through to persona_atom/teacher.
DEFECT4: dropping registry section section_03 (persona='Gen Z') — foreign to spine persona_id='educators'; falling through to persona_atom/teacher.
DEFECT4: dropping registry section section_04 (persona='Gen Z') — foreign to spine persona_id='educators'; falling through to persona_atom/teacher.
DEFECT4: dropping registry section section_05 (persona='Gen Z') — foreign to spine persona_id='educators'; falling through to persona_atom/teacher.
DEFECT4: dropping registry section section_06 (persona='Gen Z') — foreign to spine persona_id='educators'; falling through to persona_atom/teacher.
DEFECT4: dropping registry section section_07 (persona='Gen Z') — foreign to spine persona_id='educators'; falling through to persona_atom/teacher.
DEFECT4: dropping registry section section_01 (persona='Gen Z') — foreign to spine persona_id='educators'; falling through to persona_atom/teacher.
DEFECT4: dropping registry section section_02 (persona='Gen Z') — foreign to spine persona_id='educators'; falling through to persona_atom/teacher.
DEFECT4: dropping registry section section_03 (persona='Gen Z') — foreign to spine persona_id='educators'; falling through to persona_atom/teacher.
DEFECT4: dropping registry section section_04 (persona='Gen Z') — foreign to spine persona_id='educators'; falling through to persona_atom/teacher.
DEFECT4: dropping registry section section_05 (persona='Gen Z') — foreign to spine persona_id='educators'; falling through to persona_atom/teacher.
DEFECT4: dropping registry section section_06 (persona='Gen Z') — foreign to spine persona_id='educators'; falling through to persona_atom/teacher.
DEFECT4: dropping registry section section_07 (persona='Gen Z') — foreign to spine persona_id='educators'; falling through to persona_atom/teacher.
DEFECT4: dropping registry section section_01 (persona='Gen Z') — foreign to spine persona_id='educators'; falling through to persona_atom/teacher.
DEFECT4: dropping registry section section_02 (persona='Gen Z') — foreign to spine persona_id='educators'; falling through to persona_atom/teacher.
DEFECT4: dropping registry section section_03 (persona='Gen Z') — foreign to spine persona_id='educators'; falling through to persona_atom/teacher.
DEFECT4: dropping registry section section_04 (persona='Gen Z') — foreign to spine persona_id='educators'; falling through to persona_atom/teacher.
DEFECT4: dropping registry section section_05 (persona='Gen Z') — foreign to spine persona_id='educators'; falling through to persona_atom/teacher.
DEFECT4: dropping registry section section_06 (persona='Gen Z') — foreign to spine persona_id='educators'; falling through to persona_atom/teacher.
DEFECT4: dropping registry section section_07 (persona='Gen Z') — foreign to spine persona_id='educators'; falling through to persona_atom/teacher.
DEFECT4: dropping registry section section_01 (persona='Gen Z') — foreign to spine persona_id='educators'; falling through to persona_atom/teacher.
DEFECT4: dropping registry section section_02 (persona='Gen Z') — foreign to spine persona_id='educators'; falling through to persona_atom/teacher.
DEFECT4: dropping registry section section_03 (persona='Gen Z') — foreign to spine persona_id='educators'; falling through to persona_atom/teacher.
DEFECT4: dropping registry section section_04 (persona='Gen Z') — foreign to spine persona_id='educators'; falling through to persona_atom/teacher.
DEFECT4: dropping registry section section_05 (persona='Gen Z') — foreign to spine persona_id='educators'; falling through to persona_atom/teacher.
DEFECT4: dropping registry section section_06 (persona='Gen Z') — foreign to spine persona_id='educators'; falling through to persona_atom/teacher.
DEFECT4: dropping registry section section_07 (persona='Gen Z') — foreign to spine persona_id='educators'; falling through to persona_atom/teacher.
DEFECT4: dropping registry section section_01 (persona='Gen Z') — foreign to spine persona_id='educators'; falling through to persona_atom/teacher.
DEFECT4: dropping registry section section_02 (persona='Gen Z') — foreign to spine persona_id='educators'; falling through to persona_atom/teacher.
DEFECT4: dropping registry section section_03 (persona='Gen Z') — foreign to spine persona_id='educators'; falling through to persona_atom/teacher.
DEFECT4: dropping registry section section_04 (persona='Gen Z') — foreign to spine persona_id='educators'; falling through to persona_atom/teacher.
DEFECT4: dropping registry section section_05 (persona='Gen Z') — foreign to spine persona_id='educators'; falling through to persona_atom/teacher.
DEFECT4: dropping registry section section_06 (persona='Gen Z') — foreign to spine persona_id='educators'; falling through to persona_atom/teacher.
DEFECT4: dropping registry section section_07 (persona='Gen Z') — foreign to spine persona_id='educators'; falling through to persona_atom/teacher.
Exercise journey outcome mismatch ch=1 thesis=neck_up_problem violations=['awareness: need>=0.850 got=0.500']
Exercise journey outcome mismatch ch=2 thesis=neck_up_problem violations=['awareness: need>=0.850 got=0.500', 'integration: need>=0.250 got=0.000']
Exercise journey outcome mismatch ch=3 thesis=burnout_pattern violations=['awareness: need>=0.600 got=0.500', 'regulation: need>=0.550 got=0.500']
Exercise journey outcome mismatch ch=4 thesis=emotional_overwhelm violations=['awareness: need>=0.650 got=0.500', 'integration: need>=0.500 got=0.000']
Exercise journey outcome mismatch ch=5 thesis=burnout_pattern violations=['awareness: need>=0.600 got=0.500', 'integration: need>=0.700 got=0.500']
Exercise journey outcome mismatch ch=6 thesis=burnout_pattern violations=['awareness: need>=0.600 got=0.500', 'integration: need>=0.700 got=0.000']
Exercise journey outcome mismatch ch=7 thesis=emotional_overwhelm violations=['awareness: need>=0.650 got=0.500', 'integration: need>=0.500 got=0.000']
Exercise journey outcome mismatch ch=8 thesis=anxiety_spike violations=['awareness: need>=0.750 got=0.500', 'regulation: need>=0.850 got=0.500']
Exercise journey outcome mismatch ch=9 thesis=unnamed_feeling violations=['awareness: need>=0.900 got=0.500']
Exercise journey outcome mismatch ch=10 thesis=anxiety_spike violations=['awareness: need>=0.750 got=0.500', 'integration: need>=0.450 got=0.000']
Exercise journey outcome mismatch ch=11 thesis=anxiety_spike violations=['awareness: need>=0.750 got=0.500']
Exercise journey outcome mismatch ch=12 thesis=unnamed_feeling violations=['awareness: need>=0.900 got=0.500']
EXERCISE: chapter 0 (topic imposter_syndrome, persona educators) drew from the shared practice_library (repeat-avoided across the book) — no per-cell registry/teacher EXERCISE atom for this slot. Fine for draft; production gate EXERCISE-BANK-RESOLUTION-01 wants per-cell coverage. (This is the 311-exercise practice_library, NOT a thin 'library_34' fallback.)
Chapter contract: chapter 12: emotional_job 'resolution' matches previous chapter — escalation contract may be weak
Chapter flow gate: FAIL (1/12 failed). Report: artifacts/qa/waystream_epub_wave1_20260714/rendered/way_stream_sanctuary__educators__imposter_syndrome__false_alarm/chapter_flow_report.json
  Ch 12: TOO_SHORT_FOR_AUDIO_FLOW, WEAK_TRANSITIONS, NO_ACTIONABLE_STEP
Register gate: WARN (F2=0, F6=0, F12=0). Report: artifacts/qa/waystream_epub_wave1_20260714/rendered/way_stream_sanctuary__educators__imposter_syndrome__false_alarm/register_gate_report.json
Bestseller craft gate (advisory): PASS — overall ONTGP score 0.47
EI V2: PASS — composite 0.66. Report: artifacts/qa/waystream_epub_wave1_20260714/rendered/way_stream_sanctuary__educators__imposter_syndrome__false_alarm/ei_v2_report.json
Editorial report: WARN — thesis drift 0 chapters, ONTGP 0.47, flow 0.00. Report: artifacts/qa/waystream_epub_wave1_20260714/rendered/way_stream_sanctuary__educators__imposter_syndrome__false_alarm/editorial_report.json
Memorable lines: 5 chapters with >=2 quotable lines / 12. Report: artifacts/qa/waystream_epub_wave1_20260714/rendered/way_stream_sanctuary__educators__imposter_syndrome__false_alarm/memorable_line_report.json
Transformation arc: PASS. Report: artifacts/qa/waystream_epub_wave1_20260714/rendered/way_stream_sanctuary__educators__imposter_syndrome__false_alarm/transformation_heatmap.json
Book pass gate: FAIL. Report: artifacts/qa/waystream_epub_wave1_20260714/rendered/way_stream_sanctuary__educators__imposter_syndrome__false_alarm/book_pass_report.json
Pearl Prime book quality gate: Reject (fail=1 hold=0) — artifacts/qa/waystream_epub_wave1_20260714/rendered/way_stream_sanctuary__educators__imposter_syndrome__false_alarm/book_quality_report.json
BLOCKED: 3 quality gate(s) failed in production mode: chapter_flow, book_pass, book_quality_gate. Use --skip-quality-gates or --quality-profile=draft to bypass.
Wrote artifacts/qa/waystream_epub_wave1_20260714/rendered/way_stream_sanctuary__educators__imposter_syndrome__false_alarm/plan.json
Rendered book (spine mode): artifacts/qa/waystream_epub_wave1_20260714/rendered/way_stream_sanctuary__educators__imposter_syndrome__false_alarm/book.txt
Book outline: artifacts/qa/waystream_epub_wave1_20260714/rendered/way_stream_sanctuary__educators__imposter_syndrome__false_alarm/book_outline.md
Quality summary: artifacts/qa/waystream_epub_wave1_20260714/rendered/way_stream_sanctuary__educators__imposter_syndrome__false_alarm/quality_summary.json
