Warning: atoms_model missing in spec; derived from config (legacy_personas) -> legacy
Template routing: anxiety×nyc_executives×standard_book → v2_somatic
Book planning layer: no pre-authored plan for anxiety x nyc_executives x standard_book (No deterministic BookStructurePlan for topic='anxiety', persona='nyc_executives', runtime='standard_book'. Expected one of: /Users/ahjan/phoenix_omega_worktrees/waystream-epub-wave1-20260714/config/plans/anxiety_nyc_executives_standard_book.yaml, /Users/ahjan/phoenix_omega_worktrees/waystream-epub-wave1-20260714/config/plans/anxiety_nyc_executives_deep_book_6h.yaml, /Users/ahjan/phoenix_omega_worktrees/waystream-epub-wave1-20260714/config/plans/anxiety_nyc_executives_6h.yaml); generating auto-plan.
Angle journey resolution: 'false_alarm' → 'PROTECTIVE_ALARM' (source=topic_angle_map, topic=anxiety).
Content bank registry unavailable: /Users/ahjan/phoenix_omega_worktrees/waystream-epub-wave1-20260714/config/content_banks/anxiety_corporate_managers_scene_recognition_bank.yaml: variant 'acmr_001' missing keys ['band', 'ei_v2_targets', 'forbidden_terms', 'frame_allowlist', 'frame_blocklist', 'intensity', 'mechanism_depth', 'ontgp_move', 'persona_allowlist', 'runtime_allowlist', 'signature_phrases', 'slot_type', 'topic_allowlist', 'topic_blocklist']
DEFECT4: dropping registry section section_01 (persona='Gen Z') — foreign to spine persona_id='nyc_executives'; falling through to persona_atom/teacher.
DEFECT4: dropping registry section section_02 (persona='Gen Z') — foreign to spine persona_id='nyc_executives'; falling through to persona_atom/teacher.
DEFECT4: dropping registry section section_03 (persona='Gen Z') — foreign to spine persona_id='nyc_executives'; falling through to persona_atom/teacher.
DEFECT4: dropping registry section section_04 (persona='Gen Z') — foreign to spine persona_id='nyc_executives'; falling through to persona_atom/teacher.
DEFECT4: dropping registry section section_05 (persona='Gen Z') — foreign to spine persona_id='nyc_executives'; falling through to persona_atom/teacher.
DEFECT4: dropping registry section section_06 (persona='Gen Z') — foreign to spine persona_id='nyc_executives'; falling through to persona_atom/teacher.
DEFECT4: dropping registry section section_07 (persona='Gen Z') — foreign to spine persona_id='nyc_executives'; falling through to persona_atom/teacher.
DEFECT4: dropping registry section section_08 (persona='Gen Z') — foreign to spine persona_id='nyc_executives'; falling through to persona_atom/teacher.
DEFECT4: dropping registry section section_09 (persona='Gen Z') — foreign to spine persona_id='nyc_executives'; falling through to persona_atom/teacher.
DEFECT4: dropping registry section section_10 (persona='Gen Z') — foreign to spine persona_id='nyc_executives'; falling through to persona_atom/teacher.
DEFECT4: dropping registry section section_01 (persona='Gen Z') — foreign to spine persona_id='nyc_executives'; falling through to persona_atom/teacher.
DEFECT4: dropping registry section section_02 (persona='Gen Z') — foreign to spine persona_id='nyc_executives'; falling through to persona_atom/teacher.
DEFECT4: dropping registry section section_03 (persona='Gen Z') — foreign to spine persona_id='nyc_executives'; falling through to persona_atom/teacher.
DEFECT4: dropping registry section section_04 (persona='Gen Z') — foreign to spine persona_id='nyc_executives'; falling through to persona_atom/teacher.
DEFECT4: dropping registry section section_05 (persona='Gen Z') — foreign to spine persona_id='nyc_executives'; falling through to persona_atom/teacher.
DEFECT4: dropping registry section section_06 (persona='Gen Z') — foreign to spine persona_id='nyc_executives'; falling through to persona_atom/teacher.
DEFECT4: dropping registry section section_07 (persona='Gen Z') — foreign to spine persona_id='nyc_executives'; falling through to persona_atom/teacher.
DEFECT4: dropping registry section section_08 (persona='Gen Z') — foreign to spine persona_id='nyc_executives'; falling through to persona_atom/teacher.
DEFECT4: dropping registry section section_09 (persona='Gen Z') — foreign to spine persona_id='nyc_executives'; falling through to persona_atom/teacher.
DEFECT4: dropping registry section section_01 (persona='Gen Z') — foreign to spine persona_id='nyc_executives'; falling through to persona_atom/teacher.
DEFECT4: dropping registry section section_02 (persona='Gen Z') — foreign to spine persona_id='nyc_executives'; falling through to persona_atom/teacher.
DEFECT4: dropping registry section section_03 (persona='Gen Z') — foreign to spine persona_id='nyc_executives'; falling through to persona_atom/teacher.
DEFECT4: dropping registry section section_04 (persona='Gen Z') — foreign to spine persona_id='nyc_executives'; falling through to persona_atom/teacher.
DEFECT4: dropping registry section section_05 (persona='Gen Z') — foreign to spine persona_id='nyc_executives'; falling through to persona_atom/teacher.
DEFECT4: dropping registry section section_06 (persona='Gen Z') — foreign to spine persona_id='nyc_executives'; falling through to persona_atom/teacher.
DEFECT4: dropping registry section section_07 (persona='Gen Z') — foreign to spine persona_id='nyc_executives'; falling through to persona_atom/teacher.
DEFECT4: dropping registry section section_08 (persona='Gen Z') — foreign to spine persona_id='nyc_executives'; falling through to persona_atom/teacher.
DEFECT4: dropping registry section section_01 (persona='Gen Z') — foreign to spine persona_id='nyc_executives'; falling through to persona_atom/teacher.
DEFECT4: dropping registry section section_02 (persona='Gen Z') — foreign to spine persona_id='nyc_executives'; falling through to persona_atom/teacher.
DEFECT4: dropping registry section section_03 (persona='Gen Z') — foreign to spine persona_id='nyc_executives'; falling through to persona_atom/teacher.
DEFECT4: dropping registry section section_04 (persona='Gen Z') — foreign to spine persona_id='nyc_executives'; falling through to persona_atom/teacher.
DEFECT4: dropping registry section section_05 (persona='Gen Z') — foreign to spine persona_id='nyc_executives'; falling through to persona_atom/teacher.
DEFECT4: dropping registry section section_06 (persona='Gen Z') — foreign to spine persona_id='nyc_executives'; falling through to persona_atom/teacher.
DEFECT4: dropping registry section section_07 (persona='Gen Z') — foreign to spine persona_id='nyc_executives'; falling through to persona_atom/teacher.
DEFECT4: dropping registry section section_01 (persona='Gen Z') — foreign to spine persona_id='nyc_executives'; falling through to persona_atom/teacher.
DEFECT4: dropping registry section section_02 (persona='Gen Z') — foreign to spine persona_id='nyc_executives'; falling through to persona_atom/teacher.
DEFECT4: dropping registry section section_03 (persona='Gen Z') — foreign to spine persona_id='nyc_executives'; falling through to persona_atom/teacher.
DEFECT4: dropping registry section section_04 (persona='Gen Z') — foreign to spine persona_id='nyc_executives'; falling through to persona_atom/teacher.
DEFECT4: dropping registry section section_05 (persona='Gen Z') — foreign to spine persona_id='nyc_executives'; falling through to persona_atom/teacher.
DEFECT4: dropping registry section section_06 (persona='Gen Z') — foreign to spine persona_id='nyc_executives'; falling through to persona_atom/teacher.
DEFECT4: dropping registry section section_07 (persona='Gen Z') — foreign to spine persona_id='nyc_executives'; falling through to persona_atom/teacher.
DEFECT4: dropping registry section section_01 (persona='Gen Z') — foreign to spine persona_id='nyc_executives'; falling through to persona_atom/teacher.
DEFECT4: dropping registry section section_02 (persona='Gen Z') — foreign to spine persona_id='nyc_executives'; falling through to persona_atom/teacher.
DEFECT4: dropping registry section section_03 (persona='Gen Z') — foreign to spine persona_id='nyc_executives'; falling through to persona_atom/teacher.
DEFECT4: dropping registry section section_04 (persona='Gen Z') — foreign to spine persona_id='nyc_executives'; falling through to persona_atom/teacher.
DEFECT4: dropping registry section section_05 (persona='Gen Z') — foreign to spine persona_id='nyc_executives'; falling through to persona_atom/teacher.
DEFECT4: dropping registry section section_06 (persona='Gen Z') — foreign to spine persona_id='nyc_executives'; falling through to persona_atom/teacher.
DEFECT4: dropping registry section section_07 (persona='Gen Z') — foreign to spine persona_id='nyc_executives'; falling through to persona_atom/teacher.
DEFECT4: dropping registry section section_01 (persona='Gen Z') — foreign to spine persona_id='nyc_executives'; falling through to persona_atom/teacher.
DEFECT4: dropping registry section section_02 (persona='Gen Z') — foreign to spine persona_id='nyc_executives'; falling through to persona_atom/teacher.
DEFECT4: dropping registry section section_03 (persona='Gen Z') — foreign to spine persona_id='nyc_executives'; falling through to persona_atom/teacher.
DEFECT4: dropping registry section section_04 (persona='Gen Z') — foreign to spine persona_id='nyc_executives'; falling through to persona_atom/teacher.
DEFECT4: dropping registry section section_05 (persona='Gen Z') — foreign to spine persona_id='nyc_executives'; falling through to persona_atom/teacher.
DEFECT4: dropping registry section section_06 (persona='Gen Z') — foreign to spine persona_id='nyc_executives'; falling through to persona_atom/teacher.
DEFECT4: dropping registry section section_07 (persona='Gen Z') — foreign to spine persona_id='nyc_executives'; falling through to persona_atom/teacher.
DEFECT4: dropping registry section section_01 (persona='Gen Z') — foreign to spine persona_id='nyc_executives'; falling through to persona_atom/teacher.
DEFECT4: dropping registry section section_02 (persona='Gen Z') — foreign to spine persona_id='nyc_executives'; falling through to persona_atom/teacher.
DEFECT4: dropping registry section section_03 (persona='Gen Z') — foreign to spine persona_id='nyc_executives'; falling through to persona_atom/teacher.
DEFECT4: dropping registry section section_04 (persona='Gen Z') — foreign to spine persona_id='nyc_executives'; falling through to persona_atom/teacher.
DEFECT4: dropping registry section section_05 (persona='Gen Z') — foreign to spine persona_id='nyc_executives'; falling through to persona_atom/teacher.
DEFECT4: dropping registry section section_06 (persona='Gen Z') — foreign to spine persona_id='nyc_executives'; falling through to persona_atom/teacher.
DEFECT4: dropping registry section section_07 (persona='Gen Z') — foreign to spine persona_id='nyc_executives'; falling through to persona_atom/teacher.
DEFECT4: dropping registry section section_01 (persona='Gen Z') — foreign to spine persona_id='nyc_executives'; falling through to persona_atom/teacher.
DEFECT4: dropping registry section section_02 (persona='Gen Z') — foreign to spine persona_id='nyc_executives'; falling through to persona_atom/teacher.
DEFECT4: dropping registry section section_03 (persona='Gen Z') — foreign to spine persona_id='nyc_executives'; falling through to persona_atom/teacher.
DEFECT4: dropping registry section section_04 (persona='Gen Z') — foreign to spine persona_id='nyc_executives'; falling through to persona_atom/teacher.
DEFECT4: dropping registry section section_05 (persona='Gen Z') — foreign to spine persona_id='nyc_executives'; falling through to persona_atom/teacher.
DEFECT4: dropping registry section section_06 (persona='Gen Z') — foreign to spine persona_id='nyc_executives'; falling through to persona_atom/teacher.
DEFECT4: dropping registry section section_07 (persona='Gen Z') — foreign to spine persona_id='nyc_executives'; falling through to persona_atom/teacher.
DEFECT4: dropping registry section section_01 (persona='Gen Z') — foreign to spine persona_id='nyc_executives'; falling through to persona_atom/teacher.
DEFECT4: dropping registry section section_02 (persona='Gen Z') — foreign to spine persona_id='nyc_executives'; falling through to persona_atom/teacher.
DEFECT4: dropping registry section section_03 (persona='Gen Z') — foreign to spine persona_id='nyc_executives'; falling through to persona_atom/teacher.
DEFECT4: dropping registry section section_04 (persona='Gen Z') — foreign to spine persona_id='nyc_executives'; falling through to persona_atom/teacher.
DEFECT4: dropping registry section section_05 (persona='Gen Z') — foreign to spine persona_id='nyc_executives'; falling through to persona_atom/teacher.
DEFECT4: dropping registry section section_06 (persona='Gen Z') — foreign to spine persona_id='nyc_executives'; falling through to persona_atom/teacher.
DEFECT4: dropping registry section section_07 (persona='Gen Z') — foreign to spine persona_id='nyc_executives'; falling through to persona_atom/teacher.
DEFECT4: dropping registry section section_01 (persona='Gen Z') — foreign to spine persona_id='nyc_executives'; falling through to persona_atom/teacher.
DEFECT4: dropping registry section section_02 (persona='Gen Z') — foreign to spine persona_id='nyc_executives'; falling through to persona_atom/teacher.
DEFECT4: dropping registry section section_03 (persona='Gen Z') — foreign to spine persona_id='nyc_executives'; falling through to persona_atom/teacher.
DEFECT4: dropping registry section section_04 (persona='Gen Z') — foreign to spine persona_id='nyc_executives'; falling through to persona_atom/teacher.
DEFECT4: dropping registry section section_05 (persona='Gen Z') — foreign to spine persona_id='nyc_executives'; falling through to persona_atom/teacher.
DEFECT4: dropping registry section section_06 (persona='Gen Z') — foreign to spine persona_id='nyc_executives'; falling through to persona_atom/teacher.
DEFECT4: dropping registry section section_07 (persona='Gen Z') — foreign to spine persona_id='nyc_executives'; falling through to persona_atom/teacher.
DEFECT4: dropping registry section section_01 (persona='Gen Z') — foreign to spine persona_id='nyc_executives'; falling through to persona_atom/teacher.
DEFECT4: dropping registry section section_02 (persona='Gen Z') — foreign to spine persona_id='nyc_executives'; falling through to persona_atom/teacher.
DEFECT4: dropping registry section section_03 (persona='Gen Z') — foreign to spine persona_id='nyc_executives'; falling through to persona_atom/teacher.
DEFECT4: dropping registry section section_04 (persona='Gen Z') — foreign to spine persona_id='nyc_executives'; falling through to persona_atom/teacher.
DEFECT4: dropping registry section section_05 (persona='Gen Z') — foreign to spine persona_id='nyc_executives'; falling through to persona_atom/teacher.
DEFECT4: dropping registry section section_06 (persona='Gen Z') — foreign to spine persona_id='nyc_executives'; falling through to persona_atom/teacher.
DEFECT4: dropping registry section section_07 (persona='Gen Z') — foreign to spine persona_id='nyc_executives'; falling through to persona_atom/teacher.
[enrichment_per_section] no ARC blocks parsed from /Users/ahjan/phoenix_omega_worktrees/waystream-epub-wave1-20260714/atoms/nyc_executives/anxiety/HOOK/CANONICAL.txt; falling back to legacy prose-chunk path (degraded). Consider authoring story_atoms/ or restructuring this file with ## ARC_POSITION vNN headers.
[enrichment_per_section] no ARC blocks parsed from /Users/ahjan/phoenix_omega_worktrees/waystream-epub-wave1-20260714/atoms/nyc_executives/anxiety/SCENE/CANONICAL.txt; falling back to legacy prose-chunk path (degraded). Consider authoring story_atoms/ or restructuring this file with ## ARC_POSITION vNN headers.
DEFECT4: skipping depth registry section section_01 (persona='Gen Z') — foreign to spine persona_id='nyc_executives'.
DEFECT4: skipping depth registry section section_02 (persona='Gen Z') — foreign to spine persona_id='nyc_executives'.
DEFECT4: skipping depth registry section section_03 (persona='Gen Z') — foreign to spine persona_id='nyc_executives'.
DEFECT4: skipping depth registry section section_04 (persona='Gen Z') — foreign to spine persona_id='nyc_executives'.
[enrichment_per_section] no ARC blocks parsed from /Users/ahjan/phoenix_omega_worktrees/waystream-epub-wave1-20260714/atoms/nyc_executives/anxiety/STORY/CANONICAL.txt; falling back to legacy prose-chunk path (degraded). Consider authoring story_atoms/ or restructuring this file with ## ARC_POSITION vNN headers.
[enrichment_per_section] no ARC blocks parsed from /Users/ahjan/phoenix_omega_worktrees/waystream-epub-wave1-20260714/atoms/nyc_executives/anxiety/SCENE/CANONICAL.txt; falling back to legacy prose-chunk path (degraded). Consider authoring story_atoms/ or restructuring this file with ## ARC_POSITION vNN headers.
DEFECT4: skipping depth registry section section_01 (persona='Gen Z') — foreign to spine persona_id='nyc_executives'.
DEFECT4: skipping depth registry section section_02 (persona='Gen Z') — foreign to spine persona_id='nyc_executives'.
DEFECT4: skipping depth registry section section_03 (persona='Gen Z') — foreign to spine persona_id='nyc_executives'.
DEFECT4: skipping depth registry section section_04 (persona='Gen Z') — foreign to spine persona_id='nyc_executives'.
[enrichment_per_section] no ARC blocks parsed from /Users/ahjan/phoenix_omega_worktrees/waystream-epub-wave1-20260714/atoms/nyc_executives/anxiety/HOOK/CANONICAL.txt; falling back to legacy prose-chunk path (degraded). Consider authoring story_atoms/ or restructuring this file with ## ARC_POSITION vNN headers.
[enrichment_per_section] no ARC blocks parsed from /Users/ahjan/phoenix_omega_worktrees/waystream-epub-wave1-20260714/atoms/nyc_executives/anxiety/SCENE/CANONICAL.txt; falling back to legacy prose-chunk path (degraded). Consider authoring story_atoms/ or restructuring this file with ## ARC_POSITION vNN headers.
Exercise journey outcome mismatch ch=1 thesis=emotional_overwhelm violations=['awareness: need>=0.650 got=0.500']
Exercise journey outcome mismatch ch=2 thesis=anxiety_spike violations=['awareness: need>=0.750 got=0.500', 'regulation: need>=0.850 got=0.500']
Exercise journey outcome mismatch ch=3 thesis=emotional_overwhelm violations=['awareness: need>=0.650 got=0.500', 'integration: need>=0.500 got=0.000']
Exercise journey outcome mismatch ch=4 thesis=emotional_overwhelm violations=['awareness: need>=0.650 got=0.500']
Exercise journey outcome mismatch ch=5 thesis=unnamed_feeling violations=['awareness: need>=0.900 got=0.500', 'integration: need>=0.400 got=0.000']
Exercise journey outcome mismatch ch=6 thesis=emotional_overwhelm violations=['awareness: need>=0.650 got=0.500', 'integration: need>=0.500 got=0.000']
Exercise journey outcome mismatch ch=7 thesis=unnamed_feeling violations=['awareness: need>=0.900 got=0.500']
Exercise journey outcome mismatch ch=8 thesis=emotional_overwhelm violations=['awareness: need>=0.650 got=0.500']
Exercise journey outcome mismatch ch=9 thesis=anxiety_spike violations=['awareness: need>=0.750 got=0.500', 'integration: need>=0.450 got=0.000']
Exercise journey outcome mismatch ch=10 thesis=anxiety_spike violations=['awareness: need>=0.750 got=0.500', 'regulation: need>=0.850 got=0.500']
Exercise journey outcome mismatch ch=11 thesis=anxiety_spike violations=['awareness: need>=0.750 got=0.500', 'integration: need>=0.450 got=0.000']
Exercise journey outcome mismatch ch=12 thesis=anxiety_spike violations=['awareness: need>=0.750 got=0.500', 'integration: need>=0.450 got=0.000']
Chapter contract: chapter 12: emotional_job 'resolution' matches previous chapter — escalation contract may be weak
EXERCISE: chapter 11 (topic anxiety, persona nyc_executives) drew from the shared practice_library (repeat-avoided across the book) — no per-cell registry/teacher EXERCISE atom for this slot. Fine for draft; production gate EXERCISE-BANK-RESOLUTION-01 wants per-cell coverage. (This is the 311-exercise practice_library, NOT a thin 'library_34' fallback.)
Scene anchor density reducer: trimmed 1 over-cap phrase occurrence group(s) (cap 3/chapter).
Chapter flow gate: PASS (0/12 failed). Report: artifacts/qa/waystream_epub_wave1_20260714/rendered/way_stream_sanctuary__nyc_executives__anxiety__false_alarm/chapter_flow_report.json
Register gate: WARN (F2=0, F6=0, F12=0). Report: artifacts/qa/waystream_epub_wave1_20260714/rendered/way_stream_sanctuary__nyc_executives__anxiety__false_alarm/register_gate_report.json
Bestseller craft gate (advisory): PASS — overall ONTGP score 0.59
EI V2: PASS — composite 0.67. Report: artifacts/qa/waystream_epub_wave1_20260714/rendered/way_stream_sanctuary__nyc_executives__anxiety__false_alarm/ei_v2_report.json
Editorial report: WARN — thesis drift 0 chapters, ONTGP 0.59, flow 1.00. Report: artifacts/qa/waystream_epub_wave1_20260714/rendered/way_stream_sanctuary__nyc_executives__anxiety__false_alarm/editorial_report.json
Memorable lines: 7 chapters with >=2 quotable lines / 12. Report: artifacts/qa/waystream_epub_wave1_20260714/rendered/way_stream_sanctuary__nyc_executives__anxiety__false_alarm/memorable_line_report.json
Transformation arc: PASS. Report: artifacts/qa/waystream_epub_wave1_20260714/rendered/way_stream_sanctuary__nyc_executives__anxiety__false_alarm/transformation_heatmap.json
Book pass gate: PASS. Report: artifacts/qa/waystream_epub_wave1_20260714/rendered/way_stream_sanctuary__nyc_executives__anxiety__false_alarm/book_pass_report.json
Pearl Prime book quality gate: Pass (fail=0 hold=0) — artifacts/qa/waystream_epub_wave1_20260714/rendered/way_stream_sanctuary__nyc_executives__anxiety__false_alarm/book_quality_report.json
Wrote artifacts/qa/waystream_epub_wave1_20260714/rendered/way_stream_sanctuary__nyc_executives__anxiety__false_alarm/plan.json
Rendered book (spine mode): artifacts/qa/waystream_epub_wave1_20260714/rendered/way_stream_sanctuary__nyc_executives__anxiety__false_alarm/book.txt
Book outline: artifacts/qa/waystream_epub_wave1_20260714/rendered/way_stream_sanctuary__nyc_executives__anxiety__false_alarm/book_outline.md
Quality summary: artifacts/qa/waystream_epub_wave1_20260714/rendered/way_stream_sanctuary__nyc_executives__anxiety__false_alarm/quality_summary.json
