[translate:ja-JP/climate/miki] rc=0
[1/1] ja-JP/climate/miki OK (0.0s)

Translated 1 pairs, failed 0 (dry-run)

INFO translate_atoms [DRY RUN] Would translate 3 atoms for miki/climate -> ja-JP

[translate:ja-JP/climate/ahjan] rc=0
[1/1] ja-JP/climate/ahjan OK (0.0s)

Translated 1 pairs, failed 0 (dry-run)

INFO translate_atoms [DRY RUN] Would translate 3 atoms for ahjan/climate -> ja-JP

[translate:zh-CN/climate/ahjan] rc=0
[1/1] zh-CN/climate/ahjan OK (0.0s)

Translated 1 pairs, failed 0 (dry-run)

INFO translate_atoms [DRY RUN] Would translate 3 atoms for ahjan/climate -> zh-CN

[translate:ja-JP/climate/maat] rc=0
[1/1] ja-JP/climate/maat OK (0.0s)

Translated 1 pairs, failed 0 (dry-run)

INFO translate_atoms [DRY RUN] Would translate 3 atoms for maat/climate -> ja-JP

[translate:zh-CN/climate/miki] rc=0
[1/1] zh-CN/climate/miki OK (0.0s)

Translated 1 pairs, failed 0 (dry-run)

INFO translate_atoms [DRY RUN] Would translate 3 atoms for miki/climate -> zh-CN

[translate:zh-TW/climate/miki] rc=0
[1/1] zh-TW/climate/miki OK (0.0s)

Translated 1 pairs, failed 0 (dry-run)

INFO translate_atoms [DRY RUN] Would translate 3 atoms for miki/climate -> zh-TW

[translate:zh-CN/climate/maat] rc=0
[1/1] zh-CN/climate/maat OK (0.0s)

Translated 1 pairs, failed 0 (dry-run)

INFO translate_atoms [DRY RUN] Would translate 3 atoms for maat/climate -> zh-CN

[translate:zh-TW/climate/ahjan] rc=0
[1/1] zh-TW/climate/ahjan OK (0.0s)

Translated 1 pairs, failed 0 (dry-run)

INFO translate_atoms [DRY RUN] Would translate 3 atoms for ahjan/climate -> zh-TW

[translate:zh-HK/climate/ahjan] rc=0
[1/1] zh-HK/climate/ahjan OK (0.0s)

Translated 1 pairs, failed 0 (dry-run)

INFO translate_atoms [DRY RUN] Would translate 3 atoms for ahjan/climate -> zh-HK

[translate:zh-TW/climate/maat] rc=0
[1/1] zh-TW/climate/maat OK (0.0s)

Translated 1 pairs, failed 0 (dry-run)

INFO translate_atoms [DRY RUN] Would translate 3 atoms for maat/climate -> zh-TW

[translate:zh-HK/climate/miki] rc=0
[1/1] zh-HK/climate/miki OK (0.0s)

Translated 1 pairs, failed 0 (dry-run)

INFO translate_atoms [DRY RUN] Would translate 3 atoms for miki/climate -> zh-HK

[translate:zh-HK/climate/maat] rc=0
[1/1] zh-HK/climate/maat OK (0.0s)

Translated 1 pairs, failed 0 (dry-run)

INFO translate_atoms [DRY RUN] Would translate 3 atoms for maat/climate -> zh-HK

[translate:zh-SG/climate/ahjan] rc=0
[1/1] zh-SG/climate/ahjan OK (0.0s)

Translated 1 pairs, failed 0 (dry-run)

INFO translate_atoms [DRY RUN] Would translate 3 atoms for ahjan/climate -> zh-SG

[translate:zh-SG/climate/miki] rc=0
[1/1] zh-SG/climate/miki OK (0.0s)

Translated 1 pairs, failed 0 (dry-run)

INFO translate_atoms [DRY RUN] Would translate 3 atoms for miki/climate -> zh-SG

[translate:zh-SG/climate/maat] rc=0
[1/1] zh-SG/climate/maat OK (0.0s)

Translated 1 pairs, failed 0 (dry-run)

INFO translate_atoms [DRY RUN] Would translate 3 atoms for maat/climate -> zh-SG

[translate:ko-KR/climate/ahjan] rc=0
[1/1] ko-KR/climate/ahjan OK (0.0s)

Translated 1 pairs, failed 0 (dry-run)

INFO translate_atoms [DRY RUN] Would translate 3 atoms for ahjan/climate -> ko-KR

[translate:ko-KR/climate/maat] rc=0
[1/1] ko-KR/climate/maat OK (0.0s)

Translated 1 pairs, failed 0 (dry-run)

INFO translate_atoms [DRY RUN] Would translate 3 atoms for maat/climate -> ko-KR

[translate:ko-KR/climate/miki] rc=0
[1/1] ko-KR/climate/miki OK (0.0s)

Translated 1 pairs, failed 0 (dry-run)

INFO translate_atoms [DRY RUN] Would translate 3 atoms for miki/climate -> ko-KR
