WARNING: --no-job-check: pipeline job enforcement disabled (CI/testing only).
Template routing: anxiety×educators×standard_book → spine_only (no template overlay)
Book planning layer: no pre-authored plan for anxiety x educators x standard_book (No deterministic BookStructurePlan for topic='anxiety', persona='educators', runtime='standard_book'. Expected one of: /Users/ahjan/phoenix_omega/config/plans/anxiety_educators_standard_book.yaml, /Users/ahjan/phoenix_omega/config/plans/anxiety_educators_deep_book_6h.yaml, /Users/ahjan/phoenix_omega/config/plans/anxiety_educators_6h.yaml); generating auto-plan.
Content bank registry unavailable: /Users/ahjan/phoenix_omega/config/content_banks/anxiety_corporate_managers_scene_recognition_bank.yaml: variant 'acmr_001' missing keys ['band', 'ei_v2_targets', 'forbidden_terms', 'frame_allowlist', 'frame_blocklist', 'intensity', 'mechanism_depth', 'ontgp_move', 'persona_allowlist', 'runtime_allowlist', 'signature_phrases', 'slot_type', 'topic_allowlist', 'topic_blocklist']
DEFECT4: dropping registry section section_01 (persona='Gen Z') — foreign to spine persona_id='educators'; falling through to persona_atom/teacher.
DEFECT4: dropping registry section section_02 (persona='Gen Z') — foreign to spine persona_id='educators'; falling through to persona_atom/teacher.
DEFECT4: dropping registry section section_03 (persona='Gen Z') — foreign to spine persona_id='educators'; falling through to persona_atom/teacher.
DEFECT4: dropping registry section section_04 (persona='Gen Z') — foreign to spine persona_id='educators'; falling through to persona_atom/teacher.
DEFECT4: dropping registry section section_05 (persona='Gen Z') — foreign to spine persona_id='educators'; falling through to persona_atom/teacher.
DEFECT4: dropping registry section section_06 (persona='Gen Z') — foreign to spine persona_id='educators'; falling through to persona_atom/teacher.
DEFECT4: dropping registry section section_07 (persona='Gen Z') — foreign to spine persona_id='educators'; falling through to persona_atom/teacher.
DEFECT4: dropping registry section section_08 (persona='Gen Z') — foreign to spine persona_id='educators'; falling through to persona_atom/teacher.
DEFECT4: dropping registry section section_09 (persona='Gen Z') — foreign to spine persona_id='educators'; falling through to persona_atom/teacher.
DEFECT4: dropping registry section section_10 (persona='Gen Z') — foreign to spine persona_id='educators'; falling through to persona_atom/teacher.
DEFECT4: dropping registry section section_01 (persona='Gen Z') — foreign to spine persona_id='educators'; falling through to persona_atom/teacher.
DEFECT4: dropping registry section section_02 (persona='Gen Z') — foreign to spine persona_id='educators'; falling through to persona_atom/teacher.
DEFECT4: dropping registry section section_03 (persona='Gen Z') — foreign to spine persona_id='educators'; falling through to persona_atom/teacher.
DEFECT4: dropping registry section section_04 (persona='Gen Z') — foreign to spine persona_id='educators'; falling through to persona_atom/teacher.
DEFECT4: dropping registry section section_05 (persona='Gen Z') — foreign to spine persona_id='educators'; falling through to persona_atom/teacher.
DEFECT4: dropping registry section section_06 (persona='Gen Z') — foreign to spine persona_id='educators'; falling through to persona_atom/teacher.
DEFECT4: dropping registry section section_07 (persona='Gen Z') — foreign to spine persona_id='educators'; falling through to persona_atom/teacher.
DEFECT4: dropping registry section section_08 (persona='Gen Z') — foreign to spine persona_id='educators'; falling through to persona_atom/teacher.
DEFECT4: dropping registry section section_09 (persona='Gen Z') — foreign to spine persona_id='educators'; falling through to persona_atom/teacher.
DEFECT4: dropping registry section section_01 (persona='Gen Z') — foreign to spine persona_id='educators'; falling through to persona_atom/teacher.
DEFECT4: dropping registry section section_02 (persona='Gen Z') — foreign to spine persona_id='educators'; falling through to persona_atom/teacher.
DEFECT4: dropping registry section section_03 (persona='Gen Z') — foreign to spine persona_id='educators'; falling through to persona_atom/teacher.
DEFECT4: dropping registry section section_04 (persona='Gen Z') — foreign to spine persona_id='educators'; falling through to persona_atom/teacher.
DEFECT4: dropping registry section section_05 (persona='Gen Z') — foreign to spine persona_id='educators'; falling through to persona_atom/teacher.
DEFECT4: dropping registry section section_06 (persona='Gen Z') — foreign to spine persona_id='educators'; falling through to persona_atom/teacher.
DEFECT4: dropping registry section section_07 (persona='Gen Z') — foreign to spine persona_id='educators'; falling through to persona_atom/teacher.
DEFECT4: dropping registry section section_08 (persona='Gen Z') — foreign to spine persona_id='educators'; falling through to persona_atom/teacher.
DEFECT4: dropping registry section section_01 (persona='Gen Z') — foreign to spine persona_id='educators'; falling through to persona_atom/teacher.
DEFECT4: dropping registry section section_02 (persona='Gen Z') — foreign to spine persona_id='educators'; falling through to persona_atom/teacher.
DEFECT4: dropping registry section section_03 (persona='Gen Z') — foreign to spine persona_id='educators'; falling through to persona_atom/teacher.
DEFECT4: dropping registry section section_04 (persona='Gen Z') — foreign to spine persona_id='educators'; falling through to persona_atom/teacher.
DEFECT4: dropping registry section section_05 (persona='Gen Z') — foreign to spine persona_id='educators'; falling through to persona_atom/teacher.
DEFECT4: dropping registry section section_06 (persona='Gen Z') — foreign to spine persona_id='educators'; falling through to persona_atom/teacher.
DEFECT4: dropping registry section section_07 (persona='Gen Z') — foreign to spine persona_id='educators'; falling through to persona_atom/teacher.
DEFECT4: dropping registry section section_01 (persona='Gen Z') — foreign to spine persona_id='educators'; falling through to persona_atom/teacher.
DEFECT4: dropping registry section section_02 (persona='Gen Z') — foreign to spine persona_id='educators'; falling through to persona_atom/teacher.
DEFECT4: dropping registry section section_03 (persona='Gen Z') — foreign to spine persona_id='educators'; falling through to persona_atom/teacher.
DEFECT4: dropping registry section section_04 (persona='Gen Z') — foreign to spine persona_id='educators'; falling through to persona_atom/teacher.
DEFECT4: dropping registry section section_05 (persona='Gen Z') — foreign to spine persona_id='educators'; falling through to persona_atom/teacher.
DEFECT4: dropping registry section section_06 (persona='Gen Z') — foreign to spine persona_id='educators'; falling through to persona_atom/teacher.
DEFECT4: dropping registry section section_07 (persona='Gen Z') — foreign to spine persona_id='educators'; falling through to persona_atom/teacher.
DEFECT4: dropping registry section section_01 (persona='Gen Z') — foreign to spine persona_id='educators'; falling through to persona_atom/teacher.
DEFECT4: dropping registry section section_02 (persona='Gen Z') — foreign to spine persona_id='educators'; falling through to persona_atom/teacher.
DEFECT4: dropping registry section section_03 (persona='Gen Z') — foreign to spine persona_id='educators'; falling through to persona_atom/teacher.
DEFECT4: dropping registry section section_04 (persona='Gen Z') — foreign to spine persona_id='educators'; falling through to persona_atom/teacher.
DEFECT4: dropping registry section section_05 (persona='Gen Z') — foreign to spine persona_id='educators'; falling through to persona_atom/teacher.
DEFECT4: dropping registry section section_06 (persona='Gen Z') — foreign to spine persona_id='educators'; falling through to persona_atom/teacher.
DEFECT4: dropping registry section section_07 (persona='Gen Z') — foreign to spine persona_id='educators'; falling through to persona_atom/teacher.
DEFECT4: dropping registry section section_01 (persona='Gen Z') — foreign to spine persona_id='educators'; falling through to persona_atom/teacher.
DEFECT4: dropping registry section section_02 (persona='Gen Z') — foreign to spine persona_id='educators'; falling through to persona_atom/teacher.
DEFECT4: dropping registry section section_03 (persona='Gen Z') — foreign to spine persona_id='educators'; falling through to persona_atom/teacher.
DEFECT4: dropping registry section section_04 (persona='Gen Z') — foreign to spine persona_id='educators'; falling through to persona_atom/teacher.
DEFECT4: dropping registry section section_05 (persona='Gen Z') — foreign to spine persona_id='educators'; falling through to persona_atom/teacher.
DEFECT4: dropping registry section section_06 (persona='Gen Z') — foreign to spine persona_id='educators'; falling through to persona_atom/teacher.
DEFECT4: dropping registry section section_07 (persona='Gen Z') — foreign to spine persona_id='educators'; falling through to persona_atom/teacher.
DEFECT4: dropping registry section section_01 (persona='Gen Z') — foreign to spine persona_id='educators'; falling through to persona_atom/teacher.
DEFECT4: dropping registry section section_02 (persona='Gen Z') — foreign to spine persona_id='educators'; falling through to persona_atom/teacher.
DEFECT4: dropping registry section section_03 (persona='Gen Z') — foreign to spine persona_id='educators'; falling through to persona_atom/teacher.
DEFECT4: dropping registry section section_04 (persona='Gen Z') — foreign to spine persona_id='educators'; falling through to persona_atom/teacher.
DEFECT4: dropping registry section section_05 (persona='Gen Z') — foreign to spine persona_id='educators'; falling through to persona_atom/teacher.
DEFECT4: dropping registry section section_06 (persona='Gen Z') — foreign to spine persona_id='educators'; falling through to persona_atom/teacher.
DEFECT4: dropping registry section section_07 (persona='Gen Z') — foreign to spine persona_id='educators'; falling through to persona_atom/teacher.
DEFECT4: dropping registry section section_01 (persona='Gen Z') — foreign to spine persona_id='educators'; falling through to persona_atom/teacher.
DEFECT4: dropping registry section section_02 (persona='Gen Z') — foreign to spine persona_id='educators'; falling through to persona_atom/teacher.
DEFECT4: dropping registry section section_03 (persona='Gen Z') — foreign to spine persona_id='educators'; falling through to persona_atom/teacher.
DEFECT4: dropping registry section section_04 (persona='Gen Z') — foreign to spine persona_id='educators'; falling through to persona_atom/teacher.
DEFECT4: dropping registry section section_05 (persona='Gen Z') — foreign to spine persona_id='educators'; falling through to persona_atom/teacher.
DEFECT4: dropping registry section section_06 (persona='Gen Z') — foreign to spine persona_id='educators'; falling through to persona_atom/teacher.
DEFECT4: dropping registry section section_07 (persona='Gen Z') — foreign to spine persona_id='educators'; falling through to persona_atom/teacher.
DEFECT4: dropping registry section section_01 (persona='Gen Z') — foreign to spine persona_id='educators'; falling through to persona_atom/teacher.
DEFECT4: dropping registry section section_02 (persona='Gen Z') — foreign to spine persona_id='educators'; falling through to persona_atom/teacher.
DEFECT4: dropping registry section section_03 (persona='Gen Z') — foreign to spine persona_id='educators'; falling through to persona_atom/teacher.
DEFECT4: dropping registry section section_04 (persona='Gen Z') — foreign to spine persona_id='educators'; falling through to persona_atom/teacher.
DEFECT4: dropping registry section section_05 (persona='Gen Z') — foreign to spine persona_id='educators'; falling through to persona_atom/teacher.
DEFECT4: dropping registry section section_06 (persona='Gen Z') — foreign to spine persona_id='educators'; falling through to persona_atom/teacher.
DEFECT4: dropping registry section section_07 (persona='Gen Z') — foreign to spine persona_id='educators'; falling through to persona_atom/teacher.
DEFECT4: dropping registry section section_01 (persona='Gen Z') — foreign to spine persona_id='educators'; falling through to persona_atom/teacher.
DEFECT4: dropping registry section section_02 (persona='Gen Z') — foreign to spine persona_id='educators'; falling through to persona_atom/teacher.
DEFECT4: dropping registry section section_03 (persona='Gen Z') — foreign to spine persona_id='educators'; falling through to persona_atom/teacher.
DEFECT4: dropping registry section section_04 (persona='Gen Z') — foreign to spine persona_id='educators'; falling through to persona_atom/teacher.
DEFECT4: dropping registry section section_05 (persona='Gen Z') — foreign to spine persona_id='educators'; falling through to persona_atom/teacher.
DEFECT4: dropping registry section section_06 (persona='Gen Z') — foreign to spine persona_id='educators'; falling through to persona_atom/teacher.
DEFECT4: dropping registry section section_07 (persona='Gen Z') — foreign to spine persona_id='educators'; falling through to persona_atom/teacher.
DEFECT4: dropping registry section section_01 (persona='Gen Z') — foreign to spine persona_id='educators'; falling through to persona_atom/teacher.
DEFECT4: dropping registry section section_02 (persona='Gen Z') — foreign to spine persona_id='educators'; falling through to persona_atom/teacher.
DEFECT4: dropping registry section section_03 (persona='Gen Z') — foreign to spine persona_id='educators'; falling through to persona_atom/teacher.
DEFECT4: dropping registry section section_04 (persona='Gen Z') — foreign to spine persona_id='educators'; falling through to persona_atom/teacher.
DEFECT4: dropping registry section section_05 (persona='Gen Z') — foreign to spine persona_id='educators'; falling through to persona_atom/teacher.
DEFECT4: dropping registry section section_06 (persona='Gen Z') — foreign to spine persona_id='educators'; falling through to persona_atom/teacher.
DEFECT4: dropping registry section section_07 (persona='Gen Z') — foreign to spine persona_id='educators'; falling through to persona_atom/teacher.
[enrichment_per_section] no ARC blocks parsed from /Users/ahjan/phoenix_omega/atoms/educators/anxiety/HOOK/CANONICAL.txt; falling back to legacy prose-chunk path (degraded). Consider authoring story_atoms/ or restructuring this file with ## ARC_POSITION vNN headers.
DEFECT4: skipping depth registry section section_01 (persona='Gen Z') — foreign to spine persona_id='educators'.
DEFECT4: skipping depth registry section section_02 (persona='Gen Z') — foreign to spine persona_id='educators'.
DEFECT4: skipping depth registry section section_03 (persona='Gen Z') — foreign to spine persona_id='educators'.
DEFECT4: skipping depth registry section section_04 (persona='Gen Z') — foreign to spine persona_id='educators'.
[enrichment_per_section] no ARC blocks parsed from /Users/ahjan/phoenix_omega/atoms/educators/anxiety/STORY/CANONICAL.txt; falling back to legacy prose-chunk path (degraded). Consider authoring story_atoms/ or restructuring this file with ## ARC_POSITION vNN headers.
[enrichment_per_section] no ARC blocks parsed from /Users/ahjan/phoenix_omega/atoms/educators/anxiety/HOOK/CANONICAL.txt; falling back to legacy prose-chunk path (degraded). Consider authoring story_atoms/ or restructuring this file with ## ARC_POSITION vNN headers.
DEFECT4: skipping depth registry section section_01 (persona='Gen Z') — foreign to spine persona_id='educators'.
DEFECT4: skipping depth registry section section_02 (persona='Gen Z') — foreign to spine persona_id='educators'.
[enrichment_per_section] no ARC blocks parsed from /Users/ahjan/phoenix_omega/atoms/educators/anxiety/STORY/CANONICAL.txt; falling back to legacy prose-chunk path (degraded). Consider authoring story_atoms/ or restructuring this file with ## ARC_POSITION vNN headers.
[enrichment_per_section] no ARC blocks parsed from /Users/ahjan/phoenix_omega/atoms/educators/anxiety/HOOK/CANONICAL.txt; falling back to legacy prose-chunk path (degraded). Consider authoring story_atoms/ or restructuring this file with ## ARC_POSITION vNN headers.
DEFECT4: skipping depth registry section section_01 (persona='Gen Z') — foreign to spine persona_id='educators'.
DEFECT4: skipping depth registry section section_02 (persona='Gen Z') — foreign to spine persona_id='educators'.
[enrichment_per_section] no ARC blocks parsed from /Users/ahjan/phoenix_omega/atoms/educators/anxiety/STORY/CANONICAL.txt; falling back to legacy prose-chunk path (degraded). Consider authoring story_atoms/ or restructuring this file with ## ARC_POSITION vNN headers.
[enrichment_per_section] no ARC blocks parsed from /Users/ahjan/phoenix_omega/atoms/educators/anxiety/STORY/CANONICAL.txt; falling back to legacy prose-chunk path (degraded). Consider authoring story_atoms/ or restructuring this file with ## ARC_POSITION vNN headers.
DEFECT4: skipping depth registry section section_03 (persona='Gen Z') — foreign to spine persona_id='educators'.
DEFECT4: skipping depth registry section section_04 (persona='Gen Z') — foreign to spine persona_id='educators'.
DEFECT4: skipping depth registry section section_05 (persona='Gen Z') — foreign to spine persona_id='educators'.
DEFECT4: skipping depth registry section section_06 (persona='Gen Z') — foreign to spine persona_id='educators'.
[enrichment_per_section] no ARC blocks parsed from /Users/ahjan/phoenix_omega/atoms/educators/anxiety/STORY/CANONICAL.txt; falling back to legacy prose-chunk path (degraded). Consider authoring story_atoms/ or restructuring this file with ## ARC_POSITION vNN headers.
DEFECT4: skipping depth registry section section_03 (persona='Gen Z') — foreign to spine persona_id='educators'.
DEFECT4: skipping depth registry section section_04 (persona='Gen Z') — foreign to spine persona_id='educators'.
DEFECT4: skipping depth registry section section_05 (persona='Gen Z') — foreign to spine persona_id='educators'.
DEFECT4: skipping depth registry section section_06 (persona='Gen Z') — foreign to spine persona_id='educators'.
[enrichment_per_section] no ARC blocks parsed from /Users/ahjan/phoenix_omega/atoms/educators/anxiety/STORY/CANONICAL.txt; falling back to legacy prose-chunk path (degraded). Consider authoring story_atoms/ or restructuring this file with ## ARC_POSITION vNN headers.
DEFECT4: skipping depth registry section section_06 (persona='Gen Z') — foreign to spine persona_id='educators'.
[enrichment_per_section] no ARC blocks parsed from /Users/ahjan/phoenix_omega/atoms/educators/anxiety/STORY/CANONICAL.txt; falling back to legacy prose-chunk path (degraded). Consider authoring story_atoms/ or restructuring this file with ## ARC_POSITION vNN headers.
DEFECT4: skipping depth registry section section_06 (persona='Gen Z') — foreign to spine persona_id='educators'.
[enrichment_per_section] no ARC blocks parsed from /Users/ahjan/phoenix_omega/atoms/educators/anxiety/STORY/CANONICAL.txt; falling back to legacy prose-chunk path (degraded). Consider authoring story_atoms/ or restructuring this file with ## ARC_POSITION vNN headers.
DEFECT4: skipping depth registry section section_03 (persona='Gen Z') — foreign to spine persona_id='educators'.
DEFECT4: skipping depth registry section section_04 (persona='Gen Z') — foreign to spine persona_id='educators'.
DEFECT4: skipping depth registry section section_05 (persona='Gen Z') — foreign to spine persona_id='educators'.
DEFECT4: skipping depth registry section section_06 (persona='Gen Z') — foreign to spine persona_id='educators'.
[enrichment_per_section] no ARC blocks parsed from /Users/ahjan/phoenix_omega/atoms/educators/anxiety/STORY/CANONICAL.txt; falling back to legacy prose-chunk path (degraded). Consider authoring story_atoms/ or restructuring this file with ## ARC_POSITION vNN headers.
DEFECT4: skipping depth registry section section_03 (persona='Gen Z') — foreign to spine persona_id='educators'.
DEFECT4: skipping depth registry section section_04 (persona='Gen Z') — foreign to spine persona_id='educators'.
DEFECT4: skipping depth registry section section_05 (persona='Gen Z') — foreign to spine persona_id='educators'.
DEFECT4: skipping depth registry section section_06 (persona='Gen Z') — foreign to spine persona_id='educators'.
[enrichment_per_section] no ARC blocks parsed from /Users/ahjan/phoenix_omega/atoms/educators/anxiety/STORY/CANONICAL.txt; falling back to legacy prose-chunk path (degraded). Consider authoring story_atoms/ or restructuring this file with ## ARC_POSITION vNN headers.
DEFECT4: skipping depth registry section section_03 (persona='Gen Z') — foreign to spine persona_id='educators'.
DEFECT4: skipping depth registry section section_04 (persona='Gen Z') — foreign to spine persona_id='educators'.
DEFECT4: skipping depth registry section section_05 (persona='Gen Z') — foreign to spine persona_id='educators'.
DEFECT4: skipping depth registry section section_06 (persona='Gen Z') — foreign to spine persona_id='educators'.
[enrichment_per_section] no ARC blocks parsed from /Users/ahjan/phoenix_omega/atoms/educators/anxiety/STORY/CANONICAL.txt; falling back to legacy prose-chunk path (degraded). Consider authoring story_atoms/ or restructuring this file with ## ARC_POSITION vNN headers.
[enrichment_per_section] no ARC blocks parsed from /Users/ahjan/phoenix_omega/atoms/educators/anxiety/STORY/CANONICAL.txt; falling back to legacy prose-chunk path (degraded). Consider authoring story_atoms/ or restructuring this file with ## ARC_POSITION vNN headers.
DEFECT4: skipping depth registry section section_03 (persona='Gen Z') — foreign to spine persona_id='educators'.
DEFECT4: skipping depth registry section section_04 (persona='Gen Z') — foreign to spine persona_id='educators'.
DEFECT4: skipping depth registry section section_05 (persona='Gen Z') — foreign to spine persona_id='educators'.
DEFECT4: skipping depth registry section section_06 (persona='Gen Z') — foreign to spine persona_id='educators'.
[enrichment_per_section] no ARC blocks parsed from /Users/ahjan/phoenix_omega/atoms/educators/anxiety/STORY/CANONICAL.txt; falling back to legacy prose-chunk path (degraded). Consider authoring story_atoms/ or restructuring this file with ## ARC_POSITION vNN headers.
DEFECT4: skipping depth registry section section_06 (persona='Gen Z') — foreign to spine persona_id='educators'.
[enrichment_per_section] no ARC blocks parsed from /Users/ahjan/phoenix_omega/atoms/educators/anxiety/STORY/CANONICAL.txt; falling back to legacy prose-chunk path (degraded). Consider authoring story_atoms/ or restructuring this file with ## ARC_POSITION vNN headers.
[enrichment_per_section] no ARC blocks parsed from /Users/ahjan/phoenix_omega/atoms/educators/anxiety/STORY/CANONICAL.txt; falling back to legacy prose-chunk path (degraded). Consider authoring story_atoms/ or restructuring this file with ## ARC_POSITION vNN headers.
[enrichment_per_section] no ARC blocks parsed from /Users/ahjan/phoenix_omega/atoms/educators/anxiety/SCENE/CANONICAL.txt; falling back to legacy prose-chunk path (degraded). Consider authoring story_atoms/ or restructuring this file with ## ARC_POSITION vNN headers.
DEFECT4: skipping depth registry section section_01 (persona='Gen Z') — foreign to spine persona_id='educators'.
DEFECT4: skipping depth registry section section_02 (persona='Gen Z') — foreign to spine persona_id='educators'.
DEFECT4: skipping depth registry section section_03 (persona='Gen Z') — foreign to spine persona_id='educators'.
DEFECT4: skipping depth registry section section_04 (persona='Gen Z') — foreign to spine persona_id='educators'.
DEFECT4: skipping depth registry section section_05 (persona='Gen Z') — foreign to spine persona_id='educators'.
DEFECT4: skipping depth registry section section_06 (persona='Gen Z') — foreign to spine persona_id='educators'.
[enrichment_per_section] no ARC blocks parsed from /Users/ahjan/phoenix_omega/atoms/educators/anxiety/STORY/CANONICAL.txt; falling back to legacy prose-chunk path (degraded). Consider authoring story_atoms/ or restructuring this file with ## ARC_POSITION vNN headers.
[enrichment_per_section] no ARC blocks parsed from /Users/ahjan/phoenix_omega/atoms/educators/anxiety/STORY/CANONICAL.txt; falling back to legacy prose-chunk path (degraded). Consider authoring story_atoms/ or restructuring this file with ## ARC_POSITION vNN headers.
DEFECT4: skipping depth registry section section_01 (persona='Gen Z') — foreign to spine persona_id='educators'.
DEFECT4: skipping depth registry section section_02 (persona='Gen Z') — foreign to spine persona_id='educators'.
[enrichment_per_section] no ARC blocks parsed from /Users/ahjan/phoenix_omega/atoms/educators/anxiety/HOOK/CANONICAL.txt; falling back to legacy prose-chunk path (degraded). Consider authoring story_atoms/ or restructuring this file with ## ARC_POSITION vNN headers.
DEFECT4: skipping depth registry section section_03 (persona='Gen Z') — foreign to spine persona_id='educators'.
DEFECT4: skipping depth registry section section_04 (persona='Gen Z') — foreign to spine persona_id='educators'.
DEFECT4: skipping depth registry section section_05 (persona='Gen Z') — foreign to spine persona_id='educators'.
DEFECT4: skipping depth registry section section_06 (persona='Gen Z') — foreign to spine persona_id='educators'.
DEFECT4: skipping depth registry section section_03 (persona='Gen Z') — foreign to spine persona_id='educators'.
DEFECT4: skipping depth registry section section_04 (persona='Gen Z') — foreign to spine persona_id='educators'.
DEFECT4: skipping depth registry section section_05 (persona='Gen Z') — foreign to spine persona_id='educators'.
DEFECT4: skipping depth registry section section_06 (persona='Gen Z') — foreign to spine persona_id='educators'.
[enrichment_per_section] no ARC blocks parsed from /Users/ahjan/phoenix_omega/atoms/educators/anxiety/STORY/CANONICAL.txt; falling back to legacy prose-chunk path (degraded). Consider authoring story_atoms/ or restructuring this file with ## ARC_POSITION vNN headers.
[enrichment_per_section] no ARC blocks parsed from /Users/ahjan/phoenix_omega/atoms/educators/anxiety/STORY/CANONICAL.txt; falling back to legacy prose-chunk path (degraded). Consider authoring story_atoms/ or restructuring this file with ## ARC_POSITION vNN headers.
[enrichment_per_section] no ARC blocks parsed from /Users/ahjan/phoenix_omega/atoms/educators/anxiety/SCENE/CANONICAL.txt; falling back to legacy prose-chunk path (degraded). Consider authoring story_atoms/ or restructuring this file with ## ARC_POSITION vNN headers.
DEFECT4: skipping depth registry section section_01 (persona='Gen Z') — foreign to spine persona_id='educators'.
DEFECT4: skipping depth registry section section_02 (persona='Gen Z') — foreign to spine persona_id='educators'.
[enrichment_per_section] no ARC blocks parsed from /Users/ahjan/phoenix_omega/atoms/educators/anxiety/HOOK/CANONICAL.txt; falling back to legacy prose-chunk path (degraded). Consider authoring story_atoms/ or restructuring this file with ## ARC_POSITION vNN headers.
DEFECT4: skipping depth registry section section_03 (persona='Gen Z') — foreign to spine persona_id='educators'.
DEFECT4: skipping depth registry section section_04 (persona='Gen Z') — foreign to spine persona_id='educators'.
DEFECT4: skipping depth registry section section_05 (persona='Gen Z') — foreign to spine persona_id='educators'.
DEFECT4: skipping depth registry section section_06 (persona='Gen Z') — foreign to spine persona_id='educators'.
DEFECT4: skipping depth registry section section_06 (persona='Gen Z') — foreign to spine persona_id='educators'.
[enrichment_per_section] no ARC blocks parsed from /Users/ahjan/phoenix_omega/atoms/educators/anxiety/STORY/CANONICAL.txt; falling back to legacy prose-chunk path (degraded). Consider authoring story_atoms/ or restructuring this file with ## ARC_POSITION vNN headers.
[enrichment_per_section] no ARC blocks parsed from /Users/ahjan/phoenix_omega/atoms/educators/anxiety/STORY/CANONICAL.txt; falling back to legacy prose-chunk path (degraded). Consider authoring story_atoms/ or restructuring this file with ## ARC_POSITION vNN headers.
DEFECT4: skipping depth registry section section_01 (persona='Gen Z') — foreign to spine persona_id='educators'.
DEFECT4: skipping depth registry section section_02 (persona='Gen Z') — foreign to spine persona_id='educators'.
DEFECT4: skipping depth registry section section_03 (persona='Gen Z') — foreign to spine persona_id='educators'.
DEFECT4: skipping depth registry section section_04 (persona='Gen Z') — foreign to spine persona_id='educators'.
DEFECT4: skipping depth registry section section_05 (persona='Gen Z') — foreign to spine persona_id='educators'.
DEFECT4: skipping depth registry section section_06 (persona='Gen Z') — foreign to spine persona_id='educators'.
[enrichment_per_section] no ARC blocks parsed from /Users/ahjan/phoenix_omega/atoms/educators/anxiety/STORY/CANONICAL.txt; falling back to legacy prose-chunk path (degraded). Consider authoring story_atoms/ or restructuring this file with ## ARC_POSITION vNN headers.
[enrichment_per_section] no ARC blocks parsed from /Users/ahjan/phoenix_omega/atoms/educators/anxiety/STORY/CANONICAL.txt; falling back to legacy prose-chunk path (degraded). Consider authoring story_atoms/ or restructuring this file with ## ARC_POSITION vNN headers.
DEFECT4: skipping depth registry section section_01 (persona='Gen Z') — foreign to spine persona_id='educators'.
DEFECT4: skipping depth registry section section_02 (persona='Gen Z') — foreign to spine persona_id='educators'.
[enrichment_per_section] no ARC blocks parsed from /Users/ahjan/phoenix_omega/atoms/educators/anxiety/HOOK/CANONICAL.txt; falling back to legacy prose-chunk path (degraded). Consider authoring story_atoms/ or restructuring this file with ## ARC_POSITION vNN headers.
DEFECT4: skipping depth registry section section_03 (persona='Gen Z') — foreign to spine persona_id='educators'.
DEFECT4: skipping depth registry section section_04 (persona='Gen Z') — foreign to spine persona_id='educators'.
DEFECT4: skipping depth registry section section_05 (persona='Gen Z') — foreign to spine persona_id='educators'.
DEFECT4: skipping depth registry section section_06 (persona='Gen Z') — foreign to spine persona_id='educators'.
DEFECT4: skipping depth registry section section_03 (persona='Gen Z') — foreign to spine persona_id='educators'.
DEFECT4: skipping depth registry section section_04 (persona='Gen Z') — foreign to spine persona_id='educators'.
DEFECT4: skipping depth registry section section_05 (persona='Gen Z') — foreign to spine persona_id='educators'.
DEFECT4: skipping depth registry section section_06 (persona='Gen Z') — foreign to spine persona_id='educators'.
[enrichment_per_section] no ARC blocks parsed from /Users/ahjan/phoenix_omega/atoms/educators/anxiety/STORY/CANONICAL.txt; falling back to legacy prose-chunk path (degraded). Consider authoring story_atoms/ or restructuring this file with ## ARC_POSITION vNN headers.
Exercise journey outcome mismatch ch=1 thesis=anxiety_spike violations=['awareness: need>=0.750 got=0.500', 'integration: need>=0.450 got=0.000']
Exercise journey outcome mismatch ch=2 thesis=anxiety_spike violations=['awareness: need>=0.750 got=0.500', 'integration: need>=0.450 got=0.000']
Exercise journey outcome mismatch ch=3 thesis=unnamed_feeling violations=['awareness: need>=0.900 got=0.500', 'integration: need>=0.400 got=0.000']
Exercise journey outcome mismatch ch=4 thesis=anxiety_spike violations=['awareness: need>=0.750 got=0.500', 'regulation: need>=0.850 got=0.500']
Exercise journey outcome mismatch ch=5 thesis=anxiety_spike violations=['awareness: need>=0.750 got=0.500', 'regulation: need>=0.850 got=0.500']
Exercise journey outcome mismatch ch=6 thesis=emotional_overwhelm violations=['awareness: need>=0.650 got=0.500', 'integration: need>=0.500 got=0.000']
Exercise journey outcome mismatch ch=7 thesis=unnamed_feeling violations=['awareness: need>=0.900 got=0.500']
Exercise journey outcome mismatch ch=8 thesis=emotional_overwhelm violations=['awareness: need>=0.650 got=0.500']
Exercise journey outcome mismatch ch=9 thesis=anxiety_spike violations=['awareness: need>=0.750 got=0.500', 'regulation: need>=0.850 got=0.500']
Exercise journey outcome mismatch ch=10 thesis=unnamed_feeling violations=['awareness: need>=0.900 got=0.500', 'integration: need>=0.400 got=0.000']
Exercise journey outcome mismatch ch=11 thesis=anxiety_spike violations=['awareness: need>=0.750 got=0.500', 'integration: need>=0.450 got=0.000']
Exercise journey outcome mismatch ch=12 thesis=unnamed_feeling violations=['awareness: need>=0.900 got=0.500', 'integration: need>=0.400 got=0.000']
Exercise governance: dropped EXERCISE slot in chapter 1 (cap=0).
Exercise governance: dropped EXERCISE slot in chapter 1 (cap=0).
EXERCISE FALLBACK: Using library_34 for chapter 0 topic anxiety persona educators. No registry or teacher exercise was available for this slot — add EXERCISE coverage upstream if this is unexpected.
Exercise governance: dropped EXERCISE slot in chapter 12 (cap=0).
Exercise governance: dropped EXERCISE slot in chapter 12 (cap=0).
Chapter contract: chapter 12: emotional_job 'resolution' matches previous chapter — escalation contract may be weak
EXERCISE FALLBACK: Using library_34 for chapter 11 topic anxiety persona educators. No registry or teacher exercise was available for this slot — add EXERCISE coverage upstream if this is unexpected.
Scene anchor density cap: FAIL — repeated >3-word phrases exceed cap 3. Report: /Users/ahjan/phoenix_omega/artifacts/pearl_prime/fix_wave_rebuild_20260614/bridge/scene_anchor_density_report.json
Chapter flow gate: PASS (0/12 failed). Report: /Users/ahjan/phoenix_omega/artifacts/pearl_prime/fix_wave_rebuild_20260614/bridge/chapter_flow_report.json
Bestseller craft gate (advisory): PASS — overall ONTGP score 0.67
Scene anti-genericity gate WARN. Report: /Users/ahjan/phoenix_omega/artifacts/pearl_prime/fix_wave_rebuild_20260614/bridge/scene_gate/spine-anxiety.json
EI V2: PASS — composite 0.65. Report: /Users/ahjan/phoenix_omega/artifacts/pearl_prime/fix_wave_rebuild_20260614/bridge/ei_v2_report.json
Editorial report: WARN — thesis drift 0 chapters, ONTGP 0.67, flow 1.00. Report: /Users/ahjan/phoenix_omega/artifacts/pearl_prime/fix_wave_rebuild_20260614/bridge/editorial_report.json
Memorable lines: 12 chapters with >=2 quotable lines / 12. Report: /Users/ahjan/phoenix_omega/artifacts/pearl_prime/fix_wave_rebuild_20260614/bridge/memorable_line_report.json
Transformation arc: WARN. Report: /Users/ahjan/phoenix_omega/artifacts/pearl_prime/fix_wave_rebuild_20260614/bridge/transformation_heatmap.json
Book pass gate: FAIL. Report: /Users/ahjan/phoenix_omega/artifacts/pearl_prime/fix_wave_rebuild_20260614/bridge/book_pass_report.json
Pearl Prime book quality gate: Hold (fail=0 hold=1) — /Users/ahjan/phoenix_omega/artifacts/pearl_prime/fix_wave_rebuild_20260614/bridge/book_quality_report.json
