WARNING: --no-job-check: pipeline job enforcement disabled (CI/testing only).
Warning: atoms_model missing in spec; derived from config (legacy_personas) -> legacy
Template routing: anxiety×gen_z_professionals×standard_book → v2_somatic
EXERCISE FALLBACK: Using library_34 for chapter 0 topic anxiety persona gen_z_professionals. No registry or teacher exercise was available for this slot — add EXERCISE coverage upstream if this is unexpected.
EXERCISE FALLBACK: Using library_34 for chapter 0 topic anxiety persona gen_z_professionals. No registry or teacher exercise was available for this slot — add EXERCISE coverage upstream if this is unexpected.
EXERCISE FALLBACK: Using library_34 for chapter 1 topic anxiety persona gen_z_professionals. No registry or teacher exercise was available for this slot — add EXERCISE coverage upstream if this is unexpected.
EXERCISE FALLBACK: Using library_34 for chapter 1 topic anxiety persona gen_z_professionals. No registry or teacher exercise was available for this slot — add EXERCISE coverage upstream if this is unexpected.
EXERCISE FALLBACK: Using library_34 for chapter 2 topic anxiety persona gen_z_professionals. No registry or teacher exercise was available for this slot — add EXERCISE coverage upstream if this is unexpected.
EXERCISE FALLBACK: Using library_34 for chapter 2 topic anxiety persona gen_z_professionals. No registry or teacher exercise was available for this slot — add EXERCISE coverage upstream if this is unexpected.
EXERCISE FALLBACK: Using library_34 for chapter 3 topic anxiety persona gen_z_professionals. No registry or teacher exercise was available for this slot — add EXERCISE coverage upstream if this is unexpected.
EXERCISE FALLBACK: Using library_34 for chapter 3 topic anxiety persona gen_z_professionals. No registry or teacher exercise was available for this slot — add EXERCISE coverage upstream if this is unexpected.
EXERCISE FALLBACK: Using library_34 for chapter 4 topic anxiety persona gen_z_professionals. No registry or teacher exercise was available for this slot — add EXERCISE coverage upstream if this is unexpected.
EXERCISE FALLBACK: Using library_34 for chapter 4 topic anxiety persona gen_z_professionals. No registry or teacher exercise was available for this slot — add EXERCISE coverage upstream if this is unexpected.
EXERCISE FALLBACK: Using library_34 for chapter 5 topic anxiety persona gen_z_professionals. No registry or teacher exercise was available for this slot — add EXERCISE coverage upstream if this is unexpected.
EXERCISE FALLBACK: Using library_34 for chapter 5 topic anxiety persona gen_z_professionals. No registry or teacher exercise was available for this slot — add EXERCISE coverage upstream if this is unexpected.
EXERCISE FALLBACK: Using library_34 for chapter 6 topic anxiety persona gen_z_professionals. No registry or teacher exercise was available for this slot — add EXERCISE coverage upstream if this is unexpected.
EXERCISE FALLBACK: Using library_34 for chapter 6 topic anxiety persona gen_z_professionals. No registry or teacher exercise was available for this slot — add EXERCISE coverage upstream if this is unexpected.
EXERCISE FALLBACK: Using library_34 for chapter 7 topic anxiety persona gen_z_professionals. No registry or teacher exercise was available for this slot — add EXERCISE coverage upstream if this is unexpected.
EXERCISE FALLBACK: Using library_34 for chapter 7 topic anxiety persona gen_z_professionals. No registry or teacher exercise was available for this slot — add EXERCISE coverage upstream if this is unexpected.
EXERCISE FALLBACK: Using library_34 for chapter 8 topic anxiety persona gen_z_professionals. No registry or teacher exercise was available for this slot — add EXERCISE coverage upstream if this is unexpected.
EXERCISE FALLBACK: Using library_34 for chapter 8 topic anxiety persona gen_z_professionals. No registry or teacher exercise was available for this slot — add EXERCISE coverage upstream if this is unexpected.
EXERCISE FALLBACK: Using library_34 for chapter 9 topic anxiety persona gen_z_professionals. No registry or teacher exercise was available for this slot — add EXERCISE coverage upstream if this is unexpected.
EXERCISE FALLBACK: Using library_34 for chapter 9 topic anxiety persona gen_z_professionals. No registry or teacher exercise was available for this slot — add EXERCISE coverage upstream if this is unexpected.
EXERCISE FALLBACK: Using library_34 for chapter 10 topic anxiety persona gen_z_professionals. No registry or teacher exercise was available for this slot — add EXERCISE coverage upstream if this is unexpected.
EXERCISE FALLBACK: Using library_34 for chapter 10 topic anxiety persona gen_z_professionals. No registry or teacher exercise was available for this slot — add EXERCISE coverage upstream if this is unexpected.
EXERCISE FALLBACK: Using library_34 for chapter 11 topic anxiety persona gen_z_professionals. No registry or teacher exercise was available for this slot — add EXERCISE coverage upstream if this is unexpected.
EXERCISE FALLBACK: Using library_34 for chapter 11 topic anxiety persona gen_z_professionals. No registry or teacher exercise was available for this slot — add EXERCISE coverage upstream if this is unexpected.
Exercise governance: dropped EXERCISE slot in chapter 1 (cap=0).
Exercise governance: dropped EXERCISE slot in chapter 1 (cap=0).
EXERCISE FALLBACK: Using library_34 for chapter 0 topic anxiety persona gen_z_professionals. No registry or teacher exercise was available for this slot — add EXERCISE coverage upstream if this is unexpected.
Exercise governance: dropped EXERCISE slot in chapter 2 (cap=1).
Exercise governance: dropped EXERCISE slot in chapter 3 (cap=1).
Exercise governance: dropped EXERCISE slot in chapter 4 (cap=1).
Exercise governance: dropped EXERCISE slot in chapter 6 (cap=1).
Exercise governance: dropped EXERCISE slot in chapter 7 (cap=1).
Exercise governance: dropped EXERCISE slot in chapter 8 (cap=1).
Exercise governance: dropped EXERCISE slot in chapter 10 (cap=1).
Exercise governance: dropped EXERCISE slot in chapter 11 (cap=1).
Exercise governance: dropped EXERCISE slot in chapter 12 (cap=0).
Exercise governance: dropped EXERCISE slot in chapter 12 (cap=0).
Chapter contract: chapter 12: emotional_job 'resolution' matches previous chapter — escalation contract may be weak
EXERCISE FALLBACK: Using library_34 for chapter 11 topic anxiety persona gen_z_professionals. No registry or teacher exercise was available for this slot — add EXERCISE coverage upstream if this is unexpected.
Chapter flow gate: PASS (0/12 failed). Report: artifacts/pilot_routing/book_01_anxiety_genz/chapter_flow_report.json
Bestseller craft gate (advisory): PASS — overall ONTGP score 0.59
EI V2: PASS — composite 0.64. Report: artifacts/pilot_routing/book_01_anxiety_genz/ei_v2_report.json
Editorial report: WARN — thesis drift 0 chapters, ONTGP 0.59, flow 1.00. Report: artifacts/pilot_routing/book_01_anxiety_genz/editorial_report.json
Memorable lines: 7 chapters with >=2 quotable lines / 12. Report: artifacts/pilot_routing/book_01_anxiety_genz/memorable_line_report.json
Transformation arc: PASS. Report: artifacts/pilot_routing/book_01_anxiety_genz/transformation_heatmap.json
Book pass gate: PASS. Report: artifacts/pilot_routing/book_01_anxiety_genz/book_pass_report.json
Pearl Prime book quality gate: Hold (fail=0 hold=1) — artifacts/pilot_routing/book_01_anxiety_genz/book_quality_report.json
Rendered book (spine mode): artifacts/pilot_routing/book_01_anxiety_genz/book.txt
Quality summary: artifacts/pilot_routing/book_01_anxiety_genz/quality_summary.json
