ahjan img_001 → queue …
ahjan img_002 → queue …
ahjan img_003 → queue …
ahjan img_004 → queue …
ahjan img_005 → queue …
ahjan img_006 → queue …
ahjan img_007 → queue …
ahjan img_008 → queue …
ahjan img_009 → queue …
ahjan img_010 → queue …
ahjan img_011 → queue …
ahjan img_012 → queue …
ahjan img_013 → queue …
ahjan img_014 → queue …
ahjan img_015 → queue …
ahjan img_016 → queue …
ahjan img_017 → queue …
ahjan img_018 → queue …
ahjan img_019 → queue …
ahjan img_020 → queue …
joshin img_001 → queue …
joshin img_002 → queue …
joshin img_003 → queue …
joshin img_004 → queue …
joshin img_005 → queue …
joshin img_006 → queue …
joshin img_007 → queue …
joshin img_008 → queue …
joshin img_009 → queue …
joshin img_010 → queue …
joshin img_011 → queue …
joshin img_012 → queue …
joshin img_013 → queue …
joshin img_014 → queue …
joshin img_015 → queue …
joshin img_016 → queue …
joshin img_017 → queue …
joshin img_018 → queue …
joshin img_019 → queue …
joshin img_020 → queue …
ajahn_x img_001 → queue …
ajahn_x img_002 → queue …
ajahn_x img_003 → queue …
ajahn_x img_004 → queue …
ajahn_x img_005 → queue …
ajahn_x img_006 → queue …
ajahn_x img_007 → queue …
ajahn_x img_008 → queue …
ajahn_x img_009 → queue …
ajahn_x img_010 → queue …
ajahn_x img_011 → queue …
ajahn_x img_012 → queue …
ajahn_x img_013 → queue …
ajahn_x img_014 → queue …
ajahn_x img_015 → queue …
ajahn_x img_016 → queue …
ajahn_x img_017 → queue …
ajahn_x img_018 → queue …
ajahn_x img_019 → queue …
ajahn_x img_020 → queue …
pamela_fellows img_001 → queue …
pamela_fellows img_002 → queue …
pamela_fellows img_003 → queue …
pamela_fellows img_004 → queue …
pamela_fellows img_005 → queue …
pamela_fellows img_006 → queue …
pamela_fellows img_007 → queue …
pamela_fellows img_008 → queue …
pamela_fellows img_009 → queue …
pamela_fellows img_010 → queue …
pamela_fellows img_011 → queue …
pamela_fellows img_012 → queue …
pamela_fellows img_013 → queue …
pamela_fellows img_014 → queue …
pamela_fellows img_015 → queue …
pamela_fellows img_016 → queue …
pamela_fellows img_017 → queue …
pamela_fellows img_018 → queue …
pamela_fellows img_019 → queue …
pamela_fellows img_020 → queue …
master_wu img_001 → queue …
master_wu img_002 → queue …
master_wu img_003 → queue …
master_wu img_004 → queue …
master_wu img_005 → queue …
master_wu img_006 → queue …
master_wu img_007 → queue …
master_wu img_008 → queue …
master_wu img_009 → queue …
master_wu img_010 → queue …
master_wu img_011 → queue …
master_wu img_012 → queue …
master_wu img_013 → queue …
master_wu img_014 → queue …
master_wu img_015 → queue …
master_wu img_016 → queue …
master_wu img_017 → queue …
master_wu img_018 → queue …
master_wu img_019 → queue …
master_wu img_020 → queue …
miki img_001 → queue …
miki img_002 → queue …
miki img_003 → queue …
miki img_004 → queue …
miki img_005 → queue …
miki img_006 → queue …
miki img_007 → queue …
miki img_008 → queue …
miki img_009 → queue …
miki img_010 → queue …
miki img_011 → queue …
miki img_012 → queue …
miki img_013 → queue …
miki img_014 → queue …
miki img_015 → queue …
miki img_016 → queue …
miki img_017 → queue …
miki img_018 → queue …
miki img_019 → queue …
miki img_020 → queue …
junko img_001 → queue …
junko img_002 → queue …
junko img_003 → queue …
junko img_004 → queue …
junko img_005 → queue …
junko img_006 → queue …
junko img_007 → queue …
junko img_008 → queue …
junko img_009 → queue …
junko img_010 → queue …
junko img_011 → queue …
junko img_012 → queue …
junko img_013 → queue …
junko img_014 → queue …
junko img_015 → queue …
junko img_016 → queue …
junko img_017 → queue …
junko img_018 → queue …
junko img_019 → queue …
junko img_020 → queue …
master_sha img_001 → queue …
master_sha img_002 → queue …
master_sha img_003 → queue …
master_sha img_004 → queue …
master_sha img_005 → queue …
master_sha img_006 → queue …
master_sha img_007 → queue …
master_sha img_008 → queue …
master_sha img_009 → queue …
master_sha img_010 → queue …
master_sha img_011 → queue …
master_sha img_012 → queue …
master_sha img_013 → queue …
master_sha img_014 → queue …
master_sha img_015 → queue …
master_sha img_016 → queue …
master_sha img_017 → queue …
master_sha img_018 → queue …
master_sha img_019 → queue …
master_sha img_020 → queue …
ra img_001 → queue …
ra img_002 → queue …
ra img_003 → queue …
ra img_004 → queue …
ra img_005 → queue …
ra img_006 → queue …
ra img_007 → queue …
